330.3153912532674,0.1030571460723877,0,0,False
356.6816090885884,0.09920597076416016,0,0,False
276.93062005368733,0.10537219047546387,0,0,False
356.6816090885884,0.11003565788269043,0,0,False
308.9449804778691,0.13019180297851562,0,0,False
277.58295558262535,0.11476683616638184,0,0,False
330.31539125326736,0.1271800994873047,0,0,False
308.9491734179463,0.13511300086975098,0,0,False
361.6816090885884,0.14136576652526855,0,0,False
351.53426991682215,0.14714384078979492,0,0,False
308.9491734179463,0.1843407154083252,0,0,False
309.61044400928154,0.14518022537231445,0,0,False
308.9491734179463,0.15227675437927246,0,0,False
277.5787626425481,0.17948269844055176,0,0,False
350.81875002472214,0.18628907203674316,0,0,False
224.85945497438044,0.1821444034576416,0,0,False
197.33536973114093,0.21110057830810547,0,0,False
320.1911861249415,0.17816638946533203,0,0,False
281.93062005368733,0.18857121467590332,0,0,False
361.6816090885884,0.2043595314025879,0,0,False
251.8780083386395,0.21187758445739746,0,0,False
283.4123733369963,0.21715497970581055,0,0,False
414.4140447592304,0.25941944122314453,0,0,False
257.0461555016753,0.1945793628692627,0,0,False
288.4123733369963,0.20497393608093262,0,0,False
308.9491734179463,0.21945953369140625,0,0,False
281.93062005368733,0.22543764114379883,0,0,False
309.7785911723173,0.23079156875610352,0,0,False
325.48944588634447,0.2789022922515869,0,0,False
356.6816090885884,0.22681879997253418,0,0,False
251.2125448072271,0.26053714752197266,0,0,False
317.3246576019384,0.2621951103210449,0,0,False
316.8314597752334,0.25922179222106934,0,0,False
335.3153912532674,0.26032304763793945,0,0,False
377.1849678600431,0.3699827194213867,0,0,False
264.5922219312964,0.27959489822387695,0,0,False
383.0478269239094,0.3083338737487793,0,0,False
335.31539125326736,0.3072855472564697,0,0,False
282.58295558262535,0.3168485164642334,0,0,False
283.2442261739605,0.3374485969543457,0,0,False
335.3153912532674,0.39949846267700195,0,0,False
335.3153912532673,0.32886266708374023,0,0,False
330.1680520815012,0.3488764762878418,0,0,False
54.07540436833391,0.3528554439544678,0,0,False
235.28594215682602,0.33296632766723633,0,0,False
81.88564341424204,0.3224937915802002,0,0,False
199.20813544561832,0.4045572280883789,0,0,False
195.62934297321726,0.35164952278137207,0,0,False
246.4889376714572,0.3621940612792969,0,0,False
16.99467935657085,0.3872709274291992,0,0,False
214.78895281920296,0.3962249755859375,0,0,False
188.36903201073352,0.3533015251159668,0,0,False
108.61804297583244,0.46140146255493164,0,0,False
129.73159751096128,0.35971689224243164,0,0,False
228.54584885410725,0.35767126083374023,0,0,False
152.7307656881553,0.3703348636627197,0,0,False
193.76578266671106,0.37731289863586426,0,0,False
361.68160908858835,0.3789346218109131,0,0,False
238.22181115589814,0.475921630859375,0,0,False
135.4261533261768,0.3729705810546875,0,0,False
207.16368612368288,0.38715291023254395,0,0,False
335.31539125326736,0.3991217613220215,0,0,False
70.84988078108442,0.41291189193725586,0,0,False
230.90819555579725,0.41411542892456055,0,0,False
197.82777360764703,0.519110918045044,0,0,False
162.4952180519186,0.4589526653289795,0,0,False
102.77243532131614,0.44355010986328125,0,0,False
241.3876214840442,0.43101000785827637,0,0,False
188.36903201073352,0.4497859477996826,0,0,False
223.70158756646197,0.4465172290802002,0,0,False
244.05542185034636,0.5851912498474121,0,0,False
286.1324943996945,0.4430394172668457,0,0,False
211.20745073171634,0.44557642936706543,0,0,False
200.01893245707836,0.45868992805480957,0,0,False
157.90382534306158,0.46503114700317383,0,0,False
138.036025402248,0.4731101989746094,0,0,False
72.33163406439344,0.5953898429870605,0,0,False
236.34120825768946,0.47138166427612305,0,0,False
229.84213403182883,0.4748833179473877,0,0,False
109.55233936736185,0.49008607864379883,0,0,False
170.9822798982943,0.49615049362182617,0,0,False
33.35151602098501,0.49820780754089355,0,0,False
126.13700951518456,0.7913835048675537,0,0,False
124.56345034792545,0.49294114112854004,0,0,False
67.1634869013576,0.5148594379425049,0,0,False
162.1716808902416,0.5474846363067627,0,0,False
134.4918569346474,0.5281155109405518,0,0,False
208.16898042558915,0.5369577407836914,0,0,False
151.91447593625867,0.6820979118347168,0,0,False
198.49323713905943,0.5311241149902344,0,0,False
119.39039069301916,0.533726692199707,0,0,False
183.60877258704744,0.5516798496246338,0,0,False
161.51041029890638,0.5909647941589355,0,0,False
162.66408476674766,0.5581943988800049,0,0,False
190.46119581018144,0.7069263458251953,0,0,False
236.83361213419556,0.560004472732544,0,0,False
135.80546305492055,0.5636370182037354,0,0,False
220.55573253802837,0.577674150466919,0,0,False
214.73524984605453,0.5920126438140869,0,0,False
16.99467935657085,0.5870687961578369,0,0,False
16.99467935657085,0.7426230907440186,0,0,False
16.99467935657085,0.5775001049041748,0,0,False
16.99467935657085,0.5967562198638916,0,0,False
16.99467935657085,0.6071836948394775,0,0,False
16.99467935657085,0.6133501529693604,0,0,False
16.99467935657085,0.6199319362640381,0,0,False
16.99467935657085,0.7925870418548584,0,0,False
16.99467935657085,0.6148397922515869,0,0,False
16.99467935657085,0.6229372024536133,0,0,False
16.99467935657085,0.6376743316650391,0,0,False
16.99467935657085,0.6480739116668701,0,0,False
16.99467935657085,0.6463603973388672,0,0,False
16.99467935657085,0.8158152103424072,0,0,False
16.99467935657085,0.6404786109924316,0,0,False
16.99467935657085,0.648993968963623,0,0,False
16.99467935657085,0.665837287902832,0,0,False
16.99467935657085,0.6720046997070312,0,0,False
16.99467935657085,0.6797866821289062,0,0,False
16.99467935657085,0.865469217300415,0,0,False
16.99467935657085,0.6857223510742188,0,0,False
16.99467935657085,0.6793105602264404,0,0,False
16.99467935657085,0.6983613967895508,0,0,False
16.99467935657085,0.7066776752471924,0,0,False
16.99467935657085,0.8279726505279541,0,0,False
16.99467935657085,0.9823734760284424,0,0,False
16.99467935657085,0.7996490001678467,0,0,False
16.99467935657085,0.804572582244873,0,0,False
16.99467935657085,0.8209431171417236,0,0,False
16.99467935657085,0.8275678157806396,0,0,False
16.99467935657085,0.8421895503997803,0,0,False
16.99467935657085,1.0622355937957764,0,0,False
16.99467935657085,0.8403711318969727,0,0,False
16.99467935657085,0.847144365310669,0,0,False
16.99467935657085,0.9119052886962891,0,0,False
16.99467935657085,0.8717613220214844,0,0,False
16.99467935657085,0.8071632385253906,0,0,False
16.99467935657085,0.9944090843200684,0,0,False
16.99467935657085,0.7944169044494629,0,0,False
16.99467935657085,0.8893032073974609,0,0,False
16.99467935657085,0.7921724319458008,0,0,False
16.99467935657085,0.802675724029541,0,0,False
16.99467935657085,0.8346762657165527,0,0,False
16.99467935657085,1.0540080070495605,0,0,False
16.99467935657085,0.8044016361236572,0,0,False
16.99467935657085,0.8105194568634033,0,0,False
16.99467935657085,0.8218631744384766,0,0,False
16.99467935657085,0.8285739421844482,0,0,False
16.99467935657085,0.8347892761230469,0,0,False
16.99467935657085,1.0672709941864014,0,0,False
16.99467935657085,0.9567816257476807,0,0,False
16.99467935657085,0.919856071472168,0,0,False
16.99467935657085,0.857431173324585,0,0,False
16.99467935657085,0.8652379512786865,0,0,False
16.99467935657085,0.8631598949432373,0,0,False
16.99467935657085,1.5066914558410645,0,0,False
16.99467935657085,0.8632798194885254,0,0,False
16.99467935657085,0.8740952014923096,0,0,False
16.99467935657085,0.9633708000183105,0,0,False
16.99467935657085,0.9713342189788818,0,0,False
16.99467935657085,0.897230863571167,0,0,False
16.99467935657085,1.1637988090515137,0,0,False
16.99467935657085,0.9051809310913086,0,0,False
16.99467935657085,0.9076695442199707,0,0,False
16.99467935657085,0.9147517681121826,0,0,False
16.99467935657085,0.9244146347045898,0,0,False
16.99467935657085,0.925614595413208,0,0,False
16.99467935657085,1.1909658908843994,0,0,False
16.99467935657085,0.9653630256652832,0,0,False
16.99467935657085,0.9396421909332275,0,0,False
16.99467935657085,0.9561989307403564,0,0,False
16.99467935657085,0.9562561511993408,0,0,False
16.99467935657085,0.9599108695983887,0,0,False
16.99467935657085,1.2118902206420898,0,0,False
16.99467935657085,0.9756214618682861,0,0,False
16.99467935657085,0.9998750686645508,0,0,False
16.99467935657085,1.099985122680664,0,0,False
16.99467935657085,1.1433372497558594,0,0,False
16.99467935657085,1.1462786197662354,0,0,False
16.99467935657085,1.4298937320709229,0,0,False
16.99467935657085,1.1693682670593262,0,0,False
16.99467935657085,1.1704316139221191,0,0,False
16.99467935657085,1.1666111946105957,0,0,False
16.99467935657085,1.1975231170654297,0,0,False
16.99467935657085,1.176619291305542,0,0,False
16.99467935657085,1.5741147994995117,0,0,False
16.99467935657085,1.1983063220977783,0,0,False
16.99467935657085,1.2043845653533936,0,0,False
16.99467935657085,1.3144371509552002,0,0,False
16.99467935657085,1.2347512245178223,0,0,False
16.99467935657085,1.2120487689971924,0,0,False
16.99467935657085,1.588223934173584,0,0,False
16.99467935657085,1.288194179534912,0,0,False
16.99467935657085,1.2476494312286377,0,0,False
16.99467935657085,1.2698094844818115,0,0,False
16.99467935657085,1.2666711807250977,0,0,False
16.99467935657085,1.2688980102539062,0,0,False
16.99467935657085,1.557978868484497,0,0,False
16.99467935657085,1.3247125148773193,0,0,False
16.99467935657085,1.313265323638916,0,0,False
16.99467935657085,1.2978689670562744,0,0,False
16.99467935657085,1.3256895542144775,0,0,False
16.99467935657085,1.3225610256195068,0,0,False
16.99467935657085,1.6171817779541016,0,0,False
16.99467935657085,1.350367784500122,0,0,False
16.99467935657085,1.339512586593628,0,0,False
16.99467935657085,1.3667640686035156,0,0,False
16.99467935657085,1.3613712787628174,0,0,False
16.99467935657085,1.3693022727966309,0,0,False
16.99467935657085,1.710629940032959,0,0,False
16.99467935657085,1.3502907752990723,0,0,False
16.99467935657085,1.3835275173187256,0,0,False
16.99467935657085,1.3621606826782227,0,0,False
16.99467935657085,1.3754806518554688,0,0,False
16.99467935657085,1.3823144435882568,0,0,False
16.99467935657085,1.7041280269622803,0,0,False
16.99467935657085,1.424262285232544,0,0,False
16.99467935657085,1.3706915378570557,0,0,False
16.99467935657085,1.4486777782440186,0,0,False
16.99467935657085,1.4985682964324951,0,0,False
16.99467935657085,1.4819831848144531,0,0,False
16.99467935657085,1.7971386909484863,0,0,False
16.99467935657085,1.5047125816345215,0,0,False
16.99467935657085,1.5453054904937744,0,0,False
16.99467935657085,1.5139014720916748,0,0,False
16.99467935657085,1.5039327144622803,0,0,False
16.99467935657085,1.5014183521270752,0,0,False
16.99467935657085,2.42069935798645,0,0,False
16.99467935657085,1.4683506488800049,0,0,False
16.99467935657085,1.5392706394195557,0,0,False
16.99467935657085,1.5964128971099854,0,0,False
16.99467935657085,1.5204792022705078,0,0,False
16.99467935657085,1.5439550876617432,0,0,False
16.99467935657085,1.8971331119537354,0,0,False
16.99467935657085,1.641115665435791,0,0,False
16.99467935657085,1.573929786682129,0,0,False
16.99467935657085,1.5792574882507324,0,0,False
16.99467935657085,1.572598934173584,0,0,False
16.99467935657085,1.5797817707061768,0,0,False
16.99467935657085,2.0050110816955566,0,0,False
16.99467935657085,1.6314129829406738,0,0,False
16.99467935657085,1.6321673393249512,0,0,False
16.99467935657085,1.6744883060455322,0,0,False
16.99467935657085,1.6357636451721191,0,0,False
16.99467935657085,1.6647474765777588,0,0,False
16.99467935657085,2.001462697982788,0,0,False
16.99467935657085,1.676337718963623,0,0,False
16.99467935657085,1.6645972728729248,0,0,False
16.99467935657085,1.7188081741333008,0,0,False
16.99467935657085,1.6933825016021729,0,0,False
16.99467935657085,1.690258502960205,0,0,False
16.99467935657085,2.094344139099121,0,0,False
16.99467935657085,1.7452776432037354,0,0,False
16.99467935657085,1.7190577983856201,0,0,False
16.99467935657085,1.7444195747375488,0,0,False
16.99467935657085,1.814155101776123,0,0,False
16.99467935657085,1.722217321395874,0,0,False
16.99467935657085,2.1305909156799316,0,0,False
16.99467935657085,1.7288720607757568,0,0,False
16.99467935657085,1.7164051532745361,0,0,False
16.99467935657085,1.775573968887329,0,0,False
16.99467935657085,1.7959010601043701,0,0,False
16.99467935657085,1.8130886554718018,0,0,False
16.99467935657085,2.2376463413238525,0,0,False
16.99467935657085,1.847782850265503,0,0,False
16.99467935657085,1.7606267929077148,0,0,False
16.99467935657085,1.8002099990844727,0,0,False
16.99467935657085,1.8585355281829834,0,0,False
16.99467935657085,1.8531067371368408,0,0,False
16.99467935657085,2.205637216567993,0,0,False
16.99467935657085,1.8503074645996094,0,0,False
16.99467935657085,1.9477159976959229,0,0,False
16.99467935657085,1.9050054550170898,0,0,False
16.99467935657085,1.877504587173462,0,0,False
16.99467935657085,1.8767225742340088,0,0,False
16.99467935657085,2.270719528198242,0,0,False
16.99467935657085,1.8451943397521973,0,0,False
16.99467935657085,1.9450502395629883,0,0,False
16.99467935657085,1.923086404800415,0,0,False
16.99467935657085,1.9503943920135498,0,0,False
16.99467935657085,1.9707043170928955,0,0,False
16.99467935657085,2.3804540634155273,0,0,False
16.99467935657085,1.9784495830535889,0,0,False
16.99467935657085,1.8995766639709473,0,0,False
16.99467935657085,2.008573055267334,0,0,False
16.99467935657085,2.0177764892578125,0,0,False
16.99467935657085,2.1137166023254395,0,0,False
16.99467935657085,2.450678825378418,0,0,False
16.99467935657085,2.053989887237549,0,0,False
16.99467935657085,2.0081233978271484,0,0,False
16.99467935657085,2.0144529342651367,0,0,False
16.99467935657085,2.0580079555511475,0,0,False
16.99467935657085,2.0939531326293945,0,0,False
16.99467935657085,2.4973559379577637,0,0,False
16.99467935657085,2.0719027519226074,0,0,False
16.99467935657085,2.1265106201171875,0,0,False
16.99467935657085,2.119551420211792,0,0,False
16.99467935657085,2.128377676010132,0,0,False
16.99467935657085,2.108917474746704,0,0,False
16.99467935657085,3.359171152114868,0,0,False
16.99467935657085,2.1300289630889893,0,0,False
16.99467935657085,2.1446633338928223,0,0,False
16.99467935657085,1.766906499862671,0,0,False
16.99467935657085,2.1464362144470215,0,0,False
16.99467935657085,2.130023956298828,0,0,False
16.99467935657085,2.6253037452697754,0,0,False
16.99467935657085,2.1738643646240234,0,0,False
16.99467935657085,2.1777307987213135,0,0,False
16.99467935657085,2.227144479751587,0,0,False
16.99467935657085,2.1659529209136963,0,0,False
16.99467935657085,2.1152522563934326,0,0,False
16.99467935657085,2.7147598266601562,0,0,False
16.99467935657085,2.2498888969421387,0,0,False
16.99467935657085,2.2270994186401367,0,0,False
16.99467935657085,2.215588331222534,0,0,False
16.99467935657085,2.237765312194824,0,0,False
16.99467935657085,2.3236005306243896,0,0,False
16.99467935657085,2.7610275745391846,0,0,False
16.99467935657085,2.301821708679199,0,0,False
16.99467935657085,2.2378227710723877,0,0,False
16.99467935657085,2.3715593814849854,0,0,False
16.99467935657085,2.430757761001587,0,0,False
16.99467935657085,2.3064937591552734,0,0,False
16.99467935657085,2.8048670291900635,0,0,False
16.99467935657085,2.3185269832611084,0,0,False
16.99467935657085,2.320754289627075,0,0,False
16.99467935657085,2.301828384399414,0,0,False
16.99467935657085,2.4023489952087402,0,0,False
16.99467935657085,2.396393060684204,0,0,False
16.99467935657085,2.8380584716796875,0,0,False
16.99467935657085,2.296046733856201,0,0,False
16.99467935657085,2.372305393218994,0,0,False
16.99467935657085,2.376952886581421,0,0,False
16.99467935657085,2.5695512294769287,0,0,False
16.99467935657085,2.4628047943115234,0,0,False
16.99467935657085,2.914292812347412,0,0,False
16.99467935657085,2.6504013538360596,0,0,False
16.99467935657085,2.4033210277557373,0,0,False
16.99467935657085,2.3403708934783936,0,0,False
16.99467935657085,2.430424928665161,0,0,False
16.99467935657085,2.7318317890167236,0,0,False
16.99467935657085,2.904677152633667,0,0,False
16.99467935657085,2.3983066082000732,0,0,False
16.99467935657085,2.525325298309326,0,0,False
16.99467935657085,2.444389820098877,0,0,False
16.99467935657085,2.432560920715332,0,0,False
16.99467935657085,2.512510061264038,0,0,False
16.99467935657085,3.048129081726074,0,0,False
16.99467935657085,2.7282087802886963,0,0,False
16.99467935657085,2.6200387477874756,0,0,False
16.99467935657085,2.6647939682006836,0,0,False
16.99467935657085,2.7492685317993164,0,0,False
16.99467935657085,2.496851682662964,0,0,False
16.99467935657085,3.1291916370391846,0,0,False
16.99467935657085,2.6351065635681152,0,0,False
16.99467935657085,2.6026556491851807,0,0,False
16.99467935657085,2.6259541511535645,0,0,False
16.99467935657085,2.527801036834717,0,0,False
16.99467935657085,2.4793272018432617,0,0,False
16.99467935657085,3.120027780532837,0,0,False
16.99467935657085,2.4097228050231934,0,0,False
16.99467935657085,2.7080981731414795,0,0,False
16.99467935657085,2.7990286350250244,0,0,False
16.99467935657085,2.671382188796997,0,0,False
16.99467935657085,2.5739428997039795,0,0,False
16.99467935657085,3.1348001956939697,0,0,False
16.99467935657085,2.598618268966675,0,0,False
16.99467935657085,2.6250367164611816,0,0,False
16.99467935657085,2.680229425430298,0,0,False
16.99467935657085,2.7226145267486572,0,0,False
16.99467935657085,2.7268784046173096,0,0,False
16.99467935657085,4.20046591758728,0,0,False
16.99467935657085,2.7574269771575928,0,0,False
16.99467935657085,2.8364880084991455,0,0,False
15.68107323629766,2.8622748851776123,0,0,False
15.68107323629766,2.7673845291137695,0,0,False
15.68107323629766,2.6795225143432617,0,0,False
15.68107323629766,3.276099681854248,0,0,False
15.68107323629766,2.797982692718506,0,0,False
15.68107323629766,2.7210726737976074,0,0,False
15.68107323629766,2.736720323562622,0,0,False
15.68107323629766,2.9247353076934814,0,0,False
15.68107323629766,2.8084371089935303,0,0,False
15.68107323629766,3.381767511367798,0,0,False
15.68107323629766,2.7657663822174072,0,0,False
15.68107323629766,2.927237033843994,0,0,False
15.68107323629766,2.8276631832122803,0,0,False
15.68107323629766,3.147789478302002,0,0,False
15.68107323629766,2.819859266281128,0,0,False
15.68107323629766,3.3915631771087646,0,0,False
15.68107323629766,2.818603277206421,0,0,False
15.68107323629766,2.859867572784424,0,0,False
15.68107323629766,2.846813678741455,0,0,False
15.68107323629766,2.991894245147705,0,0,False
15.68107323629766,3.1065962314605713,0,0,False
15.68107323629766,3.4293317794799805,0,0,False
15.68107323629766,2.9632246494293213,0,0,False
15.68107323629766,3.060554265975952,0,0,False
15.68107323629766,3.3220763206481934,0,0,False
15.68107323629766,2.9518280029296875,0,0,False
15.68107323629766,3.002603054046631,0,0,False
15.68107323629766,3.6959030628204346,0,0,False
15.68107323629766,3.1391422748565674,0,0,False
15.68107323629766,2.967649221420288,0,0,False
15.68107323629766,2.949237108230591,0,0,False
15.68107323629766,3.009243965148926,0,0,False
15.68107323629766,2.9631528854370117,0,0,False
15.68107323629766,3.655400037765503,0,0,False
15.68107323629766,3.0041913986206055,0,0,False
-----
335.31539125326736,0.09367251396179199,0,0,False
330.31539125326736,0.10449814796447754,0,0,False
320.47733992761005,0.12224316596984863,0,0,False
383.0478269239094,0.2744181156158447,0,0,False
330.31539125326736,0.12226653099060059,0,0,False
335.3153912532674,0.1268296241760254,0,0,False
388.0478269239094,0.1360304355621338,0,0,False
303.9491734179463,0.13936066627502441,0,0,False
383.0478269239094,0.14600801467895508,0,0,False
330.3153912532674,0.15163588523864746,0,0,False
383.0478269239094,0.16241908073425293,0,0,False
243.22600409597536,0.16696524620056152,0,0,False
167.66484899409477,0.17659950256347656,0,0,False
267.3044955210851,0.18041729927062988,0,0,False
335.3153912532674,0.19072222709655762,0,0,False
356.6816090885884,0.19278550148010254,0,0,False
243.88727468731054,0.21146750450134277,0,0,False
223.05344497760115,0.22373580932617188,0,0,False
330.3153912532674,0.19546937942504883,0,0,False
184.3488290198892,0.2018265724182129,0,0,False
346.8435577629311,0.2107701301574707,0,0,False
208.919724321505,0.20905828475952148,0,0,False
346.8435577629311,0.23314809799194336,0,0,False
255.0719983418602,0.230665922164917,0,0,False
334.66305572432935,0.2772703170776367,0,0,False
269.2666351863759,0.23309540748596191,0,0,False
251.8780083386395,0.23247480392456055,0,0,False
330.9766618446026,0.2445063591003418,0,0,False
245.40801489434477,0.30148839950561523,0,0,False
308.9491734179463,0.2547602653503418,0,0,False
233.0786649242092,0.2556874752044678,0,0,False
330.3153912532674,0.25962257385253906,0,0,False
348.0236229774773,0.268810510635376,0,0,False
303.9491734179463,0.2700068950653076,0,0,False
335.3153912532674,0.2864542007446289,0,0,False
348.0236229774773,0.31784963607788086,0,0,False
288.4123733369963,0.32326173782348633,0,0,False
356.6816090885884,0.33114075660705566,0,0,False
288.49970328474325,0.3347742557525635,0,0,False
288.67071335640605,0.34436941146850586,0,0,False
356.6816090885884,0.36772894859313965,0,0,False
269.5922219312964,0.33765125274658203,0,0,False
218.01346072849563,0.3306455612182617,0,0,False
308.9491734179463,0.32659125328063965,0,0,False
285.8111005948512,0.33444666862487793,0,0,False
55.02702170241493,0.3300154209136963,0,0,False
229.85945497438044,0.3446836471557617,0,0,False
182.95643705810943,0.3565821647644043,0,0,False
144.73824310845657,0.3727548122406006,0,0,False
108.90419677850106,0.35256409645080566,0,0,False
268.86383864421896,0.35535383224487305,0,0,False
152.73076568815532,0.3610680103302002,0,0,False
34.288288698016665,0.3749117851257324,0,0,False
58.6390416959735,0.3761601448059082,0,0,False
248.3617786438593,0.3765096664428711,0,0,False
134.31879727974106,0.38354921340942383,0,0,False
299.94053984666004,0.38210439682006836,0,0,False
130.22400138746738,0.3875119686126709,0,0,False
67.98468914512469,0.401181697845459,0,0,False
388.0478269239094,0.40374088287353516,0,0,False
173.2039816544142,0.40723681449890137,0,0,False
137.76408594864145,0.4094107151031494,0,0,False
231.17306109465363,0.4129302501678467,0,0,False
109.93164909610562,0.41957521438598633,0,0,False
171.890375534141,0.4279322624206543,0,0,False
388.0478269239094,0.42934131622314453,0,0,False
121.13700951518456,0.4295957088470459,0,0,False
143.30245594270008,0.43524169921875,0,0,False
162.6640847667477,0.4399585723876953,0,0,False
187.87662813422742,0.45093584060668945,0,0,False
154.7842092260091,0.5149269104003906,0,0,False
215.02140364872315,0.5151400566101074,0,0,False
150.10846593947937,0.4595835208892822,0,0,False
143.7948598192062,0.4839465618133545,0,0,False
135.47666468765956,0.4722936153411865,0,0,False
251.183296437809,0.4829723834991455,0,0,False
160.48295798130184,0.4836544990539551,0,0,False
220.9802848885765,0.48482465744018555,0,0,False
149.61606206297327,0.4888424873352051,0,0,False
78.53611335816493,0.49275827407836914,0,0,False
281.93062005368733,0.5140607357025146,0,0,False
146.91447593625867,0.5041234493255615,0,0,False
20.648658526961444,0.5116510391235352,0,0,False
203.49323713905943,0.5140235424041748,0,0,False
259.44488275953023,0.5168120861053467,0,0,False
303.9491734179463,0.5215146541595459,0,0,False
131.10459480584836,0.5255606174468994,0,0,False
172.1096983611868,0.5325989723205566,0,0,False
144.6160620629733,0.5415182113647461,0,0,False
298.8018342461802,0.5426490306854248,0,0,False
221.21700312936355,0.5464537143707275,0,0,False
350.81875002472214,0.5511875152587891,0,0,False
335.3153912532674,0.6167972087860107,0,0,False
171.4746837748004,0.5808651447296143,0,0,False
15.092321822050753,0.57419753074646,0,0,False
17.054070531184735,0.5711648464202881,0,0,False
13.778715701777566,0.573732852935791,0,0,False
13.778715701777566,0.583258867263794,0,0,False
13.778715701777566,0.5847415924072266,0,0,False
13.778715701777566,0.624213457107544,0,0,False
13.778715701777566,0.596632719039917,0,0,False
13.778715701777566,0.5990631580352783,0,0,False
13.778715701777566,0.6058564186096191,0,0,False
13.778715701777566,0.6128377914428711,0,0,False
13.778715701777566,0.6273288726806641,0,0,False
13.778715701777566,0.6807217597961426,0,0,False
13.778715701777566,0.7364330291748047,0,0,False
13.778715701777566,0.6543028354644775,0,0,False
13.778715701777566,0.6413936614990234,0,0,False
13.778715701777566,0.6446950435638428,0,0,False
13.778715701777566,0.6481492519378662,0,0,False
13.778715701777566,0.6626734733581543,0,0,False
13.778715701777566,0.6962389945983887,0,0,False
13.778715701777566,0.6915328502655029,0,0,False
13.778715701777566,0.6691946983337402,0,0,False
13.778715701777566,0.6758260726928711,0,0,False
13.778715701777566,0.6757588386535645,0,0,False
13.778715701777566,0.679938554763794,0,0,False
13.778715701777566,0.6982688903808594,0,0,False
13.778715701777566,0.7041478157043457,0,0,False
13.778715701777566,0.6962730884552002,0,0,False
13.778715701777566,0.6990015506744385,0,0,False
13.778715701777566,0.7064766883850098,0,0,False
13.778715701777566,0.7098367214202881,0,0,False
13.778715701777566,0.8298635482788086,0,0,False
13.778715701777566,0.8113715648651123,0,0,False
13.778715701777566,0.8066720962524414,0,0,False
13.778715701777566,0.8299093246459961,0,0,False
13.778715701777566,0.8620254993438721,0,0,False
13.778715701777566,0.876570463180542,0,0,False
13.778715701777566,0.8508777618408203,0,0,False
13.778715701777566,0.7585983276367188,0,0,False
13.778715701777566,0.7604398727416992,0,0,False
13.778715701777566,0.8240242004394531,0,0,False
8.394676311123554,0.76955246925354,0,0,False
8.394676311123554,0.772721529006958,0,0,False
8.394676311123554,0.7984426021575928,0,0,False
8.394676311123554,0.7906680107116699,0,0,False
8.394676311123554,0.7957859039306641,0,0,False
8.394676311123554,0.8092825412750244,0,0,False
8.394676311123554,0.7994587421417236,0,0,False
8.394676311123554,0.800856351852417,0,0,False
8.394676311123554,0.8180394172668457,0,0,False
8.394676311123554,0.8421897888183594,0,0,False
8.394676311123554,0.8432700634002686,0,0,False
8.394676311123554,0.8232614994049072,0,0,False
22.023646409153976,0.9255478382110596,0,0,False
8.394676311123554,0.8598473072052002,0,0,False
8.394676311123554,0.9326071739196777,0,0,False
8.394676311123554,0.8669528961181641,0,0,False
8.394676311123554,0.8512783050537109,0,0,False
8.394676311123554,0.8612029552459717,0,0,False
8.394676311123554,0.8628747463226318,0,0,False
8.394676311123554,0.8658344745635986,0,0,False
8.394676311123554,0.8751626014709473,0,0,False
8.394676311123554,0.8746297359466553,0,0,False
8.394676311123554,0.883446216583252,0,0,False
8.394676311123554,0.8898513317108154,0,0,False
8.394676311123554,0.9242489337921143,0,0,False
8.394676311123554,0.9463756084442139,0,0,False
8.394676311123554,0.9120850563049316,0,0,False
8.394676311123554,0.9092028141021729,0,0,False
8.394676311123554,0.9169831275939941,0,0,False
8.394676311123554,0.9242103099822998,0,0,False
8.394676311123554,1.0426421165466309,0,0,False
8.394676311123554,0.9451143741607666,0,0,False
8.394676311123554,0.9402501583099365,0,0,False
8.394676311123554,0.9477705955505371,0,0,False
8.394676311123554,1.0803303718566895,0,0,False
8.394676311123554,1.0517618656158447,0,0,False
8.394676311123554,0.9721834659576416,0,0,False
8.394676311123554,0.9661059379577637,0,0,False
8.394676311123554,0.9652390480041504,0,0,False
8.394676311123554,0.9749789237976074,0,0,False
8.394676311123554,1.0902094841003418,0,0,False
8.394676311123554,1.1600515842437744,0,0,False
8.394676311123554,1.1625924110412598,0,0,False
8.394676311123554,1.1874992847442627,0,0,False
8.394676311123554,1.2083134651184082,0,0,False
8.394676311123554,1.1775503158569336,0,0,False
8.394676311123554,1.2112433910369873,0,0,False
8.394676311123554,1.2084920406341553,0,0,False
8.394676311123554,1.20078444480896,0,0,False
8.394676311123554,1.2008497714996338,0,0,False
8.394676311123554,1.2085285186767578,0,0,False
8.394676311123554,1.1997411251068115,0,0,False
8.394676311123554,1.2259280681610107,0,0,False
8.394676311123554,1.2567155361175537,0,0,False
8.394676311123554,1.250380277633667,0,0,False
8.394676311123554,1.075960397720337,0,0,False
8.394676311123554,1.2710726261138916,0,0,False
8.394676311123554,1.2597484588623047,0,0,False
8.394676311123554,1.2824187278747559,0,0,False
8.394676311123554,1.218567132949829,0,0,False
8.394676311123554,1.375183343887329,0,0,False
8.394676311123554,1.2867860794067383,0,0,False
8.394676311123554,1.3166275024414062,0,0,False
8.394676311123554,1.3117191791534424,0,0,False
8.394676311123554,1.3143236637115479,0,0,False
8.394676311123554,1.328969955444336,0,0,False
8.394676311123554,1.3379707336425781,0,0,False
8.394676311123554,1.3448221683502197,0,0,False
8.394676311123554,1.3711812496185303,0,0,False
8.394676311123554,1.3698608875274658,0,0,False
8.394676311123554,1.3709197044372559,0,0,False
8.394676311123554,1.4586567878723145,0,0,False
8.394676311123554,1.3600313663482666,0,0,False
8.394676311123554,1.3765990734100342,0,0,False
8.394676311123554,1.4574217796325684,0,0,False
8.394676311123554,1.4167912006378174,0,0,False
8.394676311123554,1.4223074913024902,0,0,False
8.394676311123554,1.3891057968139648,0,0,False
8.394676311123554,1.404299259185791,0,0,False
8.394676311123554,1.4191522598266602,0,0,False
8.394676311123554,1.4644198417663574,0,0,False
8.394676311123554,1.4299170970916748,0,0,False
8.394676311123554,1.5663418769836426,0,0,False
8.394676311123554,1.556121826171875,0,0,False
8.394676311123554,1.4804174900054932,0,0,False
8.394676311123554,1.4681177139282227,0,0,False
8.394676311123554,1.5598807334899902,0,0,False
8.394676311123554,1.497135877609253,0,0,False
8.394676311123554,1.5382835865020752,0,0,False
8.394676311123554,1.5193743705749512,0,0,False
8.394676311123554,1.530381441116333,0,0,False
8.394676311123554,1.5412108898162842,0,0,False
8.394676311123554,1.5437700748443604,0,0,False
8.394676311123554,1.6053614616394043,0,0,False
8.394676311123554,1.5871093273162842,0,0,False
8.394676311123554,1.555269479751587,0,0,False
8.394676311123554,1.5552144050598145,0,0,False
8.394676311123554,1.5745964050292969,0,0,False
8.394676311123554,1.5821454524993896,0,0,False
8.394676311123554,1.5922586917877197,0,0,False
8.394676311123554,1.5935819149017334,0,0,False
8.394676311123554,1.6440775394439697,0,0,False
8.394676311123554,1.6131913661956787,0,0,False
8.394676311123554,1.5897061824798584,0,0,False
8.394676311123554,1.6644346714019775,0,0,False
8.394676311123554,1.666865348815918,0,0,False
8.394676311123554,1.6757631301879883,0,0,False
8.394676311123554,1.6565797328948975,0,0,False
8.394676311123554,1.6105155944824219,0,0,False
8.394676311123554,1.6713049411773682,0,0,False
8.394676311123554,1.6534397602081299,0,0,False
8.394676311123554,1.7791571617126465,0,0,False
8.394676311123554,1.6801095008850098,0,0,False
8.394676311123554,1.6800284385681152,0,0,False
8.394676311123554,1.7212047576904297,0,0,False
8.394676311123554,1.7694597244262695,0,0,False
8.394676311123554,1.7652828693389893,0,0,False
8.394676311123554,1.7629461288452148,0,0,False
8.394676311123554,1.7718915939331055,0,0,False
8.394676311123554,1.875950574874878,0,0,False
8.394676311123554,1.8424732685089111,0,0,False
8.394676311123554,1.7643013000488281,0,0,False
8.394676311123554,1.873762607574463,0,0,False
8.394676311123554,1.8466055393218994,0,0,False
8.394676311123554,1.8168535232543945,0,0,False
8.394676311123554,1.8013241291046143,0,0,False
8.394676311123554,1.7820358276367188,0,0,False
8.394676311123554,1.840069055557251,0,0,False
8.394676311123554,1.820458173751831,0,0,False
8.394676311123554,1.8653879165649414,0,0,False
8.394676311123554,1.867055892944336,0,0,False
8.394676311123554,1.830245018005371,0,0,False
8.394676311123554,1.8969697952270508,0,0,False
8.394676311123554,1.8921923637390137,0,0,False
8.394676311123554,1.9223222732543945,0,0,False
8.394676311123554,1.8911151885986328,0,0,False
8.394676311123554,1.8920178413391113,0,0,False
8.394676311123554,1.7648472785949707,0,0,False
8.394676311123554,1.889035701751709,0,0,False
8.394676311123554,2.005659580230713,0,0,False
8.394676311123554,1.979095220565796,0,0,False
8.394676311123554,1.916900873184204,0,0,False
8.394676311123554,1.9021477699279785,0,0,False
8.394676311123554,1.9500770568847656,0,0,False
8.394676311123554,1.991504192352295,0,0,False
8.394676311123554,2.2507541179656982,0,0,False
8.394676311123554,2.0049946308135986,0,0,False
8.394676311123554,1.9511220455169678,0,0,False
8.394676311123554,1.9808988571166992,0,0,False
8.394676311123554,1.9285941123962402,0,0,False
8.394676311123554,2.0610787868499756,0,0,False
8.394676311123554,1.9812817573547363,0,0,False
8.394676311123554,2.0620925426483154,0,0,False
8.394676311123554,2.110546112060547,0,0,False
8.394676311123554,1.9871363639831543,0,0,False
8.394676311123554,2.035599946975708,0,0,False
8.394676311123554,2.077831983566284,0,0,False
8.394676311123554,2.053830862045288,0,0,False
8.394676311123554,2.0730416774749756,0,0,False
8.394676311123554,2.061159133911133,0,0,False
8.394676311123554,2.1012794971466064,0,0,False
8.394676311123554,2.1138150691986084,0,0,False
8.394676311123554,2.0513088703155518,0,0,False
8.394676311123554,2.134622573852539,0,0,False
8.394676311123554,2.12341046333313,0,0,False
8.394676311123554,2.0689175128936768,0,0,False
8.394676311123554,2.1602649688720703,0,0,False
8.394676311123554,2.1335883140563965,0,0,False
8.394676311123554,2.1692686080932617,0,0,False
8.394676311123554,2.1784303188323975,0,0,False
8.394676311123554,1.9658668041229248,0,0,False
8.394676311123554,2.19946551322937,0,0,False
8.394676311123554,2.167656660079956,0,0,False
8.394676311123554,2.211050271987915,0,0,False
8.394676311123554,2.2299723625183105,0,0,False
8.394676311123554,2.2467920780181885,0,0,False
8.394676311123554,2.0529263019561768,0,0,False
8.394676311123554,2.293015480041504,0,0,False
8.394676311123554,2.2048492431640625,0,0,False
8.394676311123554,2.1301486492156982,0,0,False
8.394676311123554,2.388144016265869,0,0,False
8.394676311123554,2.245952844619751,0,0,False
8.394676311123554,2.221470594406128,0,0,False
8.394676311123554,2.3224282264709473,0,0,False
8.394676311123554,2.208092451095581,0,0,False
8.394676311123554,2.2347772121429443,0,0,False
8.394676311123554,2.2240841388702393,0,0,False
8.394676311123554,2.3406643867492676,0,0,False
8.394676311123554,2.4385344982147217,0,0,False
8.394676311123554,2.3275980949401855,0,0,False
8.394676311123554,2.3196284770965576,0,0,False
8.394676311123554,2.476867914199829,0,0,False
8.394676311123554,2.3893208503723145,0,0,False
8.394676311123554,2.346120834350586,0,0,False
8.394676311123554,2.396352529525757,0,0,False
8.394676311123554,2.4252469539642334,0,0,False
8.394676311123554,2.380767583847046,0,0,False
8.394676311123554,2.3877036571502686,0,0,False
8.394676311123554,2.3355886936187744,0,0,False
8.394676311123554,2.3903098106384277,0,0,False
8.394676311123554,2.4957010746002197,0,0,False
8.394676311123554,2.558730125427246,0,0,False
8.394676311123554,2.465879440307617,0,0,False
8.394676311123554,2.4946494102478027,0,0,False
8.394676311123554,2.4682514667510986,0,0,False
8.394676311123554,2.4896745681762695,0,0,False
8.394676311123554,2.4912667274475098,0,0,False
8.394676311123554,2.451615810394287,0,0,False
8.394676311123554,2.3971805572509766,0,0,False
8.394676311123554,2.509606122970581,0,0,False
8.394676311123554,2.540153741836548,0,0,False
8.394676311123554,2.5020194053649902,0,0,False
8.394676311123554,2.631293773651123,0,0,False
8.394676311123554,2.4279260635375977,0,0,False
8.394676311123554,2.850113868713379,0,0,False
8.394676311123554,2.4706451892852783,0,0,False
8.394676311123554,2.487534284591675,0,0,False
8.394676311123554,2.504718542098999,0,0,False
8.394676311123554,2.5401480197906494,0,0,False
8.394676311123554,2.444977283477783,0,0,False
8.394676311123554,2.5207560062408447,0,0,False
8.394676311123554,2.541858434677124,0,0,False
8.394676311123554,2.515864133834839,0,0,False
8.394676311123554,2.571023464202881,0,0,False
8.394676311123554,2.77567982673645,0,0,False
8.394676311123554,2.6374142169952393,0,0,False
8.394676311123554,2.559776782989502,0,0,False
8.394676311123554,2.6873629093170166,0,0,False
8.394676311123554,2.6281540393829346,0,0,False
8.394676311123554,2.612718343734741,0,0,False
8.394676311123554,2.74027156829834,0,0,False
8.394676311123554,2.7285995483398438,0,0,False
8.394676311123554,2.881507396697998,0,0,False
8.394676311123554,2.6648924350738525,0,0,False
8.394676311123554,2.721799373626709,0,0,False
8.394676311123554,2.7263083457946777,0,0,False
8.394676311123554,2.844090223312378,0,0,False
8.394676311123554,2.778256893157959,0,0,False
8.394676311123554,2.7384800910949707,0,0,False
8.394676311123554,2.660106658935547,0,0,False
8.394676311123554,2.7448649406433105,0,0,False
8.394676311123554,2.6027894020080566,0,0,False
8.394676311123554,2.7387077808380127,0,0,False
8.394676311123554,2.734281301498413,0,0,False
8.394676311123554,2.7627601623535156,0,0,False
8.394676311123554,2.815606117248535,0,0,False
8.394676311123554,2.806218385696411,0,0,False
8.394676311123554,2.7627909183502197,0,0,False
8.394676311123554,2.7987563610076904,0,0,False
8.394676311123554,2.8563923835754395,0,0,False
8.394676311123554,2.82218337059021,0,0,False
8.394676311123554,3.0451059341430664,0,0,False
8.394676311123554,3.2904388904571533,0,0,False
8.394676311123554,2.953796625137329,0,0,False
8.394676311123554,2.9217371940612793,0,0,False
8.394676311123554,2.918832778930664,0,0,False
8.394676311123554,3.0421371459960938,0,0,False
8.394676311123554,2.953294515609741,0,0,False
8.394676311123554,2.9257383346557617,0,0,False
8.394676311123554,2.9264838695526123,0,0,False
8.394676311123554,2.930053234100342,0,0,False
8.394676311123554,2.9292547702789307,0,0,False
8.394676311123554,2.877365827560425,0,0,False
8.394676311123554,2.9681413173675537,0,0,False
8.394676311123554,2.861212968826294,0,0,False
8.394676311123554,2.5945451259613037,0,0,False
8.394676311123554,3.156799077987671,0,0,False
8.394676311123554,2.996678352355957,0,0,False
8.394676311123554,2.946498155593872,0,0,False
8.394676311123554,2.868619918823242,0,0,False
8.394676311123554,3.085286855697632,0,0,False
8.394676311123554,3.015580654144287,0,0,False
8.394676311123554,3.038492441177368,0,0,False
-----
356.6816090885884,0.14985060691833496,0,0,False
277.58295558262535,0.10243463516235352,0,0,False
278.2442261739605,0.10153388977050781,0,0,False
278.7366300504666,0.10840272903442383,0,0,False
317.3246576019384,0.13556265830993652,0,0,False
267.3044955210851,0.11871743202209473,0,0,False
388.0478269239094,0.12284135818481445,0,0,False
388.0478269239094,0.1271986961364746,0,0,False
267.1334854494222,0.1323237419128418,0,0,False
351.85566372166545,0.1369481086730957,0,0,False
299.1232280510235,0.1742539405822754,0,0,False
335.31539125326736,0.14957475662231445,0,0,False
335.3153912532674,0.15365338325500488,0,0,False
278.2442261739605,0.15810132026672363,0,0,False
346.8435577629311,0.16282343864440918,0,0,False
225.5325984945881,0.16756892204284668,0,0,False
388.0478269239094,0.2161564826965332,0,0,False
298.80183424618014,0.18062520027160645,0,0,False
198.99823349623125,0.18457698822021484,0,0,False
314.77859117231736,0.1892251968383789,0,0,False
293.8249682896204,0.19464993476867676,0,0,False
250.5644022183663,0.19862914085388184,0,0,False
262.0461555016753,0.25536465644836426,0,0,False
241.08833967890118,0.21303057670593262,0,0,False
303.9491734179463,0.22055816650390625,0,0,False
228.70578050653918,0.22252607345581055,0,0,False
303.9491734179463,0.22891497611999512,0,0,False
335.3153912532674,0.23409318923950195,0,0,False
210.46739429887452,0.30367064476013184,0,0,False
325.1680520815012,0.24457097053527832,0,0,False
283.73663005046666,0.24456310272216797,0,0,False
336.4690657211086,0.2486114501953125,0,0,False
361.6816090885884,0.25356054306030273,0,0,False
361.6816090885884,0.257765531539917,0,0,False
330.3153912532674,0.3476085662841797,0,0,False
361.68160908858835,0.2944221496582031,0,0,False
383.0478269239094,0.3092947006225586,0,0,False
383.0478269239094,0.32614660263061523,0,0,False
361.6816090885884,0.30759406089782715,0,0,False
10.13626385676066,0.3143305778503418,0,0,False
330.3153912532674,0.41362977027893066,0,0,False
304.61044400928154,0.3128669261932373,0,0,False
279.8410141391341,0.31495118141174316,0,0,False
126.53760750774056,0.3195681571960449,0,0,False
228.442574011257,0.32344889640808105,0,0,False
134.60495108240968,0.32073092460632324,0,0,False
177.1270193037384,0.41348814964294434,0,0,False
281.25878698883963,0.3401198387145996,0,0,False
290.9584397666174,0.3455471992492676,0,0,False
86.62077787538564,0.3800790309906006,0,0,False
83.22144734114292,0.3892197608947754,0,0,False
12.193687575618263,0.364912748336792,0,0,False
55.3890104886071,0.45338892936706543,0,0,False
87.93438399565882,0.3738677501678467,0,0,False
12.193687575618263,0.37160277366638184,0,0,False
277.4356164108591,0.3740546703338623,0,0,False
200.29924713583873,0.3797421455383301,0,0,False
226.17306109465363,0.3819870948791504,0,0,False
290.95843976661746,0.8395638465881348,0,0,False
361.6816090885884,0.395399808883667,0,0,False
169.4319918527253,0.4140157699584961,0,0,False
250.78689664841912,0.42728638648986816,0,0,False
124.9915505579472,0.4120755195617676,0,0,False
189.16978749653592,0.412670373916626,0,0,False
224.81707860248798,0.524350643157959,0,0,False
63.55146690779904,0.4275944232940674,0,0,False
75.03322019110806,0.4278402328491211,0,0,False
267.8875702161144,0.4370718002319336,0,0,False
219.41099313258428,0.44342994689941406,0,0,False
13.50729369589145,0.4558074474334717,0,0,False
4.407861291260767,0.5700464248657227,0,0,False
4.407861291260767,0.47272515296936035,0,0,False
4.407861291260767,0.47358274459838867,0,0,False
4.407861291260767,0.47150254249572754,0,0,False
4.407861291260767,0.471907377243042,0,0,False
4.407861291260767,0.470458984375,0,0,False
4.407861291260767,0.6015267372131348,0,0,False
4.407861291260767,0.485884428024292,0,0,False
4.407861291260767,0.4924640655517578,0,0,False
4.407861291260767,0.5396883487701416,0,0,False
4.407861291260767,0.5551223754882812,0,0,False
4.407861291260767,0.5620419979095459,0,0,False
4.407861291260767,0.7505278587341309,0,0,False
4.407861291260767,0.5825538635253906,0,0,False
4.407861291260767,0.5422542095184326,0,0,False
4.407861291260767,0.5225744247436523,0,0,False
4.407861291260767,0.5265548229217529,0,0,False
4.407861291260767,0.5316710472106934,0,0,False
4.407861291260767,0.6818783283233643,0,0,False
4.407861291260767,0.5488686561584473,0,0,False
4.407861291260767,0.5640082359313965,0,0,False
4.407861291260767,0.5670158863067627,0,0,False
4.407861291260767,0.5631747245788574,0,0,False
4.407861291260767,0.5591514110565186,0,0,False
4.407861291260767,0.717693567276001,0,0,False
4.407861291260767,0.5749561786651611,0,0,False
4.407861291260767,0.5766546726226807,0,0,False
4.407861291260767,0.5858297348022461,0,0,False
4.407861291260767,0.5860495567321777,0,0,False
4.407861291260767,0.6247191429138184,0,0,False
4.407861291260767,0.7604837417602539,0,0,False
4.407861291260767,0.6104557514190674,0,0,False
4.407861291260767,0.617609977722168,0,0,False
4.407861291260767,0.6170532703399658,0,0,False
4.407861291260767,0.6384532451629639,0,0,False
4.407861291260767,0.627694845199585,0,0,False
4.407861291260767,0.8002285957336426,0,0,False
4.407861291260767,0.6356194019317627,0,0,False
4.407861291260767,0.6388828754425049,0,0,False
4.407861291260767,0.6396334171295166,0,0,False
4.407861291260767,0.6435515880584717,0,0,False
4.407861291260767,0.7173140048980713,0,0,False
4.407861291260767,0.8415453433990479,0,0,False
4.407861291260767,0.6772792339324951,0,0,False
4.407861291260767,0.6811182498931885,0,0,False
4.407861291260767,0.7025203704833984,0,0,False
4.407861291260767,0.6824150085449219,0,0,False
4.407861291260767,0.6783831119537354,0,0,False
4.407861291260767,0.8704049587249756,0,0,False
4.407861291260767,0.6981308460235596,0,0,False
4.407861291260767,0.7033202648162842,0,0,False
4.407861291260767,0.7060837745666504,0,0,False
4.407861291260767,0.8176932334899902,0,0,False
4.407861291260767,0.8340017795562744,0,0,False
4.407861291260767,1.0420467853546143,0,0,False
4.407861291260767,0.7982022762298584,0,0,False
4.407861291260767,0.8162398338317871,0,0,False
4.407861291260767,0.8295290470123291,0,0,False
4.407861291260767,0.8115370273590088,0,0,False
4.407861291260767,0.809067964553833,0,0,False
4.407861291260767,1.3746728897094727,0,0,False
4.407861291260767,0.8684608936309814,0,0,False
4.407861291260767,0.8969390392303467,0,0,False
4.407861291260767,0.8561694622039795,0,0,False
4.407861291260767,0.8564643859863281,0,0,False
4.407861291260767,0.7756643295288086,0,0,False
3.9833089407126243,1.0326781272888184,0,0,False
3.9833089407126243,0.9259600639343262,0,0,False
3.9833089407126243,0.8255388736724854,0,0,False
3.9833089407126243,0.7931575775146484,0,0,False
3.9833089407126243,0.7952656745910645,0,0,False
3.9833089407126243,0.9176015853881836,0,0,False
3.9833089407126243,1.0359399318695068,0,0,False
3.9833089407126243,0.8542115688323975,0,0,False
3.9833089407126243,0.8549375534057617,0,0,False
3.9833089407126243,0.827850341796875,0,0,False
3.9833089407126243,0.8299896717071533,0,0,False
3.9833089407126243,0.8802275657653809,0,0,False
3.9833089407126243,1.072568416595459,0,0,False
3.9833089407126243,0.8525378704071045,0,0,False
3.9833089407126243,0.8645408153533936,0,0,False
3.9833089407126243,0.8759145736694336,0,0,False
3.9833089407126243,0.8608777523040771,0,0,False
3.9833089407126243,0.8656313419342041,0,0,False
3.9833089407126243,1.114677906036377,0,0,False
3.9833089407126243,0.91390061378479,0,0,False
3.9833089407126243,0.9013221263885498,0,0,False
3.9833089407126243,0.8855977058410645,0,0,False
3.9833089407126243,0.8978469371795654,0,0,False
3.9833089407126243,0.9024741649627686,0,0,False
3.9833089407126243,1.189878225326538,0,0,False
3.9833089407126243,0.9104807376861572,0,0,False
3.9833089407126243,0.9166021347045898,0,0,False
3.9833089407126243,0.9262332916259766,0,0,False
3.9833089407126243,0.9821090698242188,0,0,False
3.9833089407126243,0.9259371757507324,0,0,False
3.9833089407126243,1.1912240982055664,0,0,False
3.9833089407126243,0.9635748863220215,0,0,False
3.9833089407126243,0.9650495052337646,0,0,False
3.9833089407126243,0.9492237567901611,0,0,False
3.9833089407126243,0.9606244564056396,0,0,False
3.9833089407126243,1.0086100101470947,0,0,False
3.9833089407126243,1.276113510131836,0,0,False
3.9833089407126243,1.1128098964691162,0,0,False
3.9833089407126243,0.9893629550933838,0,0,False
3.9833089407126243,1.1446030139923096,0,0,False
3.9833089407126243,1.1612739562988281,0,0,False
3.9833089407126243,1.1486341953277588,0,0,False
3.9833089407126243,1.4541761875152588,0,0,False
3.9833089407126243,1.210522174835205,0,0,False
3.9833089407126243,1.1731150150299072,0,0,False
3.9833089407126243,1.1801650524139404,0,0,False
3.9833089407126243,1.1873252391815186,0,0,False
3.9833089407126243,1.2010574340820312,0,0,False
3.9833089407126243,1.4953107833862305,0,0,False
3.9833089407126243,1.2291429042816162,0,0,False
3.9833089407126243,1.2279012203216553,0,0,False
3.9833089407126243,1.2108397483825684,0,0,False
3.9833089407126243,1.2052929401397705,0,0,False
3.9833089407126243,1.2116813659667969,0,0,False
3.9833089407126243,1.595189094543457,0,0,False
3.9833089407126243,1.2671453952789307,0,0,False
3.9833089407126243,1.2641386985778809,0,0,False
3.9833089407126243,1.2808308601379395,0,0,False
3.9833089407126243,1.2866108417510986,0,0,False
3.9833089407126243,1.28680419921875,0,0,False
3.9833089407126243,1.591536521911621,0,0,False
3.9833089407126243,1.3152055740356445,0,0,False
3.9833089407126243,1.2953546047210693,0,0,False
3.9833089407126243,1.3309712409973145,0,0,False
3.9833089407126243,1.3416001796722412,0,0,False
3.9833089407126243,1.3160858154296875,0,0,False
3.9833089407126243,2.1665127277374268,0,0,False
3.9833089407126243,1.3436667919158936,0,0,False
3.9833089407126243,1.3414006233215332,0,0,False
3.9833089407126243,1.3493859767913818,0,0,False
3.9833089407126243,1.3640773296356201,0,0,False
3.9833089407126243,1.3601648807525635,0,0,False
3.9833089407126243,1.7016420364379883,0,0,False
3.9833089407126243,1.4188313484191895,0,0,False
3.9833089407126243,1.4373764991760254,0,0,False
3.9833089407126243,1.512009620666504,0,0,False
3.9833089407126243,1.4324917793273926,0,0,False
3.9833089407126243,1.3705008029937744,0,0,False
3.9833089407126243,1.7737877368927002,0,0,False
3.9833089407126243,1.4914050102233887,0,0,False
3.9833089407126243,1.4693734645843506,0,0,False
3.9833089407126243,1.4726850986480713,0,0,False
3.9833089407126243,1.4625191688537598,0,0,False
3.9833089407126243,1.4520788192749023,0,0,False
3.9833089407126243,1.8264744281768799,0,0,False
3.9833089407126243,1.479017972946167,0,0,False
3.9833089407126243,1.5241615772247314,0,0,False
3.9833089407126243,1.5989410877227783,0,0,False
3.9833089407126243,1.5085563659667969,0,0,False
3.9833089407126243,1.5174963474273682,0,0,False
3.9833089407126243,1.8850059509277344,0,0,False
3.9833089407126243,1.5715906620025635,0,0,False
3.9833089407126243,1.5543663501739502,0,0,False
3.9833089407126243,1.518874168395996,0,0,False
3.9833089407126243,1.5429649353027344,0,0,False
3.9833089407126243,1.6102328300476074,0,0,False
3.9833089407126243,2.085149049758911,0,0,False
3.9833089407126243,1.5675694942474365,0,0,False
3.9833089407126243,1.6263175010681152,0,0,False
3.9833089407126243,1.6143991947174072,0,0,False
3.9833089407126243,1.5959808826446533,0,0,False
3.9833089407126243,1.5982918739318848,0,0,False
3.9833089407126243,1.9770159721374512,0,0,False
3.9833089407126243,1.6515247821807861,0,0,False
3.9833089407126243,1.6411278247833252,0,0,False
3.9833089407126243,1.6500179767608643,0,0,False
3.9833089407126243,1.6951358318328857,0,0,False
3.9833089407126243,1.6687836647033691,0,0,False
3.9833089407126243,2.0109031200408936,0,0,False
3.9833089407126243,1.7160277366638184,0,0,False
3.9833089407126243,1.685650110244751,0,0,False
3.9833089407126243,1.707404613494873,0,0,False
3.9833089407126243,1.7312629222869873,0,0,False
3.9833089407126243,1.7071647644042969,0,0,False
3.9833089407126243,2.0853757858276367,0,0,False
3.9833089407126243,1.7656850814819336,0,0,False
3.9833089407126243,1.7466278076171875,0,0,False
3.9833089407126243,1.783003330230713,0,0,False
3.9833089407126243,1.7174198627471924,0,0,False
3.9833089407126243,1.736527681350708,0,0,False
3.9833089407126243,2.236163377761841,0,0,False
3.9833089407126243,1.8351690769195557,0,0,False
3.9833089407126243,1.7669212818145752,0,0,False
3.9833089407126243,1.8083946704864502,0,0,False
3.9833089407126243,1.795682668685913,0,0,False
3.9833089407126243,1.8262405395507812,0,0,False
3.9833089407126243,2.2116429805755615,0,0,False
3.9833089407126243,1.8699719905853271,0,0,False
3.9833089407126243,1.8793957233428955,0,0,False
3.9833089407126243,1.819514513015747,0,0,False
3.9833089407126243,1.8499219417572021,0,0,False
3.9833089407126243,1.844848394393921,0,0,False
3.9833089407126243,2.4556350708007812,0,0,False
3.9833089407126243,1.9073841571807861,0,0,False
3.9833089407126243,1.9089617729187012,0,0,False
3.9833089407126243,1.9216866493225098,0,0,False
3.9833089407126243,1.9213216304779053,0,0,False
3.9833089407126243,1.8817338943481445,0,0,False
3.9833089407126243,3.029296398162842,0,0,False
3.9833089407126243,1.9518895149230957,0,0,False
3.9833089407126243,1.9208838939666748,0,0,False
3.9833089407126243,1.7248964309692383,0,0,False
3.9833089407126243,1.9462997913360596,0,0,False
3.9833089407126243,1.9566783905029297,0,0,False
3.9833089407126243,2.3769278526306152,0,0,False
3.9833089407126243,1.9276738166809082,0,0,False
3.9833089407126243,1.9703152179718018,0,0,False
3.9833089407126243,2.009336233139038,0,0,False
3.9833089407126243,2.1384079456329346,0,0,False
3.9833089407126243,1.9346694946289062,0,0,False
3.9833089407126243,2.5355255603790283,0,0,False
3.9833089407126243,2.081122875213623,0,0,False
3.9833089407126243,2.0413806438446045,0,0,False
3.9833089407126243,2.0750067234039307,0,0,False
3.9833089407126243,2.068565607070923,0,0,False
3.9833089407126243,2.261265754699707,0,0,False
3.9833089407126243,2.519979476928711,0,0,False
3.9833089407126243,2.1172802448272705,0,0,False
3.9833089407126243,2.1019182205200195,0,0,False
3.9833089407126243,2.0507826805114746,0,0,False
3.9833089407126243,2.190216302871704,0,0,False
3.9833089407126243,2.0932862758636475,0,0,False
3.9833089407126243,2.5861597061157227,0,0,False
3.9833089407126243,2.1586992740631104,0,0,False
3.9833089407126243,2.1200201511383057,0,0,False
3.9833089407126243,2.1379337310791016,0,0,False
3.9833089407126243,2.2048206329345703,0,0,False
3.9833089407126243,2.382192850112915,0,0,False
3.9833089407126243,2.645942211151123,0,0,False
3.9833089407126243,2.143965244293213,0,0,False
3.9833089407126243,2.165083885192871,0,0,False
3.9833089407126243,2.2044639587402344,0,0,False
3.9833089407126243,2.231431007385254,0,0,False
3.9833089407126243,2.2210371494293213,0,0,False
3.9833089407126243,2.679903030395508,0,0,False
3.9833089407126243,2.231975793838501,0,0,False
3.9833089407126243,2.2845208644866943,0,0,False
3.9833089407126243,2.270362377166748,0,0,False
3.9833089407126243,2.2428455352783203,0,0,False
3.9833089407126243,2.3054003715515137,0,0,False
3.9833089407126243,2.769672155380249,0,0,False
3.9833089407126243,2.3765296936035156,0,0,False
3.9833089407126243,2.3013222217559814,0,0,False
3.9833089407126243,2.3067193031311035,0,0,False
3.9833089407126243,2.3076443672180176,0,0,False
3.9833089407126243,2.5008766651153564,0,0,False
3.9833089407126243,2.838932752609253,0,0,False
3.9833089407126243,2.3192265033721924,0,0,False
3.9833089407126243,2.504647970199585,0,0,False
3.9833089407126243,2.3841934204101562,0,0,False
3.9833089407126243,2.4100382328033447,0,0,False
3.9833089407126243,2.329770803451538,0,0,False
3.9833089407126243,2.8016154766082764,0,0,False
3.9833089407126243,2.3959829807281494,0,0,False
3.9833089407126243,2.4064338207244873,0,0,False
3.9833089407126243,2.3587489128112793,0,0,False
3.9833089407126243,2.497349977493286,0,0,False
3.9833089407126243,2.4325742721557617,0,0,False
3.9833089407126243,2.9963388442993164,0,0,False
3.9833089407126243,2.4990227222442627,0,0,False
3.9833089407126243,2.3792612552642822,0,0,False
3.9833089407126243,2.4670135974884033,0,0,False
3.9833089407126243,2.3945424556732178,0,0,False
3.9833089407126243,2.4781219959259033,0,0,False
3.9833089407126243,2.846761703491211,0,0,False
3.9833089407126243,2.4731853008270264,0,0,False
3.9833089407126243,2.511516571044922,0,0,False
3.9833089407126243,2.5175607204437256,0,0,False
3.9833089407126243,2.5232434272766113,0,0,False
3.9833089407126243,2.5564513206481934,0,0,False
3.9833089407126243,3.97269344329834,0,0,False
3.9833089407126243,2.559873342514038,0,0,False
3.9833089407126243,2.498823642730713,0,0,False
3.9833089407126243,2.5672736167907715,0,0,False
3.9833089407126243,2.7439310550689697,0,0,False
3.9833089407126243,2.4658844470977783,0,0,False
3.9833089407126243,3.1102442741394043,0,0,False
3.9833089407126243,2.597860813140869,0,0,False
3.9833089407126243,2.587766408920288,0,0,False
3.9833089407126243,2.588289260864258,0,0,False
3.9833089407126243,2.5502352714538574,0,0,False
3.9833089407126243,2.767411708831787,0,0,False
3.9833089407126243,3.2072200775146484,0,0,False
3.9833089407126243,2.7312045097351074,0,0,False
3.9833089407126243,2.6875410079956055,0,0,False
3.9833089407126243,2.622586727142334,0,0,False
3.9833089407126243,3.035391330718994,0,0,False
3.9833089407126243,2.631737470626831,0,0,False
3.9833089407126243,3.2062549591064453,0,0,False
3.9833089407126243,2.728973865509033,0,0,False
3.9833089407126243,2.702448844909668,0,0,False
3.9833089407126243,2.6745243072509766,0,0,False
3.9833089407126243,2.6774232387542725,0,0,False
3.9833089407126243,2.697035312652588,0,0,False
3.9833089407126243,3.248838186264038,0,0,False
3.9833089407126243,2.751387119293213,0,0,False
3.9833089407126243,2.7075533866882324,0,0,False
3.9833089407126243,2.684605360031128,0,0,False
3.9833089407126243,2.751155376434326,0,0,False
3.9833089407126243,2.691451072692871,0,0,False
3.9833089407126243,3.358687162399292,0,0,False
3.9833089407126243,2.7396180629730225,0,0,False
3.9833089407126243,2.907722234725952,0,0,False
3.9833089407126243,2.7945854663848877,0,0,False
3.9833089407126243,3.1353235244750977,0,0,False
3.9833089407126243,2.781092643737793,0,0,False
3.9833089407126243,3.39137601852417,0,0,False
3.9833089407126243,2.7977652549743652,0,0,False
3.9833089407126243,2.9138126373291016,0,0,False
3.9833089407126243,2.872551202774048,0,0,False
3.9833089407126243,2.8676905632019043,0,0,False
3.9833089407126243,2.928985357284546,0,0,False
3.9833089407126243,3.3828320503234863,0,0,False
3.9833089407126243,2.808917284011841,0,0,False
3.9833089407126243,2.835798740386963,0,0,False
3.9833089407126243,2.7432312965393066,0,0,False
3.9833089407126243,2.896103858947754,0,0,False
3.9833089407126243,2.9044549465179443,0,0,False
3.9833089407126243,3.438842296600342,0,0,False
3.9833089407126243,2.904703378677368,0,0,False
3.9833089407126243,2.892648935317993,0,0,False
3.9833089407126243,2.932976722717285,0,0,False
3.9833089407126243,3.199059009552002,0,0,False
3.9833089407126243,2.9715425968170166,0,0,False
3.9833089407126243,3.5513298511505127,0,0,False
3.9833089407126243,3.149522066116333,0,0,False
3.9833089407126243,3.059546709060669,0,0,False
3.9833089407126243,3.0543341636657715,0,0,False
3.9833089407126243,2.952648162841797,0,0,False
3.9833089407126243,3.0487256050109863,0,0,False
-----
308.9491734179463,0.7227060794830322,0,0,False
335.31539125326736,0.12149953842163086,0,0,False
288.4123733369963,0.12856554985046387,0,0,False
277.58295558262535,0.11637759208679199,0,0,False
322.00326379709514,0.12126731872558594,0,0,False
278.0117753444403,0.12587618827819824,0,0,False
356.6816090885884,0.13974785804748535,0,0,False
330.31539125326736,0.13835406303405762,0,0,False
308.9491734179463,0.14220643043518066,0,0,False
258.6458063754759,0.1594541072845459,0,0,False
330.3153912532674,0.1655726432800293,0,0,False
330.31539125326736,0.15428733825683594,0,0,False
373.3481741461316,0.19387388229370117,0,0,False
350.81875002472214,0.18208551406860352,0,0,False
322.24860984379904,0.17712879180908203,0,0,False
383.0478269239094,0.17827773094177246,0,0,False
242.0399570129822,0.1824638843536377,0,0,False
361.6816090885884,0.1850588321685791,0,0,False
283.24422617396056,0.2036876678466797,0,0,False
212.52105685198953,0.1980135440826416,0,0,False
230.51179050331845,0.20107173919677734,0,0,False
293.17263276068246,0.20386600494384766,0,0,False
252.37041221514556,0.2079296112060547,0,0,False
329.66305572432935,0.21273350715637207,0,0,False
298.08212141400287,0.22912049293518066,0,0,False
287.9793606351041,0.22632193565368652,0,0,False
251.8780083386395,0.23314642906188965,0,0,False
272.4356164108591,0.23510193824768066,0,0,False
336.4690657211086,0.23901128768920898,0,0,False
283.73663005046666,0.24393534660339355,0,0,False
356.6816090885884,0.25916075706481934,0,0,False
295.6370459617741,0.26033854484558105,0,0,False
264.2708281264531,0.26050662994384766,0,0,False
317.00326379709514,0.26537322998046875,0,0,False
356.6816090885884,0.2796947956085205,0,0,False
262.04615550167534,0.2867696285247803,0,0,False
335.3153912532674,0.29819726943969727,0,0,False
356.68160908858835,0.31528472900390625,0,0,False
356.6816090885884,0.33292388916015625,0,0,False
383.0478269239094,0.324176549911499,0,0,False
56.833031699194215,0.32535576820373535,0,0,False
229.85945497438044,0.31430983543395996,0,0,False
224.19399144296804,0.32305455207824707,0,0,False
288.67071335640605,0.32830214500427246,0,0,False
170.38558810619833,0.3374752998352051,0,0,False
242.56768669859034,0.3266003131866455,0,0,False
107.74632937058257,0.3322906494140625,0,0,False
317.0032637970951,0.3357856273651123,0,0,False
223.2406135985519,0.3792736530303955,0,0,False
133.826393403235,0.3496999740600586,0,0,False
200.73816769309383,0.3774681091308594,0,0,False
216.33500976899634,0.35816168785095215,0,0,False
272.38136711009423,0.3666205406188965,0,0,False
68.4770930216308,0.37129878997802734,0,0,False
209.7425395928483,0.3748495578765869,0,0,False
72.16348690135762,0.3792445659637451,0,0,False
163.31642029568567,0.38083529472351074,0,0,False
152.73567818002576,0.38408589363098145,0,0,False
162.71778773989612,0.3961799144744873,0,0,False
330.3111983131902,0.3936583995819092,0,0,False
201.73138819225122,0.4019899368286133,0,0,False
261.9861462776561,0.403076171875,0,0,False
231.00419437982455,0.4103884696960449,0,0,False
145.52415769881998,0.4145073890686035,0,0,False
330.1680520815012,0.41858434677124023,0,0,False
238.88727468731054,0.42145204544067383,0,0,False
277.4314234707819,0.4305448532104492,0,0,False
145.10846593947937,0.4342677593231201,0,0,False
71.40621748599511,0.4547898769378662,0,0,False
74.0658444358777,0.44169044494628906,0,0,False
273.2881682086704,0.4525630474090576,0,0,False
217.51507498354252,0.45083117485046387,0,0,False
130.7754109709939,0.4554018974304199,0,0,False
135.47666468765956,0.483259916305542,0,0,False
173.2806937715797,0.4651358127593994,0,0,False
134.98426081115346,0.46865200996398926,0,0,False
119.39039069301916,0.4759407043457031,0,0,False
208.66138430209523,0.48017048835754395,0,0,False
204.14137972792022,0.49133753776550293,0,0,False
119.82340339491138,0.4902524948120117,0,0,False
213.84619607632948,0.49590301513671875,0,0,False
190.17504200751281,0.5022504329681396,0,0,False
163.4426424459224,0.5037956237792969,0,0,False
190.46119581018144,0.5150697231292725,0,0,False
238.0026171660698,0.5498085021972656,0,0,False
277.75701021570245,0.5359241962432861,0,0,False
136.2300154054687,0.5306084156036377,0,0,False
170.1610776545272,0.5344383716583252,0,0,False
303.8018342461802,0.5370125770568848,0,0,False
170.16107765452722,0.5404806137084961,0,0,False
96.87943345225403,0.557492733001709,0,0,False
146.42207205975257,0.6308155059814453,0,0,False
238.0786649242092,0.6281640529632568,0,0,False
166.24683929732052,0.5609426498413086,0,0,False
314.3455784704251,0.5747995376586914,0,0,False
399.2898396309045,0.5739293098449707,0,0,False
197.82777360764703,0.5997920036315918,0,0,False
135.76281849032821,0.5893378257751465,0,0,False
209.30952689095605,0.5869529247283936,0,0,False
228.54584885410725,0.5903792381286621,0,0,False
172.6152302401673,0.6022281646728516,0,0,False
173.2806937715797,0.6196095943450928,0,0,False
39.89266047890791,0.6295247077941895,0,0,False
104.60638409122845,0.639739990234375,0,0,False
31.91036943143142,0.613121509552002,0,0,False
303.2968378890083,0.619678258895874,0,0,False
68.55146690779904,0.6258268356323242,0,0,False
204.30952689095605,0.6253383159637451,0,0,False
134.778010737316,0.6370346546173096,0,0,False
282.5787626425481,0.6434688568115234,0,0,False
138.39003073087457,0.6509509086608887,0,0,False
150.4323518148699,0.6501147747039795,0,0,False
160.19680417863322,0.6516208648681641,0,0,False
215.02140364872318,0.6602091789245605,0,0,False
149.61606206297327,0.6669900417327881,0,0,False
202.82777360764703,0.6668720245361328,0,0,False
148.22808205653186,0.6722164154052734,0,0,False
42.13168317757942,0.6796646118164062,0,0,False
99.84331085695182,0.684741735458374,0,0,False
268.4061748483032,0.6864936351776123,0,0,False
168.0473618167521,0.6961650848388672,0,0,False
44.7216916419104,0.6988508701324463,0,0,False
155.04946500686702,0.8258867263793945,0,0,False
47.804170366433866,0.7117304801940918,0,0,False
267.09256872803,0.783668041229248,0,0,False
119.23465198066447,0.8068726062774658,0,0,False
314.77859117231736,0.8318555355072021,0,0,False
102.53998449179598,0.8015549182891846,0,0,False
37.46670613634211,0.832146167755127,0,0,False
175.81341318346523,0.8291006088256836,0,0,False
167.1709613384483,0.857318639755249,0,0,False
294.24952064016856,0.8697316646575928,0,0,False
262.04615550167534,0.8714258670806885,0,0,False
251.21254480722706,0.7576894760131836,0,0,False
193.53717917376935,0.7669610977172852,0,0,False
252.22307304337943,0.8350310325622559,0,0,False
299.6543860439914,0.7761485576629639,0,0,False
215.02140364872318,0.7924456596374512,0,0,False
39.83326930429403,0.8198678493499756,0,0,False
47.02255635107772,0.7909266948699951,0,0,False
21.210893628067016,0.8229594230651855,0,0,False
21.210893628067016,0.8009333610534668,0,0,False
21.210893628067016,0.8395564556121826,0,0,False
21.210893628067016,0.8173158168792725,0,0,False
21.210893628067016,0.821875810623169,0,0,False
21.210893628067016,0.8210773468017578,0,0,False
21.210893628067016,0.8302090167999268,0,0,False
21.210893628067016,0.8365664482116699,0,0,False
21.210893628067016,0.8453536033630371,0,0,False
21.210893628067016,0.8498413562774658,0,0,False
21.210893628067016,0.8657236099243164,0,0,False
21.210893628067016,0.8567159175872803,0,0,False
21.210893628067016,0.8574836254119873,0,0,False
21.210893628067016,0.8596060276031494,0,0,False
21.210893628067016,0.8811097145080566,0,0,False
21.210893628067016,1.0046367645263672,0,0,False
21.210893628067016,0.952568769454956,0,0,False
21.210893628067016,0.8959293365478516,0,0,False
21.210893628067016,0.9032042026519775,0,0,False
21.210893628067016,0.8994162082672119,0,0,False
21.210893628067016,0.9183502197265625,0,0,False
21.210893628067016,0.9171109199523926,0,0,False
21.210893628067016,0.9256045818328857,0,0,False
21.210893628067016,0.9312095642089844,0,0,False
21.210893628067016,0.930619478225708,0,0,False
35.781201876727216,0.9247567653656006,0,0,False
25.45362421270452,0.9305286407470703,0,0,False
21.210893628067016,0.9429175853729248,0,0,False
21.210893628067016,1.1001224517822266,0,0,False
21.210893628067016,1.1362459659576416,0,0,False
21.210893628067016,1.1049904823303223,0,0,False
21.210893628067016,1.0782935619354248,0,0,False
21.210893628067016,0.9639618396759033,0,0,False
21.210893628067016,0.9663436412811279,0,0,False
21.210893628067016,0.9871447086334229,0,0,False
21.210893628067016,1.1578028202056885,0,0,False
21.210893628067016,1.1490139961242676,0,0,False
21.210893628067016,1.1559953689575195,0,0,False
21.210893628067016,1.1578888893127441,0,0,False
21.210893628067016,1.1767308712005615,0,0,False
21.210893628067016,1.1680066585540771,0,0,False
21.210893628067016,1.1792171001434326,0,0,False
21.210893628067016,1.1927683353424072,0,0,False
21.210893628067016,1.185114860534668,0,0,False
21.210893628067016,1.2046489715576172,0,0,False
21.210893628067016,1.2439379692077637,0,0,False
21.210893628067016,1.1826269626617432,0,0,False
21.210893628067016,1.2163019180297852,0,0,False
21.210893628067016,1.2174172401428223,0,0,False
21.210893628067016,1.2489356994628906,0,0,False
21.210893628067016,1.2275018692016602,0,0,False
21.210893628067016,1.2542853355407715,0,0,False
21.210893628067016,1.270315170288086,0,0,False
21.210893628067016,1.2749667167663574,0,0,False
21.210893628067016,1.2826204299926758,0,0,False
21.210893628067016,1.2789466381072998,0,0,False
21.210893628067016,1.2678163051605225,0,0,False
21.210893628067016,1.2996501922607422,0,0,False
21.210893628067016,1.3062365055084229,0,0,False
21.210893628067016,1.3493225574493408,0,0,False
21.210893628067016,1.4161784648895264,0,0,False
21.210893628067016,1.32224440574646,0,0,False
21.210893628067016,1.3354077339172363,0,0,False
21.210893628067016,1.3481340408325195,0,0,False
21.210893628067016,1.3800158500671387,0,0,False
21.210893628067016,1.3621292114257812,0,0,False
21.210893628067016,1.385364294052124,0,0,False
21.210893628067016,1.3544237613677979,0,0,False
21.210893628067016,1.3705296516418457,0,0,False
21.210893628067016,1.3845105171203613,0,0,False
21.210893628067016,1.3856456279754639,0,0,False
21.210893628067016,1.3717801570892334,0,0,False
21.210893628067016,1.3995060920715332,0,0,False
21.210893628067016,1.3736662864685059,0,0,False
21.210893628067016,1.4365489482879639,0,0,False
21.210893628067016,1.4390361309051514,0,0,False
21.210893628067016,1.4627892971038818,0,0,False
21.210893628067016,1.4553945064544678,0,0,False
21.210893628067016,1.466951847076416,0,0,False
21.210893628067016,1.4420325756072998,0,0,False
21.210893628067016,1.4752287864685059,0,0,False
21.210893628067016,1.499845266342163,0,0,False
21.210893628067016,1.5291590690612793,0,0,False
21.210893628067016,1.5042448043823242,0,0,False
21.210893628067016,1.5046560764312744,0,0,False
21.210893628067016,1.4780104160308838,0,0,False
21.210893628067016,1.509490728378296,0,0,False
21.210893628067016,1.516279697418213,0,0,False
21.210893628067016,1.55662202835083,0,0,False
21.210893628067016,1.5142912864685059,0,0,False
21.210893628067016,1.5471150875091553,0,0,False
21.210893628067016,1.5991566181182861,0,0,False
21.210893628067016,1.5624721050262451,0,0,False
21.210893628067016,1.6237967014312744,0,0,False
21.210893628067016,1.6566102504730225,0,0,False
21.210893628067016,1.5853159427642822,0,0,False
21.210893628067016,1.5701560974121094,0,0,False
21.210893628067016,1.562317132949829,0,0,False
21.210893628067016,1.6102399826049805,0,0,False
21.210893628067016,1.6311230659484863,0,0,False
21.210893628067016,1.6357028484344482,0,0,False
21.210893628067016,1.658252477645874,0,0,False
21.210893628067016,1.6681609153747559,0,0,False
21.210893628067016,1.7211086750030518,0,0,False
21.210893628067016,1.6215813159942627,0,0,False
21.210893628067016,1.6667826175689697,0,0,False
21.210893628067016,1.6895956993103027,0,0,False
21.210893628067016,1.6878142356872559,0,0,False
21.210893628067016,1.7214953899383545,0,0,False
21.210893628067016,1.7160584926605225,0,0,False
21.210893628067016,1.7214577198028564,0,0,False
21.210893628067016,1.7195587158203125,0,0,False
21.210893628067016,1.7638273239135742,0,0,False
21.210893628067016,1.7814257144927979,0,0,False
21.210893628067016,1.6750504970550537,0,0,False
21.210893628067016,1.8400523662567139,0,0,False
21.210893628067016,1.7294611930847168,0,0,False
21.210893628067016,1.7697076797485352,0,0,False
21.49704743073564,1.7923998832702637,0,0,False
21.210893628067016,1.8084492683410645,0,0,False
21.210893628067016,1.845423936843872,0,0,False
21.210893628067016,1.7926900386810303,0,0,False
21.210893628067016,1.827343463897705,0,0,False
21.210893628067016,1.852759838104248,0,0,False
21.210893628067016,1.8959734439849854,0,0,False
21.210893628067016,1.8771164417266846,0,0,False
21.210893628067016,1.8763747215270996,0,0,False
21.210893628067016,1.8561930656433105,0,0,False
21.210893628067016,1.7897732257843018,0,0,False
21.210893628067016,1.8921520709991455,0,0,False
21.210893628067016,2.0195672512054443,0,0,False
21.210893628067016,1.9152929782867432,0,0,False
21.210893628067016,1.9182095527648926,0,0,False
21.210893628067016,1.9039621353149414,0,0,False
21.210893628067016,1.947744369506836,0,0,False
21.210893628067016,1.936720609664917,0,0,False
21.210893628067016,1.925440788269043,0,0,False
21.210893628067016,1.9600474834442139,0,0,False
21.210893628067016,1.946531057357788,0,0,False
21.210893628067016,1.9130425453186035,0,0,False
21.210893628067016,2.1047658920288086,0,0,False
21.210893628067016,1.9871656894683838,0,0,False
21.210893628067016,1.9824893474578857,0,0,False
21.210893628067016,1.9489836692810059,0,0,False
21.210893628067016,1.9783523082733154,0,0,False
21.210893628067016,1.978468418121338,0,0,False
21.210893628067016,1.9925944805145264,0,0,False
21.210893628067016,2.1529860496520996,0,0,False
21.210893628067016,2.268644332885742,0,0,False
21.210893628067016,2.073298215866089,0,0,False
21.210893628067016,2.0600714683532715,0,0,False
21.210893628067016,2.0437428951263428,0,0,False
21.210893628067016,2.060506582260132,0,0,False
21.49704743073564,2.0755884647369385,0,0,False
21.210893628067016,2.080291986465454,0,0,False
21.210893628067016,2.030825614929199,0,0,False
21.210893628067016,2.096096992492676,0,0,False
21.210893628067016,2.0881025791168213,0,0,False
21.210893628067016,2.1157822608947754,0,0,False
21.210893628067016,2.120286464691162,0,0,False
21.210893628067016,2.249535083770752,0,0,False
21.210893628067016,2.159804344177246,0,0,False
21.210893628067016,2.102627754211426,0,0,False
21.210893628067016,2.1300344467163086,0,0,False
21.210893628067016,2.2732138633728027,0,0,False
22.162510962148033,2.1033401489257812,0,0,False
32.29363185192212,2.205570697784424,0,0,False
85.0052595312945,2.1376304626464844,0,0,False
36.23836575105867,2.1508734226226807,0,0,False
22.810653551008826,2.1116485595703125,0,0,False
21.210893628067016,2.291633367538452,0,0,False
21.210893628067016,2.334665298461914,0,0,False
21.49704743073564,2.272594451904297,0,0,False
21.210893628067016,2.30210280418396,0,0,False
21.210893628067016,2.2667324542999268,0,0,False
21.210893628067016,2.1830952167510986,0,0,False
21.210893628067016,2.2847511768341064,0,0,False
21.210893628067016,2.252788543701172,0,0,False
21.210893628067016,2.3416755199432373,0,0,False
21.210893628067016,2.326951026916504,0,0,False
21.210893628067016,2.307234764099121,0,0,False
21.210893628067016,2.2894251346588135,0,0,False
21.210893628067016,2.243574380874634,0,0,False
21.210893628067016,2.297813653945923,0,0,False
21.210893628067016,2.399127721786499,0,0,False
21.210893628067016,2.339446544647217,0,0,False
21.210893628067016,2.3071041107177734,0,0,False
21.210893628067016,2.262373924255371,0,0,False
21.210893628067016,2.3032515048980713,0,0,False
21.210893628067016,2.3852486610412598,0,0,False
21.210893628067016,2.3501410484313965,0,0,False
21.210893628067016,2.3085858821868896,0,0,False
21.210893628067016,2.3935000896453857,0,0,False
21.210893628067016,2.3661603927612305,0,0,False
21.210893628067016,2.349745750427246,0,0,False
21.210893628067016,2.44250226020813,0,0,False
21.210893628067016,2.378545045852661,0,0,False
21.210893628067016,2.456186532974243,0,0,False
21.210893628067016,2.6614413261413574,0,0,False
21.210893628067016,2.49194073677063,0,0,False
21.210893628067016,2.4880800247192383,0,0,False
21.210893628067016,2.4189298152923584,0,0,False
21.210893628067016,2.5787317752838135,0,0,False
21.210893628067016,2.507763147354126,0,0,False
21.210893628067016,2.554412603378296,0,0,False
21.210893628067016,2.7978811264038086,0,0,False
21.210893628067016,2.6016573905944824,0,0,False
21.210893628067016,2.575615644454956,0,0,False
21.210893628067016,2.4818501472473145,0,0,False
21.210893628067016,2.46954607963562,0,0,False
21.210893628067016,2.4442903995513916,0,0,False
21.210893628067016,2.6029629707336426,0,0,False
21.210893628067016,2.7559549808502197,0,0,False
21.210893628067016,2.5067899227142334,0,0,False
21.210893628067016,2.6906230449676514,0,0,False
21.210893628067016,2.6110029220581055,0,0,False
21.210893628067016,2.5442183017730713,0,0,False
21.210893628067016,2.6836929321289062,0,0,False
21.210893628067016,2.622222661972046,0,0,False
21.210893628067016,2.5787649154663086,0,0,False
21.210893628067016,2.6339352130889893,0,0,False
21.210893628067016,2.6718993186950684,0,0,False
21.210893628067016,2.657315254211426,0,0,False
21.210893628067016,2.648560047149658,0,0,False
21.210893628067016,2.6362900733947754,0,0,False
21.210893628067016,2.7097556591033936,0,0,False
21.210893628067016,2.843686580657959,0,0,False
21.210893628067016,2.689852237701416,0,0,False
21.210893628067016,2.6481809616088867,0,0,False
21.210893628067016,2.6771726608276367,0,0,False
21.210893628067016,2.8375320434570312,0,0,False
21.210893628067016,2.704967737197876,0,0,False
21.210893628067016,3.0717668533325195,0,0,False
21.210893628067016,2.8032567501068115,0,0,False
21.210893628067016,2.85022234916687,0,0,False
21.210893628067016,2.6551167964935303,0,0,False
21.210893628067016,2.972937822341919,0,0,False
21.210893628067016,2.9018218517303467,0,0,False
21.210893628067016,2.9647703170776367,0,0,False
21.210893628067016,2.7615485191345215,0,0,False
21.210893628067016,2.839369773864746,0,0,False
21.210893628067016,2.913217067718506,0,0,False
21.210893628067016,2.8667891025543213,0,0,False
21.210893628067016,2.755063533782959,0,0,False
21.210893628067016,2.977539539337158,0,0,False
21.210893628067016,2.8583991527557373,0,0,False
21.210893628067016,3.026297092437744,0,0,False
21.210893628067016,2.7975404262542725,0,0,False
21.210893628067016,2.82281494140625,0,0,False
21.210893628067016,2.8619494438171387,0,0,False
21.210893628067016,2.92803692817688,0,0,False
21.210893628067016,3.216505765914917,0,0,False
21.210893628067016,2.980046510696411,0,0,False
21.210893628067016,2.8629698753356934,0,0,False
21.210893628067016,2.869382381439209,0,0,False
21.210893628067016,3.0655124187469482,0,0,False
21.210893628067016,3.146963596343994,0,0,False
21.210893628067016,2.9612207412719727,0,0,False
21.210893628067016,2.9318182468414307,0,0,False
21.210893628067016,2.95723819732666,0,0,False
21.210893628067016,3.171456813812256,0,0,False
21.210893628067016,2.9327259063720703,0,0,False
119.81861115791597,2.997339963912964,0,0,False
21.210893628067016,3.0226075649261475,0,0,False
21.210893628067016,2.9847092628479004,0,0,False
21.210893628067016,3.365630865097046,0,0,False
21.210893628067016,2.9227652549743652,0,0,False
-----
361.6816090885884,0.5647797584533691,0,0,False
288.4123733369963,0.10260653495788574,0,0,False
383.0478269239094,0.11586236953735352,0,0,False
308.9491734179463,0.11793041229248047,0,0,False
308.9491734179463,0.12302637100219727,0,0,False
330.3153912532674,0.12836885452270508,0,0,False
330.3153912532674,0.16317391395568848,0,0,False
383.0478269239094,0.1432654857635498,0,0,False
361.68160908858835,0.14937043190002441,0,0,False
330.3153912532673,0.15094804763793945,0,0,False
388.0478269239094,0.1550440788269043,0,0,False
361.6816090885884,0.1517806053161621,0,0,False
330.3153912532674,0.2131025791168213,0,0,False
330.31539125326736,0.1855480670928955,0,0,False
330.31539125326736,0.17993688583374023,0,0,False
290.9584397666174,0.1880810260772705,0,0,False
269.5922219312964,0.18777704238891602,0,0,False
293.6707133564061,0.18407821655273438,0,0,False
383.0478269239094,0.25302886962890625,0,0,False
361.6816090885884,0.22812843322753906,0,0,False
330.3153912532674,0.19979572296142578,0,0,False
269.5922219312964,0.2277987003326416,0,0,False
231.34120825768946,0.2226426601409912,0,0,False
335.9766618446026,0.20889067649841309,0,0,False
330.31539125326736,0.2714202404022217,0,0,False
308.94498047786914,0.22431516647338867,0,0,False
308.94498047786914,0.23856854438781738,0,0,False
179.08840756643693,0.23038673400878906,0,0,False
278.2442261739605,0.235198974609375,0,0,False
293.6707133564061,0.23902034759521484,0,0,False
303.2968378890083,0.30637049674987793,0,0,False
230.67993766635428,0.2555701732635498,0,0,False
356.6816090885884,0.25945067405700684,0,0,False
335.31539125326736,0.2658727169036865,0,0,False
246.06939857553812,0.27863216400146484,0,0,False
335.31539125326736,0.3065338134765625,0,0,False
409.4140447592304,0.982630729675293,0,0,False
303.9491734179463,0.3214435577392578,0,0,False
282.58295558262535,0.31870317459106445,0,0,False
303.9491734179463,0.3033139705657959,0,0,False
335.3153912532674,0.3146378993988037,0,0,False
306.2072319744551,0.32816147804260254,0,0,False
335.31539125326736,0.40402650833129883,0,0,False
356.6816090885884,0.3289496898651123,0,0,False
388.0478269239094,0.3604292869567871,0,0,False
335.3153912532673,0.33666181564331055,0,0,False
356.6816090885884,0.3622422218322754,0,0,False
356.6816090885884,0.36048150062561035,0,0,False
335.3153912532674,0.4345827102661133,0,0,False
335.31539125326736,0.3513917922973633,0,0,False
83.02618987960894,0.3500676155090332,0,0,False
303.9491734179463,0.35390520095825195,0,0,False
303.94498047786914,0.35750818252563477,0,0,False
356.6816090885884,0.3606390953063965,0,0,False
133.17825081437417,0.4706234931945801,0,0,False
308.9491734179463,0.384382963180542,0,0,False
284.84101413913413,0.38687872886657715,0,0,False
54.7408678997463,0.38787317276000977,0,0,False
138.10387692820595,0.3925669193267822,0,0,False
284.84101413913413,0.3950197696685791,0,0,False
71.67108302485151,0.523435115814209,0,0,False
322.08622490397124,0.4183793067932129,0,0,False
81.88564341424204,0.4164164066314697,0,0,False
66.67108302485151,0.4273364543914795,0,0,False
136.09161685758917,0.4181098937988281,0,0,False
266.56856440691564,0.4193840026855469,0,0,False
209.0143763094279,0.5424096584320068,0,0,False
72.81162949021841,0.4582648277282715,0,0,False
280.43292187527493,0.4597311019897461,0,0,False
140.97361021795638,0.44156312942504883,0,0,False
146.91447593625867,0.44626760482788086,0,0,False
146.91447593625867,0.46312475204467773,0,0,False
74.12523561049159,0.6056497097015381,0,0,False
187.05542589046033,0.4702291488647461,0,0,False
187.05542589046033,0.4861278533935547,0,0,False
99.8433108569518,0.47370243072509766,0,0,False
65.84988078108444,0.4773869514465332,0,0,False
173.2806937715797,0.4805901050567627,0,0,False
222.68322214657834,0.6202359199523926,0,0,False
111.89027198982654,0.5016946792602539,0,0,False
215.51380752522925,0.4997727870941162,0,0,False
242.70122760431735,0.5003855228424072,0,0,False
115.38595006181008,0.5063900947570801,0,0,False
120.54825810093766,0.5129845142364502,0,0,False
194.60987411317828,0.6708521842956543,0,0,False
277.58295558262535,0.5267748832702637,0,0,False
99.51905414348154,0.526453971862793,0,0,False
96.23129086339324,0.5384550094604492,0,0,False
174.66867377802112,0.5669112205505371,0,0,False
214.52899977221708,0.5419213771820068,0,0,False
189.68263813100668,0.6933965682983398,0,0,False
188.36903201073352,0.5548956394195557,0,0,False
215.51380752522925,0.5834789276123047,0,0,False
111.07219556147253,0.5611817836761475,0,0,False
172.2958860185675,0.5736031532287598,0,0,False
215.02140364872318,0.6035313606262207,0,0,False
214.73524984605453,0.749394416809082,0,0,False
241.07634271883308,0.6002907752990723,0,0,False
162.2889679780811,0.5861973762512207,0,0,False
144.6160620629733,0.5878229141235352,0,0,False
151.42207205975257,0.5950207710266113,0,0,False
216.4734083168759,0.5979123115539551,0,0,False
36.61536980982526,0.8322732448577881,0,0,False
230.50759756324123,0.7238645553588867,0,0,False
66.17867914834541,0.722571611404419,0,0,False
203.87651418906384,0.691838264465332,0,0,False
162.93711056694193,0.6221418380737305,0,0,False
173.2806937715797,0.6253430843353271,0,0,False
175.16107765452722,1.042825698852539,0,0,False
188.36903201073352,0.6683685779571533,0,0,False
188.36903201073352,0.6674642562866211,0,0,False
149.61606206297327,0.6670455932617188,0,0,False
145.6008698159855,0.6928648948669434,0,0,False
124.8234033949114,0.6634626388549805,0,0,False
112.02381289555353,0.8560681343078613,0,0,False
199.80684325933262,0.6802554130554199,0,0,False
212.92923984927523,0.678076982498169,0,0,False
187.34157969312895,0.6798408031463623,0,0,False
241.5093554207253,0.687997579574585,0,0,False
214.73524984605453,0.7824714183807373,0,0,False
239.78786156110237,1.0081334114074707,0,0,False
205.29924713583873,0.8087060451507568,0,0,False
131.53760750774057,0.7162792682647705,0,0,False
249.9120666894283,0.7114391326904297,0,0,False
171.96708765130649,0.8077113628387451,0,0,False
239.94779321353428,0.888037919998169,0,0,False
36.19081745927712,1.0481383800506592,0,0,False
148.3024559427001,0.8199765682220459,0,0,False
198.9856410155655,0.8442831039428711,0,0,False
213.70779752844996,0.816500186920166,0,0,False
72.08677478419213,0.8569843769073486,0,0,False
214.06978631464216,0.8750126361846924,0,0,False
374.98104551444106,1.1050705909729004,0,0,False
268.61242492214063,0.8002004623413086,0,0,False
215.66954623758394,0.7802801132202148,0,0,False
188.79358436128166,0.7977089881896973,0,0,False
46.83668355597326,0.9012389183044434,0,0,False
122.42864198388519,0.8953976631164551,0,0,False
224.85945497438044,1.1337969303131104,0,0,False
120.54825810093766,0.9047079086303711,0,0,False
240.726350892709,0.8982357978820801,0,0,False
143.3024559427001,0.8831114768981934,0,0,False
150.10846593947937,0.9159119129180908,0,0,False
229.36705109787437,0.9043402671813965,0,0,False
216.20146886326933,1.0831506252288818,0,0,False
144.61606206297327,0.856842041015625,0,0,False
66.96973927764476,0.8507614135742188,0,0,False
22.799468067900552,0.8812577724456787,0,0,False
22.799468067900552,0.8505146503448486,0,0,False
22.799468067900552,0.8430178165435791,0,0,False
43.44726899649411,1.2104847431182861,0,0,False
43.15651426774816,0.8839640617370605,0,0,False
1.7806490507143944,0.9235143661499023,0,0,False
5.721467411533953,0.9303653240203857,0,0,False
1.7806490507143944,0.8729698657989502,0,0,False
1.7806490507143944,1.0509541034698486,0,0,False
1.7806490507143944,1.2024977207183838,0,0,False
1.7806490507143944,0.9736630916595459,0,0,False
1.7806490507143944,0.9498071670532227,0,0,False
1.7806490507143944,0.8973829746246338,0,0,False
1.7806490507143944,0.9083776473999023,0,0,False
1.7806490507143944,1.0250639915466309,0,0,False
1.7806490507143944,1.1876823902130127,0,0,False
1.7806490507143944,0.9612658023834229,0,0,False
1.7806490507143944,0.9300153255462646,0,0,False
1.7806490507143944,0.9441308975219727,0,0,False
1.7806490507143944,1.1535780429840088,0,0,False
1.7806490507143944,0.9744405746459961,0,0,False
1.7806490507143944,1.2031550407409668,0,0,False
1.7806490507143944,0.9740016460418701,0,0,False
1.7806490507143944,0.981687068939209,0,0,False
1.7806490507143944,0.9645907878875732,0,0,False
1.7806490507143944,0.9604067802429199,0,0,False
1.7806490507143944,1.023967981338501,0,0,False
1.7806490507143944,1.281050682067871,0,0,False
1.7806490507143944,1.1662793159484863,0,0,False
1.7806490507143944,1.144320011138916,0,0,False
1.7806490507143944,1.1594927310943604,0,0,False
1.7806490507143944,1.179830551147461,0,0,False
1.7806490507143944,1.1980063915252686,0,0,False
1.7806490507143944,1.8748877048492432,0,0,False
1.7806490507143944,1.2127628326416016,0,0,False
1.7806490507143944,1.1759867668151855,0,0,False
1.7806490507143944,1.3281865119934082,0,0,False
1.7806490507143944,1.2091710567474365,0,0,False
1.7806490507143944,1.2319960594177246,0,0,False
1.7806490507143944,1.496011734008789,0,0,False
1.7806490507143944,1.2773187160491943,0,0,False
1.7806490507143944,1.2559945583343506,0,0,False
1.7806490507143944,1.2278661727905273,0,0,False
1.7806490507143944,1.281101942062378,0,0,False
1.7806490507143944,1.2629499435424805,0,0,False
1.7806490507143944,1.5542263984680176,0,0,False
1.7806490507143944,1.2919235229492188,0,0,False
1.7806490507143944,1.2945199012756348,0,0,False
1.7806490507143944,1.263443946838379,0,0,False
1.7806490507143944,1.3044941425323486,0,0,False
1.7806490507143944,1.2925982475280762,0,0,False
1.7806490507143944,1.6453473567962646,0,0,False
1.7806490507143944,1.3449037075042725,0,0,False
1.7806490507143944,1.3959388732910156,0,0,False
1.7806490507143944,1.3625385761260986,0,0,False
1.7806490507143944,1.3484349250793457,0,0,False
1.7806490507143944,1.3538622856140137,0,0,False
1.7806490507143944,1.6729967594146729,0,0,False
1.7806490507143944,1.3976435661315918,0,0,False
1.7806490507143944,1.3758981227874756,0,0,False
1.7806490507143944,1.3934683799743652,0,0,False
1.7806490507143944,1.4136245250701904,0,0,False
1.7806490507143944,1.3991265296936035,0,0,False
1.7806490507143944,1.7988977432250977,0,0,False
1.7806490507143944,1.4050662517547607,0,0,False
1.7806490507143944,1.423525094985962,0,0,False
1.7806490507143944,1.4157860279083252,0,0,False
1.7806490507143944,1.5105125904083252,0,0,False
1.7806490507143944,1.435157060623169,0,0,False
1.7806490507143944,1.8056833744049072,0,0,False
1.7806490507143944,1.5987451076507568,0,0,False
1.7806490507143944,1.4846057891845703,0,0,False
1.7806490507143944,1.4931378364562988,0,0,False
1.7806490507143944,1.4914870262145996,0,0,False
1.7806490507143944,1.5119109153747559,0,0,False
1.7806490507143944,1.82076096534729,0,0,False
1.7806490507143944,1.5384950637817383,0,0,False
1.7806490507143944,1.5178043842315674,0,0,False
1.7806490507143944,1.539142370223999,0,0,False
1.7806490507143944,1.6526918411254883,0,0,False
1.7806490507143944,1.5489401817321777,0,0,False
1.7806490507143944,1.8974964618682861,0,0,False
1.7806490507143944,1.5685625076293945,0,0,False
1.7806490507143944,1.6432907581329346,0,0,False
1.7806490507143944,1.6318111419677734,0,0,False
1.7806490507143944,1.5773489475250244,0,0,False
1.7806490507143944,1.5777759552001953,0,0,False
1.7806490507143944,1.9598422050476074,0,0,False
1.7806490507143944,1.6336240768432617,0,0,False
1.7806490507143944,1.6196136474609375,0,0,False
1.7806490507143944,1.5855069160461426,0,0,False
1.7806490507143944,1.657412052154541,0,0,False
1.7806490507143944,1.6580300331115723,0,0,False
1.7806490507143944,2.0248563289642334,0,0,False
1.7806490507143944,1.6501283645629883,0,0,False
1.7806490507143944,1.6808137893676758,0,0,False
1.7806490507143944,1.7084321975708008,0,0,False
1.7806490507143944,1.692697525024414,0,0,False
1.7806490507143944,1.583617925643921,0,0,False
1.7806490507143944,2.084595203399658,0,0,False
1.7806490507143944,1.7132329940795898,0,0,False
1.7806490507143944,1.74471116065979,0,0,False
1.7806490507143944,1.7177085876464844,0,0,False
1.7806490507143944,1.7396862506866455,0,0,False
1.7806490507143944,1.7162244319915771,0,0,False
1.7806490507143944,2.764516830444336,0,0,False
1.7806490507143944,1.8020923137664795,0,0,False
1.7806490507143944,1.771040678024292,0,0,False
1.7806490507143944,1.8965466022491455,0,0,False
1.7806490507143944,1.782519817352295,0,0,False
1.7806490507143944,1.7827119827270508,0,0,False
1.7806490507143944,2.182025194168091,0,0,False
1.7806490507143944,1.8762757778167725,0,0,False
1.7806490507143944,1.8492896556854248,0,0,False
1.7806490507143944,1.7742836475372314,0,0,False
1.7806490507143944,1.8415765762329102,0,0,False
1.7806490507143944,1.8588781356811523,0,0,False
1.7806490507143944,2.2036349773406982,0,0,False
1.7806490507143944,1.8577702045440674,0,0,False
1.7806490507143944,1.843017578125,0,0,False
1.7806490507143944,1.8686492443084717,0,0,False
1.7806490507143944,1.8899285793304443,0,0,False
1.7806490507143944,1.812345266342163,0,0,False
1.7806490507143944,2.3433377742767334,0,0,False
1.7806490507143944,1.9320521354675293,0,0,False
1.7806490507143944,1.9987080097198486,0,0,False
1.7806490507143944,1.9937896728515625,0,0,False
1.7806490507143944,1.9502131938934326,0,0,False
1.7806490507143944,1.9615154266357422,0,0,False
1.7806490507143944,2.3897085189819336,0,0,False
1.7806490507143944,1.97711181640625,0,0,False
1.7806490507143944,1.8891124725341797,0,0,False
1.7806490507143944,1.968383550643921,0,0,False
1.7806490507143944,1.9730336666107178,0,0,False
1.7806490507143944,1.9819674491882324,0,0,False
1.7806490507143944,2.4033849239349365,0,0,False
1.7806490507143944,2.0021631717681885,0,0,False
1.7806490507143944,1.982837438583374,0,0,False
1.7806490507143944,1.9673113822937012,0,0,False
1.7806490507143944,2.034939765930176,0,0,False
1.7806490507143944,2.0002617835998535,0,0,False
1.7806490507143944,2.535891532897949,0,0,False
1.7806490507143944,2.1068406105041504,0,0,False
1.7806490507143944,2.058135986328125,0,0,False
1.7806490507143944,1.9946496486663818,0,0,False
1.7806490507143944,1.9865822792053223,0,0,False
1.7806490507143944,2.0094776153564453,0,0,False
1.7806490507143944,2.4715018272399902,0,0,False
1.7806490507143944,2.137281894683838,0,0,False
1.7806490507143944,2.0838119983673096,0,0,False
1.7806490507143944,2.1685092449188232,0,0,False
1.7806490507143944,2.140493392944336,0,0,False
1.7806490507143944,2.123225450515747,0,0,False
1.7806490507143944,2.527324914932251,0,0,False
1.7806490507143944,2.131352424621582,0,0,False
1.7806490507143944,2.1590065956115723,0,0,False
1.7806490507143944,2.1649558544158936,0,0,False
1.7806490507143944,2.2106356620788574,0,0,False
1.7806490507143944,2.245900869369507,0,0,False
1.7806490507143944,2.628822088241577,0,0,False
1.7806490507143944,2.2779107093811035,0,0,False
1.7806490507143944,2.2095041275024414,0,0,False
1.7806490507143944,2.1714859008789062,0,0,False
1.7806490507143944,2.20060133934021,0,0,False
1.7806490507143944,2.1479735374450684,0,0,False
1.7806490507143944,2.707056999206543,0,0,False
1.7806490507143944,2.398761749267578,0,0,False
1.7806490507143944,2.2196569442749023,0,0,False
1.7806490507143944,2.2186331748962402,0,0,False
1.7806490507143944,2.2247939109802246,0,0,False
1.7806490507143944,2.2168920040130615,0,0,False
1.7806490507143944,2.8224799633026123,0,0,False
1.7806490507143944,2.280625104904175,0,0,False
1.7806490507143944,2.411874532699585,0,0,False
1.7806490507143944,2.228375196456909,0,0,False
1.7806490507143944,2.3908371925354004,0,0,False
1.7806490507143944,2.3974945545196533,0,0,False
1.7806490507143944,3.6489787101745605,0,0,False
1.7806490507143944,2.2866735458374023,0,0,False
1.7806490507143944,2.2938408851623535,0,0,False
1.7806490507143944,2.4131712913513184,0,0,False
1.7806490507143944,2.4646804332733154,0,0,False
1.7806490507143944,2.2415335178375244,0,0,False
1.7806490507143944,2.8801662921905518,0,0,False
1.7806490507143944,2.394362449645996,0,0,False
1.7806490507143944,2.48026180267334,0,0,False
1.7806490507143944,2.448779821395874,0,0,False
1.7806490507143944,2.384028434753418,0,0,False
1.7806490507143944,2.582566976547241,0,0,False
1.7806490507143944,3.0419063568115234,0,0,False
1.7806490507143944,2.5492119789123535,0,0,False
1.7806490507143944,2.434020757675171,0,0,False
1.7806490507143944,2.4667608737945557,0,0,False
1.7806490507143944,2.7201626300811768,0,0,False
1.7806490507143944,2.5420587062835693,0,0,False
1.7806490507143944,2.9783072471618652,0,0,False
1.7806490507143944,2.632850408554077,0,0,False
1.7806490507143944,2.4666264057159424,0,0,False
1.7806490507143944,2.4739668369293213,0,0,False
1.7806490507143944,2.4690189361572266,0,0,False
1.7806490507143944,2.458482265472412,0,0,False
1.7806490507143944,3.010444402694702,0,0,False
1.7806490507143944,2.548729181289673,0,0,False
1.7806490507143944,2.542498826980591,0,0,False
1.7806490507143944,2.5288281440734863,0,0,False
1.7806490507143944,2.809566020965576,0,0,False
1.7806490507143944,2.4910521507263184,0,0,False
1.7806490507143944,2.9943501949310303,0,0,False
1.7806490507143944,2.586603879928589,0,0,False
1.7806490507143944,2.6372973918914795,0,0,False
1.7806490507143944,2.626354932785034,0,0,False
1.7806490507143944,2.5958142280578613,0,0,False
1.7806490507143944,2.5770368576049805,0,0,False
1.7806490507143944,3.149104118347168,0,0,False
1.7806490507143944,2.6319994926452637,0,0,False
1.7806490507143944,2.6323118209838867,0,0,False
1.7806490507143944,2.724372625350952,0,0,False
1.7806490507143944,2.69317626953125,0,0,False
1.7806490507143944,2.6210906505584717,0,0,False
1.7806490507143944,3.1842119693756104,0,0,False
1.7806490507143944,2.7410688400268555,0,0,False
1.7806490507143944,2.785649538040161,0,0,False
1.7806490507143944,2.6164391040802,0,0,False
1.7806490507143944,2.8144896030426025,0,0,False
1.7806490507143944,2.86336612701416,0,0,False
1.7806490507143944,3.2417917251586914,0,0,False
1.7806490507143944,3.0195364952087402,0,0,False
1.7806490507143944,2.7358622550964355,0,0,False
1.7806490507143944,2.644631862640381,0,0,False
1.7806490507143944,2.705941915512085,0,0,False
1.7806490507143944,2.7566001415252686,0,0,False
1.7806490507143944,3.2955117225646973,0,0,False
1.7806490507143944,3.170774459838867,0,0,False
1.7806490507143944,2.7857322692871094,0,0,False
1.7806490507143944,2.817436456680298,0,0,False
1.7806490507143944,2.8364107608795166,0,0,False
1.7806490507143944,2.858264684677124,0,0,False
1.7806490507143944,3.3724405765533447,0,0,False
1.7806490507143944,2.934837579727173,0,0,False
1.7806490507143944,2.9630210399627686,0,0,False
1.7806490507143944,2.852830648422241,0,0,False
1.7806490507143944,2.8484134674072266,0,0,False
1.7806490507143944,3.0372414588928223,0,0,False
1.7806490507143944,3.5494282245635986,0,0,False
1.7806490507143944,3.052488088607788,0,0,False
1.7806490507143944,3.175306797027588,0,0,False
1.7806490507143944,2.9751522541046143,0,0,False
1.7806490507143944,2.863617420196533,0,0,False
1.7806490507143944,2.873124361038208,0,0,False
1.7806490507143944,4.820393085479736,0,0,False
1.7806490507143944,3.0155251026153564,0,0,False
1.7806490507143944,2.731153964996338,0,0,False
1.7806490507143944,3.4598209857940674,0,0,False
1.7806490507143944,2.915062189102173,0,0,False
1.7806490507143944,2.9332070350646973,0,0,False
1.7806490507143944,3.5556271076202393,0,0,False
1.7806490507143944,3.030468463897705,0,0,False
1.7806490507143944,3.560947895050049,0,0,False
-----
