[++] function: Levy 30
	[--] d: 30
	[--] minimizers: [1 1 1 1 1 1 1 1 1 1 1 1 1 1 1 1 1 1 1 1 1 1 1 1 1 1 1 1 1 1]
	[--] minimum: 0.0
	[--] search space: [[-10.  10.]
 [-10.  10.]
 [-10.  10.]
 [-10.  10.]
 [-10.  10.]
 [-10.  10.]
 [-10.  10.]
 [-10.  10.]
 [-10.  10.]
 [-10.  10.]
 [-10.  10.]
 [-10.  10.]
 [-10.  10.]
 [-10.  10.]
 [-10.  10.]
 [-10.  10.]
 [-10.  10.]
 [-10.  10.]
 [-10.  10.]
 [-10.  10.]
 [-10.  10.]
 [-10.  10.]
 [-10.  10.]
 [-10.  10.]
 [-10.  10.]
 [-10.  10.]
 [-10.  10.]
 [-10.  10.]
 [-10.  10.]
 [-10.  10.]]
[++] parameters
	[--] sigma: 5.0
	[--] lambda: 0.01 (variance: 0.0001)
	[--] |f|: 1.0	qbar: 2.0
	[--] delta: 1e-05
	[--] T: 700	hmax: 500
