308.9491734179463,0.3608121871948242,0,0,False
335.3153912532674,0.42402029037475586,0,0,False
303.9491734179463,0.48284435272216797,0,0,False
348.0236229774773,0.48123621940612793,0,0,False
361.6816090885884,0.48886990547180176,0,0,False
330.3153912532674,0.5476856231689453,0,0,False
361.6816090885884,0.5620090961456299,0,0,False
303.9491734179463,0.5947930812835693,0,0,False
356.6816090885884,0.6387331485748291,0,0,False
330.31539125326736,0.6974308490753174,0,0,False
356.6816090885884,0.7065145969390869,0,0,False
414.4140447592304,0.7757999897003174,0,0,False
361.6816090885884,0.7554049491882324,0,0,False
383.0478269239094,0.8203229904174805,0,0,False
177.1270193037384,0.8491322994232178,0,0,False
361.68160908858835,0.9174909591674805,0,0,False
293.458786563351,0.932955265045166,0,0,False
281.93062005368733,0.9672675132751465,0,0,False
215.81213772554068,1.0720343589782715,0,0,False
273.574322011339,1.0272314548492432,0,0,False
197.82777360764706,1.1288537979125977,0,0,False
283.24422617396056,1.175541877746582,0,0,False
211.20745073171634,1.238152265548706,0,0,False
255.0719983418602,1.2544426918029785,0,0,False
304.61044400928154,1.2962276935577393,0,0,False
329.66305572432935,1.3510112762451172,0,0,False
276.9306200536873,1.3694062232971191,0,0,False
321.6574051421563,1.4125006198883057,0,0,False
278.73663005046666,1.4219863414764404,0,0,False
276.93062005368733,1.4836280345916748,0,0,False
262.0461555016753,1.518897294998169,0,0,False
388.0478269239094,1.6051759719848633,0,0,False
330.48944588634447,1.6124091148376465,0,0,False
238.40005872905243,1.6239211559295654,0,0,False
277.5787626425481,1.6598129272460938,0,0,False
261.986146277656,1.7515244483947754,0,0,False
383.0478269239094,1.7491321563720703,0,0,False
388.0478269239094,1.7875585556030273,0,0,False
256.21254480722706,1.8123142719268799,0,0,False
330.31539125326736,1.8536877632141113,0,0,False
269.9886269837752,1.9053659439086914,0,0,False
268.920776531437,1.942122459411621,0,0,False
61.22262118305532,2.0080535411834717,0,0,False
277.43561641085915,1.9891417026519775,0,0,False
61.568166160337825,2.1443355083465576,0,0,False
172.54271106307903,2.22990083694458,0,0,False
212.86612155672944,2.284327745437622,0,0,False
276.43821617718123,2.3056588172912598,0,0,False
96.72369473989934,2.342285394668579,0,0,False
254.7541706056391,2.3111767768859863,0,0,False
243.22600409597536,2.353661298751831,0,0,False
161.757710054471,2.4013595581054688,0,0,False
197.33536973114093,2.439378499984741,0,0,False
282.35522957523153,2.453545570373535,0,0,False
230.24273202438485,2.4843478202819824,0,0,False
203.66138430209526,2.5506527423858643,0,0,False
215.38339243491535,2.6912455558776855,0,0,False
130.71640526397348,2.772308826446533,0,0,False
66.67108302485151,2.8215346336364746,0,0,False
269.3537892333292,2.8354015350341797,0,0,False
283.2442261739605,2.7456846237182617,0,0,False
162.9502385694163,2.8197436332702637,0,0,False
102.71304414670226,2.8460023403167725,0,0,False
55.02702170241493,2.8812594413757324,0,0,False
220.36445133155226,2.871964931488037,0,0,False
217.28860602246934,2.964157819747925,0,0,False
246.4889376714572,2.969905138015747,0,0,False
215.80794478546346,3.0027947425842285,0,0,False
163.3164202956857,3.009122610092163,0,0,False
214.73524984605453,3.100212812423706,0,0,False
150.10846593947937,3.1240532398223877,0,0,False
225.5325984945881,3.1514201164245605,0,0,False
213.21539365194386,3.1884069442749023,0,0,False
257.70742609301044,3.3592588901519775,0,0,False
168.6107896089582,3.3198606967926025,0,0,False
293.59718511123054,3.2991442680358887,0,0,False
166.73794863655613,3.3172662258148193,0,0,False
142.77962021473567,3.327601671218872,0,0,False
96.23129086339324,3.3395349979400635,0,0,False
69.79069914190399,3.3805580139160156,0,0,False
124.23465198066447,3.4602208137512207,0,0,False
146.83776381909317,3.50787091255188,0,0,False
212.92923984927523,3.5737128257751465,0,0,False
168.4845674587215,3.6249639987945557,0,0,False
156.15720652089618,3.6170647144317627,0,0,False
135.4766646876596,3.6524550914764404,0,0,False
113.78619013886828,3.6599864959716797,0,0,False
239.29545768459627,3.7427024841308594,0,0,False
17.780825962288976,3.7941973209381104,0,0,False
178.37212881745003,3.8106181621551514,0,0,False
86.03271184889907,3.8209991455078125,0,0,False
36.42829956532559,3.896984815597534,0,0,False
93.51238379412703,4.410417079925537,0,0,False
33.02078181404855,4.526492118835449,0,0,False
198.47591619650785,4.58536696434021,0,0,False
203.00083326255333,4.672688007354736,0,0,False
187.34157969312895,4.5680506229400635,0,0,False
22.948973125324805,4.70693039894104,0,0,False
92.53342802476625,4.643478155136108,0,0,False
28.896754605075273,4.793755054473877,0,0,False
27.911946852063068,4.707690715789795,0,0,False
25.968380308290527,4.824820280075073,0,0,False
16.467219842015787,4.798069000244141,0,0,False
20.07923983557437,4.8140833377838135,0,0,False
16.467219842015787,4.827899217605591,0,0,False
16.467219842015787,4.86860203742981,0,0,False
16.467219842015787,4.859487295150757,0,0,False
16.467219842015787,4.825232028961182,0,0,False
16.467219842015787,4.833171844482422,0,0,False
16.467219842015787,4.799531936645508,0,0,False
16.467219842015787,5.148723363876343,0,0,False
16.467219842015787,4.961019277572632,0,0,False
16.467219842015787,4.987152099609375,0,0,False
16.467219842015787,4.870914459228516,0,0,False
16.467219842015787,4.843566656112671,0,0,False
16.467219842015787,4.883874893188477,0,0,False
16.467219842015787,4.879589796066284,0,0,False
16.467219842015787,4.9401702880859375,0,0,False
16.467219842015787,4.844228267669678,0,0,False
16.467219842015787,5.016034841537476,0,0,False
16.467219842015787,4.957208871841431,0,0,False
16.467219842015787,4.9667112827301025,0,0,False
16.467219842015787,4.934940814971924,0,0,False
16.467219842015787,4.978505611419678,0,0,False
16.467219842015787,4.881139278411865,0,0,False
16.467219842015787,4.90275502204895,0,0,False
16.467219842015787,4.857989311218262,0,0,False
16.467219842015787,4.8473358154296875,0,0,False
16.467219842015787,4.850452899932861,0,0,False
16.467219842015787,4.877750396728516,0,0,False
16.467219842015787,4.855377674102783,0,0,False
16.467219842015787,4.909638404846191,0,0,False
16.467219842015787,4.875298738479614,0,0,False
16.467219842015787,4.873648166656494,0,0,False
16.467219842015787,4.871864080429077,0,0,False
16.467219842015787,4.909777402877808,0,0,False
16.467219842015787,4.859149694442749,0,0,False
16.467219842015787,4.917714595794678,0,0,False
16.467219842015787,4.931777000427246,0,0,False
16.467219842015787,4.90216851234436,0,0,False
16.467219842015787,4.88321590423584,0,0,False
16.467219842015787,4.927874326705933,0,0,False
16.467219842015787,4.902997255325317,0,0,False
16.467219842015787,5.0060272216796875,0,0,False
16.467219842015787,4.928586006164551,0,0,False
16.467219842015787,4.8843770027160645,0,0,False
16.467219842015787,4.956754446029663,0,0,False
16.467219842015787,4.877305507659912,0,0,False
16.467219842015787,4.855179786682129,0,0,False
16.467219842015787,4.9188313484191895,0,0,False
16.467219842015787,4.903625249862671,0,0,False
16.467219842015787,4.840916872024536,0,0,False
16.467219842015787,4.849154472351074,0,0,False
16.467219842015787,4.820586919784546,0,0,False
16.467219842015787,4.855504274368286,0,0,False
16.467219842015787,4.910638809204102,0,0,False
16.467219842015787,4.9439332485198975,0,0,False
16.467219842015787,4.881353855133057,0,0,False
16.467219842015787,4.811638832092285,0,0,False
16.467219842015787,4.8867058753967285,0,0,False
16.467219842015787,4.9193761348724365,0,0,False
16.467219842015787,4.852688550949097,0,0,False
16.467219842015787,4.794401407241821,0,0,False
16.467219842015787,4.8973352909088135,0,0,False
16.467219842015787,4.928760290145874,0,0,False
16.467219842015787,5.066748857498169,0,0,False
16.467219842015787,5.103853464126587,0,0,False
16.467219842015787,4.924764156341553,0,0,False
16.467219842015787,4.878959655761719,0,0,False
-----
383.0478269239094,0.2871723175048828,0,0,False
303.9491734179463,0.3264603614807129,0,0,False
335.31539125326736,0.37201929092407227,0,0,False
330.3153912532674,0.4712843894958496,0,0,False
303.9491734179463,0.46333956718444824,0,0,False
361.6816090885884,0.5186202526092529,0,0,False
383.0478269239094,0.5608611106872559,0,0,False
388.0478269239094,0.583625316619873,0,0,False
361.6816090885884,0.6379432678222656,0,0,False
383.0478269239094,0.6739046573638916,0,0,False
335.31539125326736,0.7100515365600586,0,0,False
325.1680520815012,0.7569429874420166,0,0,False
262.3044955210851,0.7487974166870117,0,0,False
241.75380321031358,0.8637328147888184,0,0,False
267.09256872803,0.8535342216491699,0,0,False
223.54584885410725,0.9007818698883057,0,0,False
335.3153912532673,0.9509718418121338,0,0,False
266.8064149253614,0.9747035503387451,0,0,False
255.067805401783,1.0432021617889404,0,0,False
235.0276021374163,1.073439121246338,0,0,False
224.1981843830453,1.1966605186462402,0,0,False
283.24422617396056,1.2569048404693604,0,0,False
251.06939857553812,1.2632746696472168,0,0,False
276.93062005368733,1.272331714630127,0,0,False
283.2442261739605,1.2920687198638916,0,0,False
277.5787626425481,1.3222930431365967,0,0,False
399.2898396309045,1.359821081161499,0,0,False
269.59222193129636,1.4109668731689453,0,0,False
183.36367836620698,1.4455487728118896,0,0,False
308.2968378890083,1.46366286277771,0,0,False
277.5787626425481,1.5219776630401611,0,0,False
303.94498047786914,1.570326328277588,0,0,False
269.59222193129636,1.5905799865722656,0,0,False
241.2434532086152,1.5787875652313232,0,0,False
272.4356164108591,1.647498369216919,0,0,False
264.59222193129636,1.655473232269287,0,0,False
388.0478269239094,1.656252384185791,0,0,False
230.51179050331845,1.829662799835205,0,0,False
167.65282365217988,1.7830405235290527,0,0,False
295.9584397666174,1.8130922317504883,0,0,False
268.4474825258523,1.8480849266052246,0,0,False
146.8492911444669,1.8903095722198486,0,0,False
289.4235752732457,1.9606282711029053,0,0,False
346.8435577629311,1.9695727825164795,0,0,False
224.0508452112791,2.11674165725708,0,0,False
138.2649637641418,2.175215244293213,0,0,False
361.6816090885884,2.2002971172332764,0,0,False
211.57177838754205,2.2362253665924072,0,0,False
252.36621927506837,2.2346317768096924,0,0,False
84.22670185211977,2.330343008041382,0,0,False
72.49228526861859,2.331378698348999,0,0,False
262.63280508737654,2.4359078407287598,0,0,False
185.74263430604591,2.3569881916046143,0,0,False
324.45253218940115,2.487860679626465,0,0,False
55.000820946732226,2.492719888687134,0,0,False
96.15691697722498,2.58953595161438,0,0,False
276.93062005368733,2.584364652633667,0,0,False
110.42405297261173,2.6506834030151367,0,0,False
184.2700431783826,2.6417300701141357,0,0,False
356.6816090885884,2.729701519012451,0,0,False
151.18962123023238,2.704167127609253,0,0,False
136.41096107918895,2.7929160594940186,0,0,False
82.96679870499506,2.8078713417053223,0,0,False
314.77859117231736,2.8725602626800537,0,0,False
215.00827564624876,2.8312129974365234,0,0,False
330.31539125326736,3.108027935028076,0,0,False
273.2881682086704,2.968543291091919,0,0,False
298.8018342461802,3.0423367023468018,0,0,False
204.63378360442633,2.989485740661621,0,0,False
241.5128920294493,3.075305700302124,0,0,False
283.2442261739605,3.088094472885132,0,0,False
73.63283173398548,3.1203150749206543,0,0,False
220.4046806987276,3.189295768737793,0,0,False
346.5574039602625,3.1961238384246826,0,0,False
256.2800944751242,3.222231388092041,0,0,False
64.86507302807222,3.2522754669189453,0,0,False
187.34157969312895,3.3093268871307373,0,0,False
243.22002222752837,3.3354804515838623,0,0,False
243.240830218798,3.428983211517334,0,0,False
120.54825810093766,3.531398296356201,0,0,False
219.90339700909038,3.6100521087646484,0,0,False
171.47468377480038,3.77071213722229,0,0,False
194.17332480256206,3.628035545349121,0,0,False
224.85945497438047,3.687744617462158,0,0,False
148.95059853156087,3.6301491260528564,0,0,False
162.77717891451,3.654151439666748,0,0,False
108.90419677850106,3.6183414459228516,0,0,False
176.64283093783624,3.616821050643921,0,0,False
272.7570102157024,3.8993000984191895,0,0,False
196.68722714228014,3.7771873474121094,0,0,False
219.7565381098668,3.837254047393799,0,0,False
189.14758968990824,3.846151351928711,0,0,False
66.00561949343913,4.264507055282593,0,0,False
72.16348690135762,4.390000820159912,0,0,False
145.2642046518341,4.515925884246826,0,0,False
240.43600414996317,4.4949421882629395,0,0,False
216.33500976899634,4.48922324180603,0,0,False
160.19680417863322,4.578864574432373,0,0,False
241.75380321031355,4.572182893753052,0,0,False
135.4088131617016,4.725620269775391,0,0,False
187.98972228198974,4.661365509033203,0,0,False
128.4179913906881,4.740622520446777,0,0,False
215.14313758540428,4.765748023986816,0,0,False
93.86369102218762,4.9077863693237305,0,0,False
146.42207205975257,5.053541898727417,0,0,False
170.81341318346523,4.877446889877319,0,0,False
190.9949073642366,4.898958683013916,0,0,False
253.03168280648077,5.111397981643677,0,0,False
187.70356847932112,5.031054735183716,0,0,False
377.1849678600431,5.166240930557251,0,0,False
268.12002104563453,5.288968324661255,0,0,False
241.75380321031355,5.339638948440552,0,0,False
168.0473618167521,5.203978061676025,0,0,False
303.9491734179463,5.271746635437012,0,0,False
209.30952689095605,5.3647754192352295,0,0,False
229.84632697190605,5.440534591674805,0,0,False
151.42207205975257,5.280038833618164,0,0,False
224.62700414486028,5.528361558914185,0,0,False
145.92966818324646,5.482386350631714,0,0,False
145.60086981598548,5.437277317047119,0,0,False
168.4845674587215,5.414084196090698,0,0,False
229.36705109787434,5.506546258926392,0,0,False
203.00083326255333,5.610097646713257,0,0,False
250.5644022183663,5.77274227142334,0,0,False
149.6160620629733,5.717461347579956,0,0,False
176.4746837748004,6.0172812938690186,0,0,False
144.8760151099592,5.964594125747681,0,0,False
204.8068432593326,5.985046863555908,0,0,False
148.22808205653186,5.948591232299805,0,0,False
374.98104551444106,5.978309392929077,0,0,False
249.41966281292218,6.0654802322387695,0,0,False
172.12282636366118,6.235680818557739,0,0,False
149.6160620629733,5.99910569190979,0,0,False
125.22400138746738,6.402120113372803,0,0,False
281.93062005368733,6.146850347518921,0,0,False
257.04615550167534,6.0822789669036865,0,0,False
294.7723926836242,6.159629821777344,0,0,False
171.6304224871551,6.261492967605591,0,0,False
140.97361021795638,6.376003980636597,0,0,False
184.3488290198892,6.804448127746582,0,0,False
202.1796310187862,6.541549444198608,0,0,False
209.97499042236845,6.7271270751953125,0,0,False
169.29845094699832,6.649195671081543,0,0,False
223.05344497760115,6.526415824890137,0,0,False
256.2125448072271,6.4872636795043945,0,0,False
125.47154598377217,6.586565732955933,0,0,False
64.76678965065594,6.8257811069488525,0,0,False
267.09256872803,6.709144830703735,0,0,False
241.75380321031355,6.68278694152832,0,0,False
204.30952689095605,6.87406063079834,0,0,False
142.38297032151672,6.6678760051727295,0,0,False
240.2339470162029,6.828962802886963,0,0,False
0.3286443825616883,6.913382053375244,0,0,False
0.3286443825616883,7.604102373123169,0,0,False
0.3286443825616883,7.0752527713775635,0,0,False
0.3286443825616883,7.209212303161621,0,0,False
0.3286443825616883,7.328876972198486,0,0,False
-----
346.8435577629311,0.3082430362701416,0,0,False
330.31539125326736,0.3401808738708496,0,0,False
409.4140447592304,0.419846773147583,0,0,False
361.6816090885884,0.46903133392333984,0,0,False
281.43821617718123,0.5467188358306885,0,0,False
278.73663005046666,0.570673942565918,0,0,False
243.22600409597536,0.5952205657958984,0,0,False
330.3153912532674,0.6239655017852783,0,0,False
276.93062005368733,0.6903519630432129,0,0,False
234.59458943552409,0.6573171615600586,0,0,False
356.6816090885884,0.7130317687988281,0,0,False
288.4123733369963,0.7477610111236572,0,0,False
256.87800833863946,0.797562837600708,0,0,False
293.8249682896204,0.7983415126800537,0,0,False
348.0236229774773,0.8376271724700928,0,0,False
256.87800833863946,0.9037542343139648,0,0,False
251.8780083386395,0.9209644794464111,0,0,False
255.5644022183663,0.9398536682128906,0,0,False
278.2442261739605,0.9750421047210693,0,0,False
303.2968378890083,1.0441489219665527,0,0,False
267.9657661124202,1.0857067108154297,0,0,False
320.1911861249415,1.1514918804168701,0,0,False
303.2968378890083,1.1705865859985352,0,0,False
303.94498047786914,1.2075762748718262,0,0,False
191.00159237486108,1.2993443012237549,0,0,False
241.07634271883308,1.3055908679962158,0,0,False
303.9491734179463,1.3377811908721924,0,0,False
262.0461555016753,1.373169183731079,0,0,False
314.8659211200643,1.3992440700531006,0,0,False
361.6816090885884,1.4484975337982178,0,0,False
383.0478269239094,1.487637996673584,0,0,False
388.0478269239094,1.5319719314575195,0,0,False
290.9584397666174,1.5884673595428467,0,0,False
277.43561641085915,1.5895638465881348,0,0,False
322.2486098437991,1.628232479095459,0,0,False
262.0461555016753,1.6506705284118652,0,0,False
4.9681166937248324,1.6834616661071777,0,0,False
261.6131427997831,1.7386884689331055,0,0,False
361.68160908858835,1.783942699432373,0,0,False
279.84101413913413,1.8245298862457275,0,0,False
247.20391123594078,1.8566606044769287,0,0,False
151.24901240484627,1.8908092975616455,0,0,False
317.32465760193844,1.9183919429779053,0,0,False
83.4054996083527,1.9911284446716309,0,0,False
15.383916413096337,2.1518402099609375,0,0,False
27.583148484802088,2.237933874130249,0,0,False
24.975404965537884,2.2360799312591553,0,0,False
4.269462743381248,2.2887909412384033,0,0,False
81.10708573506732,2.351517677307129,0,0,False
5.6162592825856255,2.354663610458374,0,0,False
1.6422505028348748,2.3973019123077393,0,0,False
246.73066916687333,2.4586291313171387,0,0,False
164.78263931290047,2.4969699382781982,0,0,False
2.9558566231080614,2.4967362880706787,0,0,False
1.3560967001662512,2.5220882892608643,0,0,False
1.3560967001662512,2.505117654800415,0,0,False
1.3560967001662512,2.502777576446533,0,0,False
1.3560967001662512,2.514070510864258,0,0,False
1.3560967001662512,2.498081922531128,0,0,False
1.3560967001662512,2.545602798461914,0,0,False
1.3560967001662512,2.506741762161255,0,0,False
1.3560967001662512,2.5309319496154785,0,0,False
1.3560967001662512,2.556882619857788,0,0,False
1.3560967001662512,2.546541213989258,0,0,False
1.3560967001662512,2.536579132080078,0,0,False
1.3560967001662512,2.529341220855713,0,0,False
1.3560967001662512,2.521836996078491,0,0,False
1.3560967001662512,2.5422141551971436,0,0,False
1.3560967001662512,2.5161244869232178,0,0,False
1.3560967001662512,2.53881573677063,0,0,False
1.3560967001662512,2.528620481491089,0,0,False
1.3560967001662512,2.5113847255706787,0,0,False
1.3560967001662512,2.5389363765716553,0,0,False
1.3560967001662512,2.5159993171691895,0,0,False
1.3560967001662512,2.517404556274414,0,0,False
1.3560967001662512,2.5006749629974365,0,0,False
1.3560967001662512,2.511469841003418,0,0,False
1.3560967001662512,2.499566078186035,0,0,False
1.3560967001662512,2.52590274810791,0,0,False
1.3560967001662512,2.492093801498413,0,0,False
1.3560967001662512,2.5120270252227783,0,0,False
1.3560967001662512,2.4997236728668213,0,0,False
1.3560967001662512,2.5044636726379395,0,0,False
1.3560967001662512,2.5409178733825684,0,0,False
1.3560967001662512,2.537475109100342,0,0,False
1.3560967001662512,2.495631694793701,0,0,False
1.3560967001662512,2.512371778488159,0,0,False
1.3560967001662512,2.510179281234741,0,0,False
1.3560967001662512,2.512096881866455,0,0,False
1.3560967001662512,2.5274341106414795,0,0,False
1.3560967001662512,2.5293805599212646,0,0,False
1.3560967001662512,2.5224294662475586,0,0,False
1.3560967001662512,2.5496325492858887,0,0,False
1.3560967001662512,2.5183300971984863,0,0,False
1.3560967001662512,2.543203592300415,0,0,False
1.3560967001662512,2.52409291267395,0,0,False
1.3560967001662512,2.5488739013671875,0,0,False
1.3560967001662512,2.516427755355835,0,0,False
1.3560967001662512,2.5822486877441406,0,0,False
1.3560967001662512,2.5537455081939697,0,0,False
1.3560967001662512,2.5164201259613037,0,0,False
1.3560967001662512,2.524915933609009,0,0,False
1.3560967001662512,2.5262908935546875,0,0,False
1.3560967001662512,2.5241639614105225,0,0,False
1.3560967001662512,2.52370285987854,0,0,False
1.3560967001662512,2.5339512825012207,0,0,False
1.3560967001662512,2.543386936187744,0,0,False
1.3560967001662512,2.536128282546997,0,0,False
1.3560967001662512,2.541806936264038,0,0,False
1.3560967001662512,2.54372239112854,0,0,False
1.3560967001662512,2.5651588439941406,0,0,False
1.3560967001662512,2.5657429695129395,0,0,False
1.3560967001662512,2.5474743843078613,0,0,False
1.3560967001662512,2.5730247497558594,0,0,False
1.3560967001662512,2.594562292098999,0,0,False
1.3560967001662512,2.572606086730957,0,0,False
1.3560967001662512,2.55654239654541,0,0,False
1.3560967001662512,2.541487693786621,0,0,False
1.3560967001662512,2.552044630050659,0,0,False
1.3560967001662512,2.553462028503418,0,0,False
1.3560967001662512,2.5440447330474854,0,0,False
1.3560967001662512,2.543043613433838,0,0,False
1.3560967001662512,2.589400053024292,0,0,False
1.3560967001662512,2.561389923095703,0,0,False
1.3560967001662512,2.5654642581939697,0,0,False
1.3560967001662512,2.5595016479492188,0,0,False
1.3560967001662512,2.5602800846099854,0,0,False
1.3560967001662512,2.5455162525177,0,0,False
1.3560967001662512,2.5094878673553467,0,0,False
1.3560967001662512,2.5237300395965576,0,0,False
1.3560967001662512,2.5360922813415527,0,0,False
1.3560967001662512,2.5012660026550293,0,0,False
1.3560967001662512,2.5082173347473145,0,0,False
1.3560967001662512,2.5181260108947754,0,0,False
1.3560967001662512,2.5219175815582275,0,0,False
1.3560967001662512,2.5269060134887695,0,0,False
1.3560967001662512,2.515103340148926,0,0,False
1.3560967001662512,2.5543553829193115,0,0,False
1.3560967001662512,2.5290615558624268,0,0,False
1.3560967001662512,2.5526111125946045,0,0,False
1.3560967001662512,2.5311686992645264,0,0,False
1.3560967001662512,2.5244832038879395,0,0,False
1.3560967001662512,2.5341641902923584,0,0,False
1.3560967001662512,2.568552255630493,0,0,False
1.3560967001662512,2.539674997329712,0,0,False
1.3560967001662512,2.562483787536621,0,0,False
1.3560967001662512,2.514817953109741,0,0,False
1.3560967001662512,2.5316193103790283,0,0,False
1.3560967001662512,2.516008138656616,0,0,False
1.3560967001662512,2.5156259536743164,0,0,False
1.3560967001662512,2.540151357650757,0,0,False
1.3560967001662512,2.5100505352020264,0,0,False
1.3560967001662512,2.6919772624969482,0,0,False
1.3560967001662512,2.5831587314605713,0,0,False
1.3560967001662512,2.5504257678985596,0,0,False
1.3560967001662512,2.5154306888580322,0,0,False
1.3560967001662512,2.5295891761779785,0,0,False
1.3560967001662512,2.5729012489318848,0,0,False
1.3560967001662512,2.5264575481414795,0,0,False
1.3560967001662512,2.5101206302642822,0,0,False
1.3560967001662512,2.6346495151519775,0,0,False
1.3560967001662512,2.568554639816284,0,0,False
1.3560967001662512,2.5546629428863525,0,0,False
1.3560967001662512,2.5699543952941895,0,0,False
1.3560967001662512,2.617927312850952,0,0,False
1.3560967001662512,2.5572264194488525,0,0,False
1.3560967001662512,2.5458827018737793,0,0,False
1.3560967001662512,2.537222146987915,0,0,False
1.3560967001662512,2.538116693496704,0,0,False
1.3560967001662512,2.5609817504882812,0,0,False
1.3560967001662512,2.6108946800231934,0,0,False
1.3560967001662512,2.645219326019287,0,0,False
1.3560967001662512,2.5943260192871094,0,0,False
1.3560967001662512,2.5295000076293945,0,0,False
1.3560967001662512,2.5182080268859863,0,0,False
1.3560967001662512,2.5472521781921387,0,0,False
1.3560967001662512,2.5424582958221436,0,0,False
1.3560967001662512,2.5405192375183105,0,0,False
1.3560967001662512,2.5300989151000977,0,0,False
1.3560967001662512,2.5169670581817627,0,0,False
1.3560967001662512,2.545259475708008,0,0,False
1.3560967001662512,2.5593464374542236,0,0,False
1.3560967001662512,2.552708148956299,0,0,False
1.3560967001662512,2.6050758361816406,0,0,False
1.3560967001662512,2.5365748405456543,0,0,False
1.3560967001662512,2.5491344928741455,0,0,False
1.3560967001662512,2.5196166038513184,0,0,False
1.3560967001662512,2.4853339195251465,0,0,False
1.3560967001662512,2.5170674324035645,0,0,False
1.3560967001662512,2.537179946899414,0,0,False
1.3560967001662512,2.5072848796844482,0,0,False
1.3560967001662512,2.5285720825195312,0,0,False
1.3560967001662512,2.5253803730010986,0,0,False
1.3560967001662512,2.548595666885376,0,0,False
1.3560967001662512,2.5136704444885254,0,0,False
1.3560967001662512,2.536437749862671,0,0,False
1.3560967001662512,2.527397871017456,0,0,False
1.3560967001662512,2.5266363620758057,0,0,False
1.3560967001662512,2.524324417114258,0,0,False
1.3560967001662512,2.5165913105010986,0,0,False
1.3560967001662512,2.5334270000457764,0,0,False
1.3560967001662512,2.567115306854248,0,0,False
1.3560967001662512,2.508300542831421,0,0,False
1.3560967001662512,2.5171377658843994,0,0,False
1.3560967001662512,2.552849531173706,0,0,False
1.3560967001662512,2.5633795261383057,0,0,False
1.3560967001662512,2.6020925045013428,0,0,False
1.3560967001662512,2.576007843017578,0,0,False
1.3560967001662512,2.638310670852661,0,0,False
1.3560967001662512,2.6888930797576904,0,0,False
1.3560967001662512,2.5720486640930176,0,0,False
1.3560967001662512,2.544830083847046,0,0,False
1.3560967001662512,2.5386643409729004,0,0,False
1.3560967001662512,2.530050277709961,0,0,False
1.3560967001662512,2.5177512168884277,0,0,False
1.3560967001662512,2.532615900039673,0,0,False
1.3560967001662512,2.5668420791625977,0,0,False
1.3560967001662512,2.5331757068634033,0,0,False
1.3560967001662512,2.5670998096466064,0,0,False
1.3560967001662512,2.555931806564331,0,0,False
1.3560967001662512,2.5134875774383545,0,0,False
1.3560967001662512,2.534242868423462,0,0,False
1.3560967001662512,2.5407705307006836,0,0,False
1.3560967001662512,2.5315651893615723,0,0,False
1.3560967001662512,2.5390915870666504,0,0,False
1.3560967001662512,2.5187902450561523,0,0,False
1.3560967001662512,2.529191493988037,0,0,False
1.3560967001662512,2.5640640258789062,0,0,False
1.3560967001662512,2.5756678581237793,0,0,False
1.3560967001662512,2.5701186656951904,0,0,False
1.3560967001662512,2.5243396759033203,0,0,False
1.3560967001662512,2.5786726474761963,0,0,False
1.3560967001662512,2.6541855335235596,0,0,False
1.3560967001662512,2.602362871170044,0,0,False
1.3560967001662512,2.5282185077667236,0,0,False
1.3560967001662512,2.512864351272583,0,0,False
1.3560967001662512,2.5861644744873047,0,0,False
1.3560967001662512,2.6204469203948975,0,0,False
1.3560967001662512,2.5350303649902344,0,0,False
1.3560967001662512,2.519465446472168,0,0,False
1.3560967001662512,2.5144104957580566,0,0,False
1.3560967001662512,2.5193967819213867,0,0,False
1.3560967001662512,2.529780149459839,0,0,False
1.3560967001662512,2.5216856002807617,0,0,False
1.3560967001662512,2.543026924133301,0,0,False
1.3560967001662512,2.5378661155700684,0,0,False
1.3560967001662512,2.533874273300171,0,0,False
1.3560967001662512,2.528779983520508,0,0,False
1.3560967001662512,2.514296770095825,0,0,False
1.3560967001662512,2.5007007122039795,0,0,False
-----
278.2442261739605,0.34049296379089355,0,0,False
361.6816090885884,0.35738086700439453,0,0,False
335.31539125326736,0.40830159187316895,0,0,False
330.3153912532674,0.47615957260131836,0,0,False
281.43821617718123,0.5099637508392334,0,0,False
282.58295558262535,0.5513827800750732,0,0,False
356.6816090885884,0.5890085697174072,0,0,False
351.5342699168222,0.619520902633667,0,0,False
330.3153912532674,0.6384735107421875,0,0,False
303.9491734179463,0.6855058670043945,0,0,False
388.0478269239094,0.7040817737579346,0,0,False
287.9793606351041,0.7893905639648438,0,0,False
356.68160908858835,0.747189998626709,0,0,False
295.882392008478,0.8154544830322266,0,0,False
242.0399570129822,0.8454968929290771,0,0,False
377.1849678600431,0.8831195831298828,0,0,False
216.20745073171634,0.9174001216888428,0,0,False
276.93062005368733,0.9535219669342041,0,0,False
203.49323713905943,0.9830319881439209,0,0,False
373.20977559825207,1.0643739700317383,0,0,False
226.00419437982455,1.0435705184936523,0,0,False
226.00000143974734,1.1667633056640625,0,0,False
229.59458943552409,1.1875593662261963,0,0,False
335.3111983131901,1.2278687953948975,0,0,False
281.93062005368733,1.2834830284118652,0,0,False
278.7366300504666,1.317920446395874,0,0,False
304.61044400928154,1.3492980003356934,0,0,False
251.8780083386395,1.3841254711151123,0,0,False
335.3153912532674,1.41880202293396,0,0,False
361.6816090885884,1.4959990978240967,0,0,False
256.64555750911927,1.580592155456543,0,0,False
356.6816090885884,1.5555000305175781,0,0,False
303.8018342461802,1.6088793277740479,0,0,False
361.6816090885884,1.6710624694824219,0,0,False
303.8018342461802,1.7107329368591309,0,0,False
330.31539125326736,1.752967357635498,0,0,False
250.5644022183663,1.7596533298492432,0,0,False
335.3111983131902,1.8844726085662842,0,0,False
137.61147305169982,1.8565492630004883,0,0,False
203.90892889840006,1.858602523803711,0,0,False
236.50935542072529,1.8489632606506348,0,0,False
158.3276758893081,1.9231839179992676,0,0,False
89.18859894131813,1.9198322296142578,0,0,False
225.27514673372104,1.9539697170257568,0,0,False
185.10779655559995,2.151981830596924,0,0,False
335.3153912532673,2.213423728942871,0,0,False
356.6816090885884,2.3004682064056396,0,0,False
62.63198128661566,2.292771577835083,0,0,False
119.39039069301917,2.2991106510162354,0,0,False
322.0032637970951,2.3640925884246826,0,0,False
309.77859117231736,2.44027042388916,0,0,False
267.09256872803,2.4518566131591797,0,0,False
268.920776531437,2.4621212482452393,0,0,False
104.25418860462514,2.4711787700653076,0,0,False
134.60495108240968,2.5236215591430664,0,0,False
320.47733992761005,2.615046501159668,0,0,False
294.91079123150377,2.589064359664917,0,0,False
172.7751618925992,2.6710028648376465,0,0,False
69.86507302807222,2.739258050918579,0,0,False
246.9219503733494,2.717576265335083,0,0,False
320.4773399276101,2.766782760620117,0,0,False
281.43821617718123,2.8312580585479736,0,0,False
58.335566950753275,2.8265085220336914,0,0,False
199.14137972792022,2.879136323928833,0,0,False
109.68720130651738,2.865215539932251,0,0,False
87.87499282104496,2.9517934322357178,0,0,False
145.1084659394794,2.9762749671936035,0,0,False
191.9842567710395,2.9804065227508545,0,0,False
202.82777360764703,3.040271043777466,0,0,False
150.7566085283402,3.1118998527526855,0,0,False
149.61606206297327,3.125486373901367,0,0,False
160.97536185780794,3.1622345447540283,0,0,False
146.8492911444669,3.2516772747039795,0,0,False
198.26078630953927,3.228503942489624,0,0,False
283.58642797007343,3.2743682861328125,0,0,False
220.189550811759,3.3200225830078125,0,0,False
241.08833967890118,3.383711099624634,0,0,False
278.24422617396056,3.3544440269470215,0,0,False
196.3187932396271,3.410407781600952,0,0,False
123.74224810415836,3.411877155303955,0,0,False
214.49853160526752,3.481044292449951,0,0,False
251.38659944030417,3.484875440597534,0,0,False
241.03361615541763,3.480081796646118,0,0,False
221.70940700586965,3.548444986343384,0,0,False
144.6160620629733,3.587174654006958,0,0,False
140.00554907496573,3.610751152038574,0,0,False
125.71640526397348,3.6812703609466553,0,0,False
143.0657740174043,3.6545262336730957,0,0,False
273.574322011339,3.729069232940674,0,0,False
269.2708281264531,3.7700517177581787,0,0,False
256.2125448072271,3.7981083393096924,0,0,False
144.443002408067,3.854418992996216,0,0,False
304.61044400928154,4.363573312759399,0,0,False
135.47666468765956,4.5456249713897705,0,0,False
272.4314234707819,4.533131837844849,0,0,False
182.29516646677425,4.595437526702881,0,0,False
273.71272055921855,4.601086616516113,0,0,False
69.86507302807223,4.6081109046936035,0,0,False
126.10459480584834,4.706491947174072,0,0,False
229.19399144296807,4.89813756942749,0,0,False
175.9822798982943,4.776932954788208,0,0,False
194.60987411317825,4.977298259735107,0,0,False
204.30952689095605,4.803968906402588,0,0,False
213.42164372578134,4.81508731842041,0,0,False
304.61044400928154,5.06566309928894,0,0,False
240.43600414996314,4.938515901565552,0,0,False
151.91447593625867,5.1040332317352295,0,0,False
203.22837160020305,5.230379819869995,0,0,False
195.13693909671116,5.426666498184204,0,0,False
177.46403318160333,5.2131829261779785,0,0,False
157.33027565563017,5.26439094543457,0,0,False
164.0949779748604,5.272366285324097,0,0,False
292.6802288841763,5.307218313217163,0,0,False
267.09256872803,5.271890640258789,0,0,False
224.85945497438047,5.455257892608643,0,0,False
231.17306109465363,5.312707901000977,0,0,False
276.93062005368733,5.244989633560181,0,0,False
125.53093715838605,5.35805869102478,0,0,False
186.56302201395422,5.370038032531738,0,0,False
268.12002104563464,5.466259717941284,0,0,False
12.793907948765359,5.462841272354126,0,0,False
12.793907948765359,6.187366008758545,0,0,False
12.793907948765359,5.796750545501709,0,0,False
12.793907948765359,5.537985563278198,0,0,False
12.793907948765359,5.51070499420166,0,0,False
12.793907948765359,5.629794359207153,0,0,False
12.793907948765359,5.554182291030884,0,0,False
12.793907948765359,5.5837242603302,0,0,False
12.793907948765359,5.6256513595581055,0,0,False
12.793907948765359,5.542658090591431,0,0,False
12.793907948765359,5.623053312301636,0,0,False
12.793907948765359,5.516333103179932,0,0,False
12.793907948765359,5.497848033905029,0,0,False
12.793907948765359,5.507734537124634,0,0,False
12.793907948765359,5.506611585617065,0,0,False
12.793907948765359,5.510962963104248,0,0,False
12.793907948765359,5.52734375,0,0,False
12.793907948765359,5.568461894989014,0,0,False
12.793907948765359,5.5483622550964355,0,0,False
12.793907948765359,5.580651521682739,0,0,False
12.793907948765359,5.544331073760986,0,0,False
12.793907948765359,5.443657159805298,0,0,False
12.793907948765359,5.43216609954834,0,0,False
12.793907948765359,5.538174390792847,0,0,False
12.793907948765359,5.477244138717651,0,0,False
12.793907948765359,5.555528163909912,0,0,False
12.793907948765359,5.45559549331665,0,0,False
12.793907948765359,5.5336244106292725,0,0,False
12.793907948765359,5.536062717437744,0,0,False
12.793907948765359,5.66593074798584,0,0,False
12.793907948765359,5.6511149406433105,0,0,False
12.793907948765359,5.630809783935547,0,0,False
12.793907948765359,5.499443292617798,0,0,False
12.793907948765359,5.6422200202941895,0,0,False
12.793907948765359,5.567167282104492,0,0,False
12.793907948765359,5.616499900817871,0,0,False
12.793907948765359,5.55003023147583,0,0,False
12.793907948765359,5.543702125549316,0,0,False
12.793907948765359,5.589037179946899,0,0,False
12.793907948765359,5.495874643325806,0,0,False
12.793907948765359,5.486227512359619,0,0,False
12.793907948765359,5.587118148803711,0,0,False
12.793907948765359,5.602881193161011,0,0,False
-----
335.31539125326736,0.29613304138183594,0,0,False
330.3153912532674,0.3485524654388428,0,0,False
320.4773399276101,0.45395421981811523,0,0,False
320.19118612494145,0.5149948596954346,0,0,False
330.31539125326736,0.570392370223999,0,0,False
383.0478269239094,0.5248603820800781,0,0,False
282.58295558262535,0.6350955963134766,0,0,False
335.3153912532674,0.5891005992889404,0,0,False
330.3153912532674,0.6968002319335938,0,0,False
383.0478269239094,0.7019944190979004,0,0,False
335.31539125326736,0.7642636299133301,0,0,False
383.0478269239094,0.829331636428833,0,0,False
383.0478269239094,0.7929043769836426,0,0,False
230.35185885088654,0.906968355178833,0,0,False
170.81341318346523,0.8832793235778809,0,0,False
262.04615550167534,0.9359705448150635,0,0,False
303.9491734179463,0.9711713790893555,0,0,False
281.93062005368733,1.0095508098602295,0,0,False
309.61044400928154,0.978320837020874,0,0,False
309.77859117231736,1.0104916095733643,0,0,False
251.87800833863946,1.1001052856445312,0,0,False
308.2968378890083,1.144275426864624,0,0,False
281.93062005368733,1.1831457614898682,0,0,False
276.93062005368733,1.258575677871704,0,0,False
278.2442261739605,1.2803525924682617,0,0,False
250.5644022183663,1.291865587234497,0,0,False
269.59222193129636,1.3259201049804688,0,0,False
346.5574039602625,1.3912439346313477,0,0,False
361.68160908858835,1.4058787822723389,0,0,False
388.0478269239094,1.4279563426971436,0,0,False
278.7366300504666,1.479701280593872,0,0,False
258.7293628674301,1.4960505962371826,0,0,False
298.08631435408006,1.5750091075897217,0,0,False
346.98195631081063,1.6523971557617188,0,0,False
356.6816090885884,1.6355044841766357,0,0,False
356.6816090885884,1.7081172466278076,0,0,False
361.6816090885884,1.76133394241333,0,0,False
399.71439198145265,1.8475189208984375,0,0,False
356.6816090885884,1.8580982685089111,0,0,False
348.6148276791201,1.9030742645263672,0,0,False
308.9491734179463,1.973761796951294,0,0,False
262.0419625615981,1.9925665855407715,0,0,False
17.30302055763796,2.0243489742279053,0,0,False
83.99425102259963,1.8990821838378906,0,0,False
70.68136277996884,2.1200520992279053,0,0,False
163.8277870647499,2.205475330352783,0,0,False
165.44989177268263,2.2733306884765625,0,0,False
152.5626185251195,2.277817964553833,0,0,False
92.54489698366642,2.329892158508301,0,0,False
69.86507302807223,2.379495620727539,0,0,False
210.88605692687307,2.4237921237945557,0,0,False
242.55455869611598,2.4371354579925537,0,0,False
62.649321451090835,2.457920789718628,0,0,False
93.03730086017252,2.6116209030151367,0,0,False
249.32067763120426,2.632714033126831,0,0,False
235.67574472627706,2.7245216369628906,0,0,False
271.06776098982107,2.822547435760498,0,0,False
140.6536916638265,2.664304256439209,0,0,False
251.6455575091193,2.663900852203369,0,0,False
214.66739832009657,2.7124686241149902,0,0,False
147.56261852511946,2.7267825603485107,0,0,False
89.88725289166172,2.822843313217163,0,0,False
361.6816090885884,2.835031509399414,0,0,False
224.19399144296807,2.9072139263153076,0,0,False
222.25020944468613,2.9003231525421143,0,0,False
263.1998299695166,2.910355567932129,0,0,False
123.74224810415836,2.916199207305908,0,0,False
129.89974467399713,3.0135574340820312,0,0,False
135.4766646876596,3.0444538593292236,0,0,False
281.93062005368733,3.1514503955841064,0,0,False
56.340627822688106,3.1057040691375732,0,0,False
57.68742436189249,3.1894891262054443,0,0,False
91.87943345225403,3.294074535369873,0,0,False
20.710029400216833,3.2978110313415527,0,0,False
163.31642029568567,3.3758466243743896,0,0,False
268.5445733961827,3.439204454421997,0,0,False
250.73845685144337,3.472292423248291,0,0,False
199.1413797279202,3.4766335487365723,0,0,False
152.56261852511946,3.5322160720825195,0,0,False
209.54197772047624,3.527350425720215,0,0,False
224.19399144296807,3.6956822872161865,0,0,False
22.98639971179484,3.64784836769104,0,0,False
150.60086981598548,3.5697667598724365,0,0,False
178.93302930051772,3.6672379970550537,0,0,False
197.82777360764703,3.7447798252105713,0,0,False
177.52342435621722,3.71175479888916,0,0,False
219.90339700909036,3.631340742111206,0,0,False
234.59458943552409,3.6944868564605713,0,0,False
197.17963101878627,3.8322575092315674,0,0,False
246.9219503733494,3.7992103099823,0,0,False
125.05585422443156,3.8104248046875,0,0,False
15.153692695306146,3.909088134765625,0,0,False
26.917684953389696,4.393012046813965,0,0,False
82.17978067447626,4.450240135192871,0,0,False
102.90304383918449,4.524740934371948,0,0,False
28.533369819375437,4.620181083679199,0,0,False
30.416597939442777,4.50964879989624,0,0,False
160.6892080551393,4.603237867355347,0,0,False
225.50759756324123,4.629851341247559,0,0,False
166.80477961217892,4.6846678256988525,0,0,False
189.0171745995943,4.70172381401062,0,0,False
193.82333297643797,4.764485597610474,0,0,False
151.09781534628232,4.937757253646851,0,0,False
15.153692695306146,4.863494873046875,0,0,False
15.153692695306146,4.831167459487915,0,0,False
15.153692695306146,4.823821783065796,0,0,False
15.153692695306146,4.7861104011535645,0,0,False
15.153692695306146,4.817269563674927,0,0,False
15.153692695306146,4.780876636505127,0,0,False
15.153692695306146,4.776998519897461,0,0,False
15.153692695306146,4.811460018157959,0,0,False
15.153692695306146,4.876209735870361,0,0,False
15.153692695306146,4.8523499965667725,0,0,False
15.153692695306146,4.752335071563721,0,0,False
15.153692695306146,4.789074420928955,0,0,False
15.153692695306146,4.790948867797852,0,0,False
15.153692695306146,4.760154485702515,0,0,False
15.153692695306146,4.830067157745361,0,0,False
15.153692695306146,4.874255657196045,0,0,False
15.153692695306146,4.706908464431763,0,0,False
15.153692695306146,5.05718994140625,0,0,False
15.153692695306146,4.8209755420684814,0,0,False
15.153692695306146,4.9109578132629395,0,0,False
15.153692695306146,4.875020503997803,0,0,False
15.153692695306146,4.930011987686157,0,0,False
15.153692695306146,4.853379487991333,0,0,False
15.153692695306146,4.86507511138916,0,0,False
15.153692695306146,4.706833362579346,0,0,False
15.153692695306146,4.817312955856323,0,0,False
15.153692695306146,4.799598932266235,0,0,False
15.153692695306146,4.912064790725708,0,0,False
15.153692695306146,4.818441867828369,0,0,False
15.153692695306146,4.790063381195068,0,0,False
15.153692695306146,4.694614410400391,0,0,False
15.153692695306146,4.807709693908691,0,0,False
15.153692695306146,4.792659521102905,0,0,False
15.153692695306146,4.850219964981079,0,0,False
15.153692695306146,4.803658723831177,0,0,False
15.153692695306146,4.81991982460022,0,0,False
15.153692695306146,4.735360860824585,0,0,False
15.153692695306146,4.805391550064087,0,0,False
15.153692695306146,4.751800060272217,0,0,False
15.153692695306146,4.771661043167114,0,0,False
15.153692695306146,4.728154420852661,0,0,False
15.153692695306146,4.771951913833618,0,0,False
15.153692695306146,4.761019706726074,0,0,False
15.153692695306146,4.859645128250122,0,0,False
15.153692695306146,4.886814832687378,0,0,False
15.153692695306146,4.876870632171631,0,0,False
15.153692695306146,4.718526363372803,0,0,False
15.153692695306146,4.797449588775635,0,0,False
15.153692695306146,4.750925779342651,0,0,False
15.153692695306146,4.9436657428741455,0,0,False
15.153692695306146,4.908951282501221,0,0,False
15.153692695306146,4.852670431137085,0,0,False
15.153692695306146,4.860057592391968,0,0,False
15.153692695306146,4.862780809402466,0,0,False
15.153692695306146,4.75041651725769,0,0,False
15.153692695306146,4.820763349533081,0,0,False
15.153692695306146,4.861417055130005,0,0,False
15.153692695306146,4.973499059677124,0,0,False
15.153692695306146,4.95648717880249,0,0,False
15.153692695306146,4.976980924606323,0,0,False
15.153692695306146,4.78809928894043,0,0,False
15.153692695306146,4.930103302001953,0,0,False
15.153692695306146,4.8320112228393555,0,0,False
15.153692695306146,4.80249810218811,0,0,False
15.153692695306146,4.811643123626709,0,0,False
15.153692695306146,4.8112757205963135,0,0,False
15.153692695306146,4.797508716583252,0,0,False
-----
