[++] function: Ackley_20
	[--] d: 20
	[--] minimizers: [[0.0, 0.0, 0.0, 0.0, 0.0, 0.0, 0.0, 0.0, 0.0, 0.0, 0.0, 0.0, 0.0, 0.0, 0.0, 0.0, 0.0, 0.0, 0.0, 0.0]]
	[--] minimum: 0
	[--] search space: [[-10.     52.768]
 [-10.     52.768]
 [-10.     52.768]
 [-10.     52.768]
 [-10.     52.768]
 [-10.     52.768]
 [-10.     52.768]
 [-10.     52.768]
 [-10.     52.768]
 [-10.     52.768]
 [-10.     52.768]
 [-10.     52.768]
 [-10.     52.768]
 [-10.     52.768]
 [-10.     52.768]
 [-10.     52.768]
 [-10.     52.768]
 [-10.     52.768]
 [-10.     52.768]
 [-10.     52.768]]
[++] parameters
	[--] sigma: 5.0
	[--] lambda: 0.01 (variance: 0.0001)
	[--] |f|: 1.0	qbar: 2.0
	[--] delta: 1e-05
	[--] T: 700	hmax: 100
