532.5634448276015,0.6683046817779541,0,0,False
410.1640447592305,0.6135077476501465,0,0,False
488.12758789381223,0.5704526901245117,0,0,False
436.53026259455146,0.636275053024292,0,0,False
436.53026259455146,0.6368474960327148,0,0,False
415.1640447592305,0.6339821815490723,0,0,False
399.20929528938086,0.6588408946990967,0,0,False
542.5634448276015,0.6720154285430908,0,0,False
453.4647913216386,0.7587685585021973,0,0,False
435.39515222317016,0.6765527725219727,0,0,False
364.85318782544107,0.751845121383667,0,0,False
494.2626982651934,0.7832973003387451,0,0,False
415.1640447592305,0.7294433116912842,0,0,False
415.1640447592305,0.7566680908203125,0,0,False
383.7978269239094,0.907109260559082,0,0,False
449.52015222317016,0.8509535789489746,0,0,False
449.52015222317016,0.8896231651306152,0,0,False
441.53026259455146,0.915447473526001,0,0,False
461.76137005849114,0.9143452644348145,0,0,False
383.7978269239095,0.8515748977661133,0,0,False
444.52015222317016,0.9412851333618164,0,0,False
423.1539343878492,0.9505710601806641,0,0,False
410.16404475923036,1.079103946685791,0,0,False
369.85318782544107,0.9755394458770752,0,0,False
449.02015222317016,1.0983192920684814,0,0,False
417.6539343878492,1.0698370933532715,0,0,False
444.02015222317016,1.079390048980713,0,0,False
327.03222052027047,1.096977710723877,0,0,False
372.3430774540598,1.1388742923736572,0,0,False
275.03739875573734,1.13215970993042,0,0,False
405.68452310159864,1.1760594844818115,0,0,False
415.1640447592305,1.1564562320709229,0,0,False
494.83100915695957,1.1741008758544922,0,0,False
329.3619699901201,1.2255465984344482,0,0,False
396.78771655252814,1.2059416770935059,0,0,False
434.52015222317016,1.1919093132019043,0,0,False
330.4970803615014,1.2315492630004883,0,0,False
317.120752154799,1.302635908126831,0,0,False
324.5423308916517,1.3252663612365723,0,0,False
494.83100915695945,1.3349685668945312,0,0,False
312.120752154799,1.322779893875122,0,0,False
370.4214987172071,1.380838394165039,0,0,False
325.8482556895267,1.3828787803649902,0,0,False
357.0341126233161,1.400130033493042,0,0,False
362.4316090885884,1.3823814392089844,0,0,False
489.83100915695957,1.4237031936645508,0,0,False
489.8310091569595,1.4412591457366943,0,0,False
343.4869699901201,1.4555723667144775,0,0,False
437.0985734863175,1.424443006515503,0,0,False
330.49708036150133,1.5141923427581787,0,0,False
384.36613781567553,1.4754345417022705,0,0,False
441.53026259455146,1.4693760871887207,0,0,False
335.4970803615013,1.5200369358062744,0,0,False
442.0985734863175,1.5253381729125977,0,0,False
410.1640447592304,1.5062384605407715,0,0,False
463.4647913216386,1.468325138092041,0,0,False
410.1640447592305,1.507838487625122,0,0,False
410.1640447592305,1.5241782665252686,0,0,False
303.14123049716727,1.5214266777038574,0,0,False
516.1972269922805,1.5414557456970215,0,0,False
357.4316090885884,1.5519497394561768,0,0,False
423.1539343878492,1.5536110401153564,0,0,False
427.9735734863175,1.578723430633545,0,0,False
521.1972269922805,1.5895411968231201,0,0,False
379.31830526627766,1.6079049110412598,0,0,False
476.6239839646001,1.6479713916778564,0,0,False
521.1972269922805,1.6426739692687988,0,0,False
444.52015222317016,1.6464438438415527,0,0,False
362.4316090885884,1.6944408416748047,0,0,False
437.0985734863176,1.8481240272521973,0,0,False
444.02015222317016,1.9150431156158447,0,0,False
396.7877165525282,1.9195828437805176,0,0,False
423.8915482939582,1.9838707447052002,0,0,False
320.1106417834178,1.9531707763671875,0,0,False
445.2577661292791,2.0477235317230225,0,0,False
415.1640447592304,1.9791560173034668,0,0,False
377.34307745405977,1.9823641777038574,0,0,False
506.19722699228055,2.008578062057495,0,0,False
377.34307745405977,2.0281872749328613,0,0,False
326.58586959563564,2.030592918395996,0,0,False
423.89154829395807,2.072397470474243,0,0,False
409.0289343878492,2.082301616668701,0,0,False
455.5897913216386,2.1062636375427246,0,0,False
388.7978269239094,2.0907955169677734,0,0,False
468.4647913216386,2.072401762008667,0,0,False
383.9003304586371,2.101256847381592,0,0,False
352.2144735248477,2.142024040222168,0,0,False
418.1539343878491,2.1553397178649902,0,0,False
450.25776612927905,2.1940832138061523,0,0,False
397.52533045863714,2.2588562965393066,0,0,False
366.1591126233161,2.2580997943878174,0,0,False
468.4647913216386,2.40167498588562,0,0,False
506.1972269922805,2.2317237854003906,0,0,False
449.52015222317016,2.246018171310425,0,0,False
494.83100915695957,2.3932387828826904,0,0,False
364.85318782544107,2.339270830154419,0,0,False
449.52015222317016,2.3431038856506348,0,0,False
418.89154829395807,2.2892873287200928,0,0,False
312.85836606090794,2.3876147270202637,0,0,False
295.0058625261803,2.3775432109832764,0,0,False
423.8915482939581,2.4326601028442383,0,0,False
290.754534319478,2.3448567390441895,0,0,False
468.4647913216386,2.444079637527466,0,0,False
521.1972269922805,2.435389280319214,0,0,False
392.5253304586372,2.492391586303711,0,0,False
429.2235734863175,2.446059465408325,0,0,False
489.83100915695957,2.527738332748413,0,0,False
516.1972269922805,2.6669039726257324,0,0,False
494.83100915695957,2.5011208057403564,0,0,False
506.19722699228055,2.51886248588562,0,0,False
399.94690919548975,2.686227321624756,0,0,False
479.83100915695957,2.64483904838562,0,0,False
311.1673308916517,2.6827104091644287,0,0,False
266.2750126618463,2.7205116748809814,0,0,False
339.224583896229,2.806278944015503,0,0,False
364.31830526627766,2.7842893600463867,0,0,False
232.0562912917976,2.8184187412261963,0,0,False
169.67351953703016,2.7656970024108887,0,0,False
331.349583896229,2.776223659515381,0,0,False
365.5908017315501,2.706230640411377,0,0,False
392.5253304586371,2.766563892364502,0,0,False
355.22818782544107,2.768857479095459,0,0,False
133.30730170170906,2.7599756717681885,0,0,False
344.224583896229,2.771761894226074,0,0,False
271.8098952210097,3.0370113849639893,0,0,False
312.40494479776066,2.8408429622650146,0,0,False
240.83011596377222,2.9622817039489746,0,0,False
343.4869699901201,3.1180458068847656,0,0,False
489.2626982651935,3.0772716999053955,0,0,False
401.6073556509965,3.185368299484253,0,0,False
467.89648042987244,3.0841176509857178,0,0,False
143.8073017017091,3.0449628829956055,0,0,False
233.19140166317885,3.009082794189453,0,0,False
489.83100915695945,2.982529878616333,0,0,False
228.89558723668517,2.9545464515686035,0,0,False
329.00744833248837,2.9188594818115234,0,0,False
435.25776612927905,2.945741653442383,0,0,False
351.6461626330817,2.9592995643615723,0,0,False
127.44241207309034,2.963141918182373,0,0,False
179.43723383762347,2.9857518672943115,0,0,False
435.75776612927916,3.0989015102386475,0,0,False
302.42744126303296,3.028076171875,0,0,False
219.9843764708195,2.998311996459961,0,0,False
300.7196517603146,3.1214418411254883,0,0,False
391.95701956687105,3.1133105754852295,0,0,False
379.31830526627766,3.1084771156311035,0,0,False
435.25776612927916,3.0900421142578125,0,0,False
178.18723383762347,3.12626051902771,0,0,False
494.8310091569595,3.1450257301330566,0,0,False
365.4214987172071,3.2187278270721436,0,0,False
365.59080173155,3.1815919876098633,0,0,False
197.64425902998283,3.1865580081939697,0,0,False
337.9869699901201,3.16068434715271,0,0,False
410.1640447592305,3.3531556129455566,0,0,False
391.7877165525281,3.226106882095337,0,0,False
383.7978269239094,3.3461122512817383,0,0,False
355.22818782544107,3.3048593997955322,0,0,False
246.3505943061405,3.3708770275115967,0,0,False
229.8753664939226,3.328390598297119,0,0,False
241.70511596377222,3.3309249877929688,0,0,False
192.31223383762344,3.4301207065582275,0,0,False
176.57461993151452,3.3199684619903564,0,0,False
441.53026259455146,3.6553664207458496,0,0,False
267.1963337990932,3.5918936729431152,0,0,False
311.552441263033,3.508589029312134,0,0,False
362.84307745405977,3.454388380050659,0,0,False
157.21851246757478,3.4381163120269775,0,0,False
449.52015222317016,3.519638776779175,0,0,False
322.62208036150133,3.540257453918457,0,0,False
322.05376946973524,3.5340170860290527,0,0,False
223.19140166317885,3.5583748817443848,0,0,False
409.0289343878492,3.5973527431488037,0,0,False
206.25687293609178,3.617037296295166,0,0,False
169.15304119466182,3.631521463394165,0,0,False
187.3122338376235,3.678997278213501,0,0,False
260.0576194984999,3.633744955062866,0,0,False
229.46389812845118,3.6716620922088623,0,0,False
241.13680507200615,3.7786335945129395,0,0,False
298.9137269624397,3.7058300971984863,0,0,False
196.2568729360918,3.7280757427215576,0,0,False
301.552441263033,3.7180750370025635,0,0,False
214.77058723668515,3.7233967781066895,0,0,False
222.62309077141285,3.7555034160614014,0,0,False
171.1631515660431,3.717606782913208,0,0,False
470.88637005849125,3.8533008098602295,0,0,False
206.25687293609178,3.841629981994629,0,0,False
210.5192590299829,3.838548183441162,0,0,False
317.2900551691419,3.777728319168091,0,0,False
131.58990853836266,3.8813109397888184,0,0,False
267.1963337990932,3.83514142036438,0,0,False
337.3518596187388,3.8879222869873047,0,0,False
487.6275878938122,3.870410442352295,0,0,False
135.103622838956,3.8601651191711426,0,0,False
409.5957338674644,3.9407060146331787,0,0,False
335.49708036150133,3.9301364421844482,0,0,False
290.9238373338209,3.8521625995635986,0,0,False
228.89558723668515,3.9838063716888428,0,0,False
205.6341486586016,3.824089527130127,0,0,False
152.55862990841138,3.9567830562591553,0,0,False
320.49708036150133,3.9979031085968018,0,0,False
170.39065510077077,4.066442966461182,0,0,False
202.52936940136414,4.007288455963135,0,0,False
480.70600915695957,4.002590894699097,0,0,False
267.1963337990932,4.053913831710815,0,0,False
280.03739875573734,4.149909019470215,0,0,False
404.44690919548975,4.161901950836182,0,0,False
216.02058723668515,4.131669521331787,0,0,False
418.1539343878492,4.317483425140381,0,0,False
188.54984774373239,4.31628680229187,0,0,False
338.4869699901201,4.1462626457214355,0,0,False
144.22862283895603,4.091980218887329,0,0,False
290.186223427712,4.207819938659668,0,0,False
277.1963337990933,4.375570774078369,0,0,False
346.86329819682237,4.6656670570373535,0,0,False
325.8482556895267,4.307502269744873,0,0,False
197.52936940136408,4.709053039550781,0,0,False
197.5293694013641,4.322284936904907,0,0,False
197.52936940136414,4.386215925216675,0,0,False
249.69500559239094,4.453155279159546,0,0,False
236.8854768653039,4.37854790687561,0,0,False
253.6028700286503,4.325345516204834,0,0,False
312.2900551691419,4.316307783126831,0,0,False
237.62309077141282,4.582699537277222,0,0,False
373.7978269239094,4.55556583404541,0,0,False
196.2568729360918,4.445777893066406,0,0,False
373.58069136016877,4.418413162231445,0,0,False
196.2568729360918,4.550877094268799,0,0,False
211.00485481318776,4.535314321517944,0,0,False
372.84307745405977,4.534773349761963,0,0,False
221.8854768653039,4.489755392074585,0,0,False
179.15304119466182,4.584242343902588,0,0,False
303.56255163441426,4.645678997039795,0,0,False
213.89558723668517,4.655801057815552,0,0,False
245.6129804000316,4.853695869445801,0,0,False
311.0175587038696,4.666748523712158,0,0,False
377.3430774540599,4.721440553665161,0,0,False
250.83011596377224,4.707499980926514,0,0,False
284.2887269624397,4.649132966995239,0,0,False
302.2900551691419,4.956756591796875,0,0,False
352.9520874309567,4.710102796554565,0,0,False
294.6513408685485,4.769043445587158,0,0,False
295.5038444032763,4.70821738243103,0,0,False
408.4606234960831,4.705833911895752,0,0,False
213.50914865860162,4.6931657791137695,0,0,False
125.07979816698139,4.701739311218262,0,0,False
197.52936940136414,4.747085332870483,0,0,False
207.05439918875197,4.801231145858765,0,0,False
125.31741207309034,4.87491250038147,0,0,False
372.34307745405977,4.789828062057495,0,0,False
291.4036165910584,4.871941566467285,0,0,False
347.4986661678093,4.8666017055511475,0,0,False
276.79883733382087,4.959944248199463,0,0,False
365.70569136016877,4.961313009262085,0,0,False
397.5253304586371,4.7772276401519775,0,0,False
303.745752154799,4.899216651916504,0,0,False
396.7877165525281,4.914947271347046,0,0,False
361.86329819682237,5.02738094329834,0,0,False
231.1812912917976,5.310025691986084,0,0,False
133.30730170170906,5.022226810455322,0,0,False
256.3098952210097,5.023375511169434,0,0,False
328.2698344263795,5.093863248825073,0,0,False
377.8430774540598,4.979114532470703,0,0,False
177.81223383762347,5.158185958862305,0,0,False
361.86329819682237,5.13472580909729,0,0,False
219.2467625647105,5.1763575077056885,0,0,False
223.49809077141282,5.1872334480285645,0,0,False
168.93590563092116,5.20382022857666,0,0,False
312.46086959563564,5.2084832191467285,0,0,False
195.51925902998286,5.2325050830841064,0,0,False
205.1217625647105,5.224904298782349,0,0,False
232.06867738568866,5.238418102264404,0,0,False
303.56255163441426,5.500407695770264,0,0,False
112.14526943989434,5.313767910003662,0,0,False
275.92383733382087,5.376920461654663,0,0,False
312.2232556895267,5.480587482452393,0,0,False
222.23665219332926,5.7614829540252686,0,0,False
344.224583896229,5.397765874862671,0,0,False
147.56968779560015,5.390470504760742,0,0,False
275.186223427712,5.514736890792847,0,0,False
391.7877165525281,5.511408090591431,0,0,False
237.62309077141282,5.6029369831085205,0,0,False
374.31830526627766,5.514887809753418,0,0,False
489.83100915695957,5.530886888504028,0,0,False
225.24809077141282,5.529987812042236,0,0,False
304.24575215479905,5.483671188354492,0,0,False
203.7467625647105,5.429792404174805,0,0,False
449.52015222317016,5.616606950759888,0,0,False
231.3854768653039,5.709000110626221,0,0,False
135.4323017017091,5.614585876464844,0,0,False
259.5576194984999,5.6992199420928955,0,0,False
165.2084020961935,5.54331111907959,0,0,False
211.25687293609178,5.566061019897461,0,0,False
449.52015222317016,5.608520984649658,0,0,False
169.1735195370301,5.5588696002960205,0,0,False
320.4970803615013,5.738942861557007,0,0,False
133.84218426087247,5.692896127700806,0,0,False
281.2750126618463,5.851698398590088,0,0,False
302.99575215479905,5.748734474182129,0,0,False
292.64123049716727,5.762799024581909,0,0,False
249.34048393475922,5.754789113998413,0,0,False
290.186223427712,5.803638935089111,0,0,False
319.77994479776066,5.508012771606445,0,0,False
259.6725091271186,5.714342355728149,0,0,False
274.686223427712,5.913942337036133,0,0,False
320.27994479776066,5.996057987213135,0,0,False
338.48696999012003,5.802890300750732,0,0,False
233.12309077141282,5.928316831588745,0,0,False
365.4214987172071,5.97641921043396,0,0,False
293.56255163441426,5.907758951187134,0,0,False
183.5847303028958,5.906561374664307,0,0,False
215.48437647081946,6.21078896522522,0,0,False
186.77735127846012,6.032192945480347,0,0,False
319.00744833248837,6.180781364440918,0,0,False
303.677441263033,6.417138338088989,0,0,False
302.49575215479905,6.217798233032227,0,0,False
329.224583896229,6.258930683135986,0,0,False
335.9768596187388,6.294889211654663,0,0,False
298.9137269624397,6.268266677856445,0,0,False
144.544915607818,6.236255645751953,0,0,False
246.35059430614052,6.212870836257935,0,0,False
232.0562912917976,6.3249311447143555,0,0,False
232.22559430614052,6.239931583404541,0,0,False
383.22951603214335,6.343790531158447,0,0,False
230.75036649392263,6.358211517333984,0,0,False
317.29005516914197,6.473904848098755,0,0,False
371.1591126233161,6.509116888046265,0,0,False
389.20929528938086,6.586260080337524,0,0,False
277.29883733382087,6.460558652877808,0,0,False
269.3213337990932,6.455056667327881,0,0,False
347.14616263308164,6.517013311386108,0,0,False
295.68755163441426,6.475599765777588,0,0,False
160.20840209619348,6.470900297164917,0,0,False
344.15627300446295,6.499508619308472,0,0,False
276.42383733382087,6.4832377433776855,0,0,False
239.87536649392263,6.561121940612793,0,0,False
185.13282045189928,6.320145130157471,0,0,False
-----
521.1972269922805,0.5680971145629883,0,0,False
450.2577661292791,0.5763735771179199,0,0,False
489.83100915695957,0.5405101776123047,0,0,False
383.22951603214335,0.7052597999572754,0,0,False
391.21940566076205,0.6595332622528076,0,0,False
494.83100915695957,0.6652958393096924,0,0,False
423.1539343878492,0.6843302249908447,0,0,False
346.4768596187388,0.6675264835357666,0,0,False
449.52015222317016,0.7181611061096191,0,0,False
467.89648042987244,0.6736717224121094,0,0,False
374.3183052662777,0.790717601776123,0,0,False
301.16600268494943,0.7714743614196777,0,0,False
507.07222699228055,0.7905142307281494,0,0,False
402.2890447592305,0.8188807964324951,0,0,False
347.2144735248477,0.8347461223602295,0,0,False
516.1972269922805,0.8608591556549072,0,0,False
449.52015222317016,0.9242260456085205,0,0,False
338.4869699901201,0.8841898441314697,0,0,False
293.9137269624396,0.9090409278869629,0,0,False
317.120752154799,0.9369423389434814,0,0,False
345.9768596187388,0.9335978031158447,0,0,False
369.35318782544107,1.0290155410766602,0,0,False
345.9768596187388,1.0962529182434082,0,0,False
422.6539343878492,1.092130422592163,0,0,False
271.3098952210097,1.0862476825714111,0,0,False
350.9768596187388,1.1190822124481201,0,0,False
293.2444239480967,1.0673184394836426,0,0,False
423.1539343878492,1.1616334915161133,0,0,False
489.83100915695957,1.1971025466918945,0,0,False
391.7877165525282,1.1176741123199463,0,0,False
330.49708036150133,1.084160327911377,0,0,False
444.52015222317016,1.1368532180786133,0,0,False
480.70600915695957,1.178443431854248,0,0,False
391.7877165525282,1.211186408996582,0,0,False
437.0985734863175,1.2469253540039062,0,0,False
338.48696999012003,1.3040030002593994,0,0,False
336.0653912532674,1.3336026668548584,0,0,False
481.9560091569595,1.2398908138275146,0,0,False
346.4768596187388,1.2241265773773193,0,0,False
470.88637005849114,1.2548511028289795,0,0,False
272.5475091271186,1.3272647857666016,0,0,False
468.4647913216385,1.2783803939819336,0,0,False
388.7978269239094,1.255002498626709,0,0,False
468.4647913216386,1.3295247554779053,0,0,False
450.25776612927905,1.3561608791351318,0,0,False
449.52015222317016,1.3493657112121582,0,0,False
441.53026259455146,1.4481983184814453,0,0,False
547.5634448276015,1.466003179550171,0,0,False
547.5634448276015,1.4157192707061768,0,0,False
489.83100915695957,1.4865078926086426,0,0,False
437.0985734863175,1.4479405879974365,0,0,False
311.620752154799,1.4457409381866455,0,0,False
415.1640447592305,1.5041797161102295,0,0,False
388.7978269239095,1.5158097743988037,0,0,False
370.4214987172071,1.5544917583465576,0,0,False
339.724583896229,1.5385966300964355,0,0,False
468.4647913216386,1.546431064605713,0,0,False
418.89154829395807,1.5622813701629639,0,0,False
357.4316090885884,1.5821094512939453,0,0,False
494.2626982651935,1.671888828277588,0,0,False
351.7144735248477,1.6264533996582031,0,0,False
383.4003304586371,1.6584546566009521,0,0,False
388.7978269239094,1.6397135257720947,0,0,False
444.52015222317016,1.6769373416900635,0,0,False
374.3183052662777,1.6750574111938477,0,0,False
364.85318782544107,1.6329758167266846,0,0,False
352.2144735248478,1.6719868183135986,0,0,False
330.4970803615014,1.7147555351257324,0,0,False
418.8915482939581,1.73152756690979,0,0,False
463.7489839646001,1.9084064960479736,0,0,False
366.44330526627766,1.9088549613952637,0,0,False
378.58069136016877,2.006981134414673,0,0,False
419.39154829395807,2.0407907962799072,0,0,False
489.83100915695957,1.9269123077392578,0,0,False
347.2144735248478,1.9749794006347656,0,0,False
317.858366060908,1.9969432353973389,0,0,False
397.5253304586371,2.1137001514434814,0,0,False
352.2144735248478,2.002366065979004,0,0,False
347.2144735248477,2.0788002014160156,0,0,False
347.9520874309567,2.1672422885894775,0,0,False
423.89154829395807,2.1896512508392334,0,0,False
415.1640447592305,2.1391313076019287,0,0,False
410.16404475923036,2.111983299255371,0,0,False
417.6539343878492,2.124985933303833,0,0,False
445.25776612927916,2.1767375469207764,0,0,False
445.2577661292791,2.1908557415008545,0,0,False
467.89648042987244,2.2493231296539307,0,0,False
449.02015222317016,2.222672939300537,0,0,False
410.7323556509965,2.2537178993225098,0,0,False
450.25776612927905,2.298133373260498,0,0,False
418.89154829395807,2.3265578746795654,0,0,False
449.52015222317016,2.365955114364624,0,0,False
468.4647913216386,2.3078339099884033,0,0,False
379.3183052662777,2.3750948905944824,0,0,False
463.4647913216386,2.447425365447998,0,0,False
442.0985734863176,2.3734450340270996,0,0,False
442.0985734863175,2.3792953491210938,0,0,False
470.88637005849114,2.4780263900756836,0,0,False
494.83100915695957,2.621257781982422,0,0,False
468.4647913216385,2.398346185684204,0,0,False
462.89648042987244,2.4739675521850586,0,0,False
404.20929528938086,2.4952468872070312,0,0,False
392.5253304586371,2.5419199466705322,0,0,False
445.2577661292791,2.5687096118927,0,0,False
449.02015222317016,2.610834836959839,0,0,False
442.0985734863175,2.5666162967681885,0,0,False
445.25776612927905,2.5597338676452637,0,0,False
489.83100915695957,2.605078935623169,0,0,False
241.11298040003155,2.61096453666687,0,0,False
355.4214987172071,2.542262315750122,0,0,False
494.83100915695957,2.5919158458709717,0,0,False
306.16600268494943,2.587543249130249,0,0,False
542.5634448276015,2.6160266399383545,0,0,False
462.89648042987244,2.586406707763672,0,0,False
423.1539343878492,2.663766384124756,0,0,False
521.1972269922805,2.6441988945007324,0,0,False
468.4647913216386,2.616133451461792,0,0,False
468.4647913216385,2.789267063140869,0,0,False
494.83100915695957,2.7083921432495117,0,0,False
284.4137269624397,2.8624632358551025,0,0,False
489.8310091569595,2.921006202697754,0,0,False
185.37043435800825,2.8178019523620605,0,0,False
455.5897913216385,2.873741388320923,0,0,False
410.7323556509965,2.809239149093628,0,0,False
325.27994479776066,2.8484203815460205,0,0,False
312.39255870386955,2.9011504650115967,0,0,False
162.0381515660431,2.879958391189575,0,0,False
373.5806913601687,2.9530375003814697,0,0,False
306.9036165910584,2.8709537982940674,0,0,False
521.1972269922805,2.9970850944519043,0,0,False
187.5293694013641,2.950451612472534,0,0,False
400.7323556509965,2.8730874061584473,0,0,False
453.4647913216386,2.895704746246338,0,0,False
489.83100915695945,2.972196340560913,0,0,False
317.858366060908,2.933417797088623,0,0,False
383.7978269239095,2.991656541824341,0,0,False
238.97787002865027,3.026067018508911,0,0,False
259.5576194984999,3.0215957164764404,0,0,False
369.85318782544107,3.016165256500244,0,0,False
383.3444056607621,2.9987025260925293,0,0,False
80.04143769846438,3.159675359725952,0,0,False
436.53026259455146,3.092075824737549,0,0,False
410.1640447592304,3.2057254314422607,0,0,False
224.57878775706993,3.166491746902466,0,0,False
328.8619699901201,3.1567792892456055,0,0,False
272.04750912711864,3.146064043045044,0,0,False
224.0104768653039,3.3323795795440674,0,0,False
178.58473030289576,3.1724190711975098,0,0,False
494.83100915695945,3.3490407466888428,0,0,False
370.59080173155,3.167262315750122,0,0,False
153.4561263736837,3.249246597290039,0,0,False
348.3066090885884,3.2568252086639404,0,0,False
319.5423308916518,3.246652364730835,0,0,False
150.94601600230243,3.3370916843414307,0,0,False
396.21940566076205,3.3479695320129395,0,0,False
460.88637005849125,3.3578202724456787,0,0,False
248.2516947006249,3.3360435962677,0,0,False
409.3915482939582,3.3774402141571045,0,0,False
364.85318782544107,3.3790721893310547,0,0,False
330.099583896229,3.416456937789917,0,0,False
152.9561263736837,3.3343753814697266,0,0,False
434.52015222317016,3.635256767272949,0,0,False
144.22862283895606,3.4310245513916016,0,0,False
223.49809077141282,3.734863519668579,0,0,False
502.25258789381223,3.62101149559021,0,0,False
441.53026259455146,3.5500006675720215,0,0,False
302.12075215479905,3.568108081817627,0,0,False
521.1972269922805,3.4908714294433594,0,0,False
275.186223427712,3.4481449127197266,0,0,False
152.33340209619354,3.5045433044433594,0,0,False
183.58473030289576,3.5177595615386963,0,0,False
445.25776612927916,3.4374663829803467,0,0,False
178.61815863549847,3.4668807983398438,0,0,False
248.82000559239094,3.5306665897369385,0,0,False
418.1539343878492,3.601545810699463,0,0,False
371.1591126233161,3.677748918533325,0,0,False
369.85318782544107,3.6429293155670166,0,0,False
202.5293694013641,3.6193342208862305,0,0,False
223.89558723668517,3.772109031677246,0,0,False
293.56255163441426,3.689544439315796,0,0,False
410.1640447592305,3.7192540168762207,0,0,False
329.36196999012003,3.765292167663574,0,0,False
211.25687293609184,3.6899924278259277,0,0,False
240.83011596377222,3.680539608001709,0,0,False
301.052441263033,3.623789072036743,0,0,False
214.46389812845118,3.674424171447754,0,0,False
210.51925902998286,3.797238349914551,0,0,False
185.15329879426756,3.7883989810943604,0,0,False
320.27994479776066,3.803391933441162,0,0,False
249.55761949849992,3.7905781269073486,0,0,False
392.07190919548975,3.897582530975342,0,0,False
210.51925902998283,3.8863484859466553,0,0,False
321.5858695956357,4.005406141281128,0,0,False
302.40361659105827,3.9537222385406494,0,0,False
236.88547686530387,3.9559550285339355,0,0,False
196.2568729360918,4.005276679992676,0,0,False
347.2144735248478,3.9077956676483154,0,0,False
202.52936940136414,3.9585604667663574,0,0,False
346.86329819682237,4.127633333206177,0,0,False
177.8805447293895,4.178090333938599,0,0,False
150.94601600230243,4.123850345611572,0,0,False
277.1963337990933,4.175020933151245,0,0,False
273.2168121414615,4.149572372436523,0,0,False
196.2568729360918,4.064565181732178,0,0,False
294.76623049716727,4.3819804191589355,0,0,False
442.0985734863175,4.088649272918701,0,0,False
319.3824483324883,4.191211700439453,0,0,False
437.0985734863175,4.17931056022644,0,0,False
234.726541821948,4.199853181838989,0,0,False
282.1963337990933,4.113277196884155,0,0,False
97.25883086181078,4.308367013931274,0,0,False
256.97919823535256,4.190232515335083,0,0,False
131.5899085383627,4.275455713272095,0,0,False
195.51925902998286,4.263444900512695,0,0,False
255.40879482652525,4.243491172790527,0,0,False
293.56255163441426,4.228311061859131,0,0,False
183.5847303028958,4.1949286460876465,0,0,False
321.3482556895267,4.377540588378906,0,0,False
266.6500126618463,4.422871828079224,0,0,False
356.8632981968223,4.3412392139434814,0,0,False
494.83100915695957,4.409120559692383,0,0,False
276.061223427712,4.564006090164185,0,0,False
255.83011596377222,4.497781038284302,0,0,False
352.7144735248477,4.3860321044921875,0,0,False
267.1963337990933,4.5708372592926025,0,0,False
229.4638981284512,4.5256195068359375,0,0,False
301.9036165910583,4.693987846374512,0,0,False
294.76623049716727,4.547374725341797,0,0,False
401.0390447592304,4.556615114212036,0,0,False
213.89558723668517,4.512681722640991,0,0,False
255.83011596377222,4.58751106262207,0,0,False
133.84218426087247,4.591290235519409,0,0,False
160.2084020961935,4.56357741355896,0,0,False
346.86329819682237,4.597973346710205,0,0,False
318.26983442637936,4.665925741195679,0,0,False
418.89154829395807,4.617224454879761,0,0,False
228.89558723668515,4.54919695854187,0,0,False
350.9768596187388,4.521751403808594,0,0,False
321.51755870386955,4.585899114608765,0,0,False
292.7786165910584,4.5674827098846436,0,0,False
213.89558723668517,4.532341241836548,0,0,False
255.26180507200615,4.664377689361572,0,0,False
355.72818782544107,4.7903618812561035,0,0,False
319.92876946973524,4.646062850952148,0,0,False
321.58586959563564,4.620560884475708,0,0,False
294.6513408685486,4.592013835906982,0,0,False
179.11815863549842,4.700117588043213,0,0,False
338.65627300446295,4.8292670249938965,0,0,False
373.22951603214335,4.776989459991455,0,0,False
230.25036649392263,4.741836786270142,0,0,False
226.49903828722032,4.822003126144409,0,0,False
282.1963337990933,4.815297603607178,0,0,False
188.40436940136414,4.842160224914551,0,0,False
197.52936940136414,4.869155645370483,0,0,False
240.22787002865027,4.996774196624756,0,0,False
126.58990853836265,5.169027090072632,0,0,False
224.74809077141285,5.175759315490723,0,0,False
521.1972269922805,5.028974771499634,0,0,False
320.4970803615013,5.034279823303223,0,0,False
263.25169470062497,5.148982763290405,0,0,False
207.60937647081946,5.011281490325928,0,0,False
196.3942590299829,4.859477996826172,0,0,False
223.49809077141282,5.184211730957031,0,0,False
128.6250486971318,5.086997985839844,0,0,False
239.34048393475928,5.2162086963653564,0,0,False
168.93590563092118,5.187512397766113,0,0,False
223.89558723668515,5.224246025085449,0,0,False
227.2366521933293,5.128643751144409,0,0,False
258.7851230332276,5.261005401611328,0,0,False
170.17351953703013,5.129881143569946,0,0,False
253.60287002865027,5.330106735229492,0,0,False
255.57809784086814,5.331453800201416,0,0,False
178.08473030289576,5.405313968658447,0,0,False
115.60027650934967,5.353166580200195,0,0,False
330.49708036150133,5.2841081619262695,0,0,False
276.2750126618463,5.4885900020599365,0,0,False
249.55761949849983,5.488155364990234,0,0,False
140.31741207309034,5.263998031616211,0,0,False
325.3482556895267,5.376511335372925,0,0,False
400.6845231015987,5.453447341918945,0,0,False
195.8021234662422,5.375039339065552,0,0,False
399.9469091954898,5.4288105964660645,0,0,False
303.56255163441426,5.529663801193237,0,0,False
304.983366060908,6.078097820281982,0,0,False
470.88637005849114,5.57825231552124,0,0,False
241.1812912917976,5.53448486328125,0,0,False
308.56255163441426,5.432299852371216,0,0,False
232.00036649392266,5.632558822631836,0,0,False
237.62309077141282,5.704871416091919,0,0,False
133.9570738894912,5.606432914733887,0,0,False
308.56255163441426,5.668691396713257,0,0,False
240.83011596377222,5.559648752212524,0,0,False
283.1761130563307,5.595935821533203,0,0,False
373.22951603214335,5.720519065856934,0,0,False
93.03132732708312,5.721498489379883,0,0,False
283.9137269624397,5.834301948547363,0,0,False
266.3098952210097,5.7217888832092285,0,0,False
248.82000559239094,5.93803596496582,0,0,False
268.0713337990933,5.851948499679565,0,0,False
401.1845231015987,5.947811126708984,0,0,False
259.8418121414615,5.835263967514038,0,0,False
212.23665219332926,6.053375959396362,0,0,False
223.89558723668517,6.084194183349609,0,0,False
290.9238373338209,5.893728733062744,0,0,False
199.56450956013327,5.783265829086304,0,0,False
199.56450956013325,5.776868104934692,0,0,False
231.48798040003152,5.867516279220581,0,0,False
312.120752154799,6.175512313842773,0,0,False
250.26180507200615,5.91941237449646,0,0,False
282.19633379909317,6.001226425170898,0,0,False
331.34958389622903,6.401559114456177,0,0,False
197.64425902998286,6.0739898681640625,0,0,False
273.0475091271186,6.093040466308594,0,0,False
170.91113344313908,6.325713634490967,0,0,False
241.18129129179758,6.298969507217407,0,0,False
304.1308625261803,6.191222667694092,0,0,False
328.48696999012,6.423134803771973,0,0,False
293.56255163441426,6.424933671951294,0,0,False
267.5475091271186,6.370346307754517,0,0,False
408.1539343878492,6.600936412811279,0,0,False
337.21447352484773,6.251987934112549,0,0,False
290.186223427712,6.471446514129639,0,0,False
286.42383733382087,6.533062219619751,0,0,False
73.78916197595458,6.320512056350708,0,0,False
311.6673308916518,6.594374656677246,0,0,False
196.3942590299829,6.469458103179932,0,0,False
396.2194056607621,6.370512247085571,0,0,False
268.0713337990933,6.408304691314697,0,0,False
300.1513408685485,6.3882293701171875,0,0,False
196.75687293609178,6.360823631286621,0,0,False
328.65627300446295,6.353227615356445,0,0,False
266.2415843292436,6.3851542472839355,0,0,False
294.6513408685486,6.460497617721558,0,0,False
324.0423308916517,6.463597536087036,0,0,False
197.64425902998283,6.4129040241241455,0,0,False
191.64293082328055,6.4789464473724365,0,0,False
-----
502.25258789381223,0.6455078125,0,0,False
507.07222699228055,0.6458802223205566,0,0,False
475.88637005849125,0.6712267398834229,0,0,False
470.88637005849125,0.6833386421203613,0,0,False
455.02148042987244,0.6983788013458252,0,0,False
369.85318782544107,0.6842379570007324,0,0,False
444.52015222317016,0.6355631351470947,0,0,False
335.4970803615013,0.731482982635498,0,0,False
425.57551312470184,0.6415045261383057,0,0,False
396.21940566076205,0.7504124641418457,0,0,False
449.52015222317016,0.6767158508300781,0,0,False
377.84307745405977,0.7225146293640137,0,0,False
423.1539343878491,0.7282383441925049,0,0,False
325.1106417834177,0.8161129951477051,0,0,False
507.07222699228055,0.8172473907470703,0,0,False
370.59080173155,0.8515341281890869,0,0,False
423.1539343878492,0.8731403350830078,0,0,False
476.62398396460014,0.935244083404541,0,0,False
516.1972269922805,0.9376122951507568,0,0,False
369.85318782544107,0.9297726154327393,0,0,False
345.40854872697275,0.9532687664031982,0,0,False
395.71940566076205,1.0151700973510742,0,0,False
444.02015222317016,1.0706825256347656,0,0,False
377.34307745405977,1.0697708129882812,0,0,False
258.32000559239094,1.0776042938232422,0,0,False
369.35318782544107,1.108119249343872,0,0,False
396.2877165525281,1.22843337059021,0,0,False
338.5552808818861,1.15128755569458,0,0,False
476.6239839646001,1.1648914813995361,0,0,False
332.53222052027036,1.1261272430419922,0,0,False
362.8430774540599,1.144242763519287,0,0,False
392.5253304586371,1.1764647960662842,0,0,False
408.1539343878492,1.1957314014434814,0,0,False
364.85318782544107,1.2104175090789795,0,0,False
423.1539343878492,1.1767151355743408,0,0,False
366.1591126233161,1.229673147201538,0,0,False
468.4647913216385,1.2686817646026611,0,0,False
363.5806913601687,1.274414300918579,0,0,False
325.1106417834178,1.2639882564544678,0,0,False
370.59080173154996,1.2905898094177246,0,0,False
317.858366060908,1.279585361480713,0,0,False
436.5302625945514,1.3878157138824463,0,0,False
441.53026259455146,1.3560662269592285,0,0,False
489.83100915695957,1.41786789894104,0,0,False
349.5566090885884,1.3720262050628662,0,0,False
357.4316090885884,1.3723819255828857,0,0,False
445.2577661292791,1.4236712455749512,0,0,False
423.89154829395807,1.483182668685913,0,0,False
312.858366060908,1.4469704627990723,0,0,False
391.7877165525282,1.4111599922180176,0,0,False
339.22458389622903,1.4004132747650146,0,0,False
348.4520874309566,1.4685912132263184,0,0,False
415.7323556509965,1.4549968242645264,0,0,False
436.5302625945514,1.5485241413116455,0,0,False
494.83100915695957,1.5645661354064941,0,0,False
308.14123049716727,1.5534672737121582,0,0,False
373.7978269239095,1.5819108486175537,0,0,False
339.22458389622903,1.596303939819336,0,0,False
370.59080173155,1.6663923263549805,0,0,False
304.983366060908,1.6212143898010254,0,0,False
377.84307745405977,1.600773572921753,0,0,False
365.5908017315501,1.6344759464263916,0,0,False
366.1591126233161,1.7096586227416992,0,0,False
547.5634448276015,1.620598554611206,0,0,False
373.58069136016877,1.6776187419891357,0,0,False
401.0390447592305,1.7748382091522217,0,0,False
437.0985734863175,1.721256971359253,0,0,False
320.8482556895267,1.7041387557983398,0,0,False
449.52015222317016,1.8155670166015625,0,0,False
429.2235734863175,1.957376480102539,0,0,False
339.224583896229,1.9208924770355225,0,0,False
351.4768596187388,1.9688727855682373,0,0,False
397.52533045863714,2.0668723583221436,0,0,False
370.59080173155,1.8950564861297607,0,0,False
455.5897913216385,1.945366621017456,0,0,False
397.5253304586371,1.961148738861084,0,0,False
320.1106417834178,1.9929935932159424,0,0,False
336.0653912532674,2.0293543338775635,0,0,False
463.4647913216385,2.0854666233062744,0,0,False
400.6845231015987,2.0822231769561768,0,0,False
401.0390447592305,2.1590096950531006,0,0,False
392.52533045863703,2.0555124282836914,0,0,False
311.55244126303296,2.077254295349121,0,0,False
480.70600915695957,2.097874641418457,0,0,False
450.2577661292791,2.1505320072174072,0,0,False
480.70600915695957,2.1570205688476562,0,0,False
383.22951603214335,2.1111114025115967,0,0,False
423.1539343878492,2.312088966369629,0,0,False
471.6239839646001,2.2692160606384277,0,0,False
396.78771655252814,2.3951449394226074,0,0,False
357.0341126233161,2.267850875854492,0,0,False
450.2577661292791,2.192051410675049,0,0,False
328.26983442637936,2.2962758541107178,0,0,False
408.1539343878491,2.3346621990203857,0,0,False
521.1972269922805,2.283595561981201,0,0,False
547.5634448276015,2.314976930618286,0,0,False
516.1972269922805,2.4493017196655273,0,0,False
361.86329819682237,2.36340594291687,0,0,False
410.1640447592305,2.397163152694702,0,0,False
321.5858695956357,2.585552453994751,0,0,False
410.16404475923036,2.5355942249298096,0,0,False
375.9228269239094,2.400238037109375,0,0,False
489.83100915695957,2.5137648582458496,0,0,False
241.35059430614047,2.4658498764038086,0,0,False
428.65526259455146,2.4944095611572266,0,0,False
357.5341126233161,2.5566017627716064,0,0,False
298.1761130563307,2.6257941722869873,0,0,False
396.7877165525282,2.610139846801758,0,0,False
306.9036165910584,2.6996688842773438,0,0,False
302.42744126303296,2.66497802734375,0,0,False
444.52015222317016,2.616628408432007,0,0,False
325.8482556895267,2.7926199436187744,0,0,False
311.7232556895267,2.665123224258423,0,0,False
389.94690919548975,2.7129383087158203,0,0,False
310.8482556895267,2.7521071434020996,0,0,False
94.50655513930099,2.6542742252349854,0,0,False
221.49903828722034,2.615999460220337,0,0,False
436.53026259455146,2.601771116256714,0,0,False
107.862405003635,2.601454973220825,0,0,False
343.4869699901201,2.771390914916992,0,0,False
298.9137269624396,2.6789348125457764,0,0,False
381.7877165525282,2.730518341064453,0,0,False
244.3753664939226,2.7751200199127197,0,0,False
179.11815863549842,2.7695584297180176,0,0,False
325.27994479776066,2.7715654373168945,0,0,False
415.16404475923036,2.8609440326690674,0,0,False
388.7978269239094,2.8557653427124023,0,0,False
328.4869699901201,2.7955245971679688,0,0,False
176.81223383762347,2.7862026691436768,0,0,False
371.09080173154996,2.830251455307007,0,0,False
423.89154829395807,2.853297710418701,0,0,False
442.0985734863175,2.8321244716644287,0,0,False
347.2144735248477,2.8305776119232178,0,0,False
263.2516947006249,2.896193742752075,0,0,False
365.59080173154996,2.885042667388916,0,0,False
239.37536649392263,2.863924503326416,0,0,False
275.9238373338209,2.90153169631958,0,0,False
223.12309077141282,2.942880630493164,0,0,False
370.5908017315501,2.920180559158325,0,0,False
396.21940566076205,2.9140446186065674,0,0,False
364.85318782544107,3.117659091949463,0,0,False
295.1513408685486,3.0473318099975586,0,0,False
347.3837765391906,3.0466082096099854,0,0,False
415.7323556509965,3.0901777744293213,0,0,False
268.0713337990932,3.094736099243164,0,0,False
463.4647913216385,3.0967164039611816,0,0,False
396.21940566076205,3.1318001747131348,0,0,False
151.68362990841135,3.1718056201934814,0,0,False
410.7323556509965,3.2425365447998047,0,0,False
222.23665219332923,3.216827154159546,0,0,False
85.54143769846438,3.1563756465911865,0,0,False
205.51925902998286,3.2317190170288086,0,0,False
223.12309077141282,3.324476957321167,0,0,False
214.98437647081946,3.4067811965942383,0,0,False
343.4869699901201,3.525181531906128,0,0,False
356.46580173155,3.229539632797241,0,0,False
125.85229463225375,3.2963638305664062,0,0,False
187.52936940136414,3.5077402591705322,0,0,False
330.49708036150133,3.320150375366211,0,0,False
369.85318782544107,3.2969305515289307,0,0,False
230.96415572805697,3.5205471515655518,0,0,False
363.71807745405977,3.5462889671325684,0,0,False
284.41372696243957,3.4539296627044678,0,0,False
388.7978269239095,3.337205171585083,0,0,False
148.79289748491396,3.396519422531128,0,0,False
213.89558723668512,3.3931925296783447,0,0,False
276.42383733382087,3.446153163909912,0,0,False
223.69140166317885,3.635007381439209,0,0,False
161.1631515660431,3.473280191421509,0,0,False
255.83011596377222,3.4310624599456787,0,0,False
223.89558723668515,3.5010478496551514,0,0,False
187.52936940136416,3.6256661415100098,0,0,False
423.8915482939582,3.556980609893799,0,0,False
130.85229463225375,3.573908567428589,0,0,False
455.5897913216386,3.580965757369995,0,0,False
401.18452310159864,3.6547698974609375,0,0,False
171.2780411946618,3.611851692199707,0,0,False
248.82000559239094,3.6831302642822266,0,0,False
423.89154829395807,3.759589433670044,0,0,False
179.89065510077077,3.751598834991455,0,0,False
263.06798746948687,3.7301321029663086,0,0,False
275.186223427712,3.669098138809204,0,0,False
390.32190919548975,3.742509603500366,0,0,False
228.89558723668512,3.703113079071045,0,0,False
254.84048393475922,3.8062684535980225,0,0,False
231.88547686530387,3.778670072555542,0,0,False
267.1963337990933,3.746060609817505,0,0,False
318.40722052027036,3.8129351139068604,0,0,False
319.89483442637936,3.7624919414520264,0,0,False
186.57461993151452,3.842123031616211,0,0,False
205.12176256471054,3.7971584796905518,0,0,False
249.48930860673386,3.76008677482605,0,0,False
391.95701956687105,3.8160736560821533,0,0,False
190.6532987942676,3.793949604034424,0,0,False
167.18362990841138,3.849151849746704,0,0,False
255.83011596377224,3.821096658706665,0,0,False
178.18723383762347,3.8710410594940186,0,0,False
187.52936940136414,3.808244228363037,0,0,False
196.25687293609178,3.897962808609009,0,0,False
471.6239839646001,3.902439594268799,0,0,False
462.89648042987244,3.932382345199585,0,0,False
320.8482556895267,4.092071771621704,0,0,False
285.2196517603146,4.086049318313599,0,0,False
267.7646446908593,4.013113021850586,0,0,False
346.86329819682226,3.9910950660705566,0,0,False
285.35703785420566,4.022363901138306,0,0,False
396.95701956687105,4.008496999740601,0,0,False
220.48437647081948,4.14180326461792,0,0,False
481.95600915695957,4.164075136184692,0,0,False
272.5475091271186,4.125875234603882,0,0,False
178.58473030289576,4.1900224685668945,0,0,False
277.1963337990932,4.260279655456543,0,0,False
267.1963337990932,4.429556369781494,0,0,False
303.17744126303296,4.150136709213257,0,0,False
249.55761949849986,4.221568822860718,0,0,False
224.0104768653039,4.275067567825317,0,0,False
404.44690919548975,4.29622220993042,0,0,False
275.92383733382087,4.310984134674072,0,0,False
134.5797981669814,4.323528528213501,0,0,False
254.34048393475922,4.3107383251190186,0,0,False
337.2144735248477,4.316226482391357,0,0,False
140.05957742421887,4.3775575160980225,0,0,False
249.5576194984999,4.3492631912231445,0,0,False
254.34048393475922,4.614559888839722,0,0,False
251.6826194984999,4.590468645095825,0,0,False
308.14123049716727,4.505936861038208,0,0,False
352.9520874309567,4.466630697250366,0,0,False
248.60287002865033,4.547298908233643,0,0,False
352.9520874309566,4.548641681671143,0,0,False
249.17118092041633,4.628047227859497,0,0,False
285.186223427712,4.597169876098633,0,0,False
223.12309077141282,4.827632904052734,0,0,False
197.13187293609178,4.616672039031982,0,0,False
230.61298040003157,4.74675440788269,0,0,False
347.21447352484773,4.746686697006226,0,0,False
280.5373987557374,4.629059076309204,0,0,False
272.5475091271186,4.643556118011475,0,0,False
338.4869699901201,4.594886064529419,0,0,False
232.62309077141282,4.65117335319519,0,0,False
192.31223383762347,4.822107553482056,0,0,False
165.94601600230243,4.976541042327881,0,0,False
245.61298040003157,4.824044227600098,0,0,False
116.372772974622,4.966836452484131,0,0,False
294.4137269624396,4.879062652587891,0,0,False
351.4768596187388,4.7878358364105225,0,0,False
248.82000559239094,4.897983074188232,0,0,False
256.97919823535256,4.957331657409668,0,0,False
144.22862283895603,4.842982053756714,0,0,False
156.71851246757475,4.861679315567017,0,0,False
311.51755870386967,4.831495523452759,0,0,False
238.60287002865033,5.034634351730347,0,0,False
211.49903828722032,4.985991716384888,0,0,False
170.4111334431391,4.964785575866699,0,0,False
269.3213337990932,5.202232360839844,0,0,False
267.1963337990933,5.1472249031066895,0,0,False
271.97919823535256,5.172898292541504,0,0,False
294.48203785420566,5.054255485534668,0,0,False
276.061223427712,5.41714882850647,0,0,False
191.57461993151452,5.203318357467651,0,0,False
204.98437647081948,5.114222764968872,0,0,False
357.71580173154996,5.161521911621094,0,0,False
479.83100915695957,5.062150239944458,0,0,False
169.15304119466185,5.183535575866699,0,0,False
364.85318782544107,5.194736957550049,0,0,False
434.52015222317016,5.193778038024902,0,0,False
356.8632981968223,5.125867605209351,0,0,False
133.84218426087247,5.277540445327759,0,0,False
330.4970803615014,5.333079099655151,0,0,False
164.70840209619348,5.460564851760864,0,0,False
329.92876946973524,5.18668794631958,0,0,False
233.47559430614047,5.467145919799805,0,0,False
304.1308625261803,5.24580454826355,0,0,False
179.3223442090047,5.306269407272339,0,0,False
346.4768596187388,5.215856075286865,0,0,False
347.2144735248478,5.315184116363525,0,0,False
231.35059430614047,5.542437314987183,0,0,False
157.21851246757475,5.524766445159912,0,0,False
273.2851230332276,5.32422137260437,0,0,False
364.85318782544107,6.000324249267578,0,0,False
222.62309077141282,5.476473569869995,0,0,False
248.82000559239094,5.299008369445801,0,0,False
214.98437647081946,5.561703443527222,0,0,False
330.099583896229,5.516010522842407,0,0,False
210.51925902998286,5.547738790512085,0,0,False
152.95612637368373,5.556005954742432,0,0,False
352.7144735248477,5.694789171218872,0,0,False
192.31223383762344,5.780858516693115,0,0,False
177.31223383762347,5.487548589706421,0,0,False
271.8098952210097,5.48475193977356,0,0,False
222.47426609943818,5.528411626815796,0,0,False
204.24676256471054,5.543124675750732,0,0,False
378.58069136016877,5.542386054992676,0,0,False
160.94601600230246,5.601173639297485,0,0,False
186.10804826411717,5.543205738067627,0,0,False
356.86329819682237,5.68530011177063,0,0,False
250.8301159637722,5.688585996627808,0,0,False
276.811223427712,5.727477550506592,0,0,False
303.67744126303296,5.7513604164123535,0,0,False
335.49708036150133,5.881481409072876,0,0,False
325.8482556895267,5.816423177719116,0,0,False
302.7900551691419,5.753371715545654,0,0,False
187.31223383762344,5.75470495223999,0,0,False
227.2366521933293,5.8884148597717285,0,0,False
206.25687293609178,5.889166593551636,0,0,False
381.95701956687105,5.819544315338135,0,0,False
144.34351246757473,5.793964147567749,0,0,False
435.25776612927905,5.86519980430603,0,0,False
273.28512303322753,5.976547479629517,0,0,False
310.1106417834178,5.912599086761475,0,0,False
311.0175587038696,5.785645484924316,0,0,False
364.85318782544107,6.115468978881836,0,0,False
248.32000559239094,6.091188430786133,0,0,False
391.2877165525282,6.065480709075928,0,0,False
381.21940566076205,6.189385414123535,0,0,False
276.0612234277119,6.405023097991943,0,0,False
337.2144735248477,6.161725997924805,0,0,False
284.4137269624397,6.157672643661499,0,0,False
184.15304119466182,6.173334121704102,0,0,False
320.27994479776066,6.29007625579834,0,0,False
302.29005516914197,6.414501905441284,0,0,False
428.65526259455146,6.209998607635498,0,0,False
453.77148042987244,6.146686315536499,0,0,False
362.34307745405977,6.390752077102661,0,0,False
195.51925902998283,6.4119696617126465,0,0,False
325.27994479776066,6.318292617797852,0,0,False
328.4869699901201,6.328202486038208,0,0,False
298.9137269624397,6.222895622253418,0,0,False
283.9137269624397,6.168044567108154,0,0,False
293.56255163441426,6.239393949508667,0,0,False
347.38377653919065,6.2668616771698,0,0,False
283.9137269624396,6.367622137069702,0,0,False
257.5475091271186,6.280224323272705,0,0,False
184.89065510077077,6.3283772468566895,0,0,False
160.2084020961935,6.26273250579834,0,0,False
165.94601600230243,6.373857736587524,0,0,False
213.5091486586016,6.330498218536377,0,0,False
282.1963337990933,6.414191961288452,0,0,False
-----
497.25258789381223,0.5686626434326172,0,0,False
475.88637005849114,0.5815203189849854,0,0,False
508.32222699228055,0.5593581199645996,0,0,False
427.40526259455146,0.6809582710266113,0,0,False
444.52015222317016,0.6349124908447266,0,0,False
350.90854872697275,0.6573965549468994,0,0,False
425.57551312470184,0.653059720993042,0,0,False
352.21447352484773,0.6753301620483398,0,0,False
521.1972269922805,0.6900906562805176,0,0,False
423.1539343878492,0.7068016529083252,0,0,False
285.9238373338209,0.7315161228179932,0,0,False
401.03904475923036,0.7754321098327637,0,0,False
415.1640447592305,0.7891759872436523,0,0,False
461.76137005849114,0.8023593425750732,0,0,False
364.9680774540598,0.8113102912902832,0,0,False
312.120752154799,0.8474843502044678,0,0,False
426.53026259455146,0.7788248062133789,0,0,False
468.4647913216385,0.8778109550476074,0,0,False
295.1513408685486,0.8724761009216309,0,0,False
298.9137269624397,0.8926255702972412,0,0,False
317.120752154799,0.9072990417480469,0,0,False
422.6539343878492,1.0652225017547607,0,0,False
351.7144735248477,1.0720915794372559,0,0,False
324.0423308916517,1.073129653930664,0,0,False
327.0322205202704,1.0895578861236572,0,0,False
408.5289343878492,1.110121726989746,0,0,False
279.2997848496284,1.0978357791900635,0,0,False
489.83100915695957,1.1086969375610352,0,0,False
361.86329819682237,1.0939645767211914,0,0,False
324.5423308916518,1.0506865978240967,0,0,False
363.71807745405977,1.133737564086914,0,0,False
343.4869699901201,1.1190335750579834,0,0,False
401.0390447592304,1.1862106323242188,0,0,False
377.84307745405977,1.2492353916168213,0,0,False
463.4647913216385,1.270961046218872,0,0,False
463.4647913216385,1.2804036140441895,0,0,False
397.5253304586371,1.2835402488708496,0,0,False
423.1539343878492,1.2617769241333008,0,0,False
339.0552808818861,1.2631478309631348,0,0,False
437.0985734863176,1.3395240306854248,0,0,False
449.52015222317016,1.3551628589630127,0,0,False
317.120752154799,1.284177303314209,0,0,False
357.03411262331605,1.2793793678283691,0,0,False
382.5253304586371,1.3362197875976562,0,0,False
364.85318782544107,1.3512587547302246,0,0,False
317.120752154799,1.4173693656921387,0,0,False
383.7978269239094,1.4541921615600586,0,0,False
352.7144735248478,1.428013563156128,0,0,False
479.8310091569595,1.4028756618499756,0,0,False
348.3066090885884,1.416116714477539,0,0,False
382.66271655252814,1.4220755100250244,0,0,False
470.88637005849114,1.467175006866455,0,0,False
462.99898396460014,1.4675967693328857,0,0,False
312.858366060908,1.539271593093872,0,0,False
437.3827661292791,1.4976091384887695,0,0,False
312.120752154799,1.551757574081421,0,0,False
445.75776612927916,1.5522544384002686,0,0,False
429.2235734863175,1.6114633083343506,0,0,False
274.2997848496284,1.6130504608154297,0,0,False
317.12075215479905,1.6062638759613037,0,0,False
424.39154829395807,1.5954933166503906,0,0,False
441.53026259455146,1.5697600841522217,0,0,False
317.12075215479905,1.5589466094970703,0,0,False
347.21447352484773,1.556797981262207,0,0,False
378.5806913601687,1.6920311450958252,0,0,False
410.1640447592305,1.7208921909332275,0,0,False
383.7978269239094,1.7585744857788086,0,0,False
383.7978269239095,1.7607369422912598,0,0,False
365.59080173154996,1.7325100898742676,0,0,False
364.85318782544107,1.8894245624542236,0,0,False
450.2577661292791,1.8253109455108643,0,0,False
404.94690919548975,1.8853204250335693,0,0,False
418.1539343878492,2.014411449432373,0,0,False
436.53026259455146,2.035036563873291,0,0,False
418.1539343878492,1.995781421661377,0,0,False
347.2144735248477,2.0498905181884766,0,0,False
489.8310091569595,1.9659550189971924,0,0,False
463.4647913216385,1.9649336338043213,0,0,False
298.9137269624396,2.0451958179473877,0,0,False
362.4316090885884,2.1750009059906006,0,0,False
410.7323556509965,2.159853935241699,0,0,False
489.83100915695957,2.111096143722534,0,0,False
418.1539343878492,2.1751480102539062,0,0,False
467.89648042987244,2.129964828491211,0,0,False
383.7978269239095,2.221519708633423,0,0,False
468.4647913216385,2.1761391162872314,0,0,False
489.83100915695957,2.1855642795562744,0,0,False
343.4869699901201,2.178640604019165,0,0,False
343.4869699901201,2.2114312648773193,0,0,False
384.08201956687105,2.2090327739715576,0,0,False
388.7978269239095,2.3110246658325195,0,0,False
352.2144735248478,2.3335299491882324,0,0,False
397.5253304586371,2.2113513946533203,0,0,False
470.8863700584912,2.2126331329345703,0,0,False
445.25776612927905,2.4288787841796875,0,0,False
418.1539343878492,2.4043962955474854,0,0,False
410.1640447592304,2.4522202014923096,0,0,False
450.2577661292791,2.3828208446502686,0,0,False
366.15911262331605,2.4362244606018066,0,0,False
450.25776612927905,2.3574893474578857,0,0,False
408.1539343878492,2.3857030868530273,0,0,False
339.224583896229,2.487180233001709,0,0,False
321.0175587038696,2.4598779678344727,0,0,False
364.45569136016866,2.4968743324279785,0,0,False
63.289161975954585,2.531806707382202,0,0,False
306.4036165910584,2.504166603088379,0,0,False
285.9238373338209,2.6522703170776367,0,0,False
423.89154829395807,2.599170207977295,0,0,False
358.7841126233161,2.6343955993652344,0,0,False
294.6513408685486,2.80519962310791,0,0,False
390.83429528938086,2.70707106590271,0,0,False
298.9137269624397,2.6644723415374756,0,0,False
489.83100915695957,2.6852288246154785,0,0,False
463.4647913216385,2.8647875785827637,0,0,False
253.10287002865027,2.549757719039917,0,0,False
248.6028700286503,2.7202558517456055,0,0,False
547.5634448276015,2.7821247577667236,0,0,False
133.3073017017091,2.758148431777954,0,0,False
361.86329819682237,2.780263662338257,0,0,False
461.62398396460014,2.7793047428131104,0,0,False
411.01654829395807,2.8965024948120117,0,0,False
455.02148042987244,2.819568395614624,0,0,False
344.0552808818861,2.814366579055786,0,0,False
417.6539343878492,2.826462507247925,0,0,False
266.8098952210097,2.8631300926208496,0,0,False
418.32323740219204,2.8085241317749023,0,0,False
227.97426609943818,2.921581983566284,0,0,False
82.13155513930097,3.0076725482940674,0,0,False
242.03379482652528,2.9049718379974365,0,0,False
294.6513408685486,2.9176812171936035,0,0,False
356.97818782544107,2.961700201034546,0,0,False
222.23665219332926,2.9964160919189453,0,0,False
258.82000559239094,2.91975474357605,0,0,False
213.89558723668517,3.047797203063965,0,0,False
423.89154829395807,3.0887582302093506,0,0,False
248.98930860673386,3.05078125,0,0,False
142.21851246757478,3.0039806365966797,0,0,False
125.07979816698139,3.0483663082122803,0,0,False
436.53026259455146,3.1116113662719727,0,0,False
467.89648042987244,3.181581735610962,0,0,False
437.0985734863175,3.100590705871582,0,0,False
408.8915482939581,3.2332565784454346,0,0,False
441.53026259455146,3.0883877277374268,0,0,False
351.4768596187388,3.2830071449279785,0,0,False
106.37277297462201,3.13584566116333,0,0,False
307.64123049716727,3.173107385635376,0,0,False
204.98437647081946,3.274257183074951,0,0,False
479.83100915695957,3.167555332183838,0,0,False
302.120752154799,3.3282620906829834,0,0,False
434.52015222317016,3.187558650970459,0,0,False
152.9561263736837,3.2123353481292725,0,0,False
210.51925902998286,3.519146203994751,0,0,False
365.59080173154996,3.272143840789795,0,0,False
415.1640447592305,3.247246503829956,0,0,False
317.858366060908,3.2823963165283203,0,0,False
462.89648042987244,3.307176113128662,0,0,False
308.56255163441426,3.24332857131958,0,0,False
259.5576194984999,3.3390748500823975,0,0,False
268.0713337990933,3.25519061088562,0,0,False
103.91776590516666,3.33410906791687,0,0,False
449.52015222317016,3.2744386196136475,0,0,False
171.1631515660431,3.281899929046631,0,0,False
231.88547686530387,3.330904245376587,0,0,False
161.1631515660431,3.358780860900879,0,0,False
240.26180507200615,3.3042943477630615,0,0,False
322.6220803615013,3.3783867359161377,0,0,False
221.88547686530387,3.4507246017456055,0,0,False
381.7877165525282,3.4916722774505615,0,0,False
328.26983442637936,3.39697265625,0,0,False
363.5806913601687,3.547691583633423,0,0,False
396.957019566871,3.5225071907043457,0,0,False
267.66239875573734,3.401538848876953,0,0,False
290.186223427712,3.685659646987915,0,0,False
346.4768596187388,3.5951287746429443,0,0,False
294.6513408685485,3.561997175216675,0,0,False
249.84048393475925,3.5666391849517822,0,0,False
206.25687293609178,3.5896153450012207,0,0,False
175.59484067427707,3.611510992050171,0,0,False
326.51755870386955,3.5625975131988525,0,0,False
212.37403828722034,3.8155529499053955,0,0,False
130.85229463225375,3.7047972679138184,0,0,False
302.4036165910583,3.792046546936035,0,0,False
221.88547686530387,3.7449586391448975,0,0,False
240.8301159637722,3.8115925788879395,0,0,False
250.26180507200615,3.8925156593322754,0,0,False
219.24676256471054,3.7720675468444824,0,0,False
196.25687293609178,3.6959519386291504,0,0,False
220.726541821948,3.676945209503174,0,0,False
391.7877165525282,3.7569098472595215,0,0,False
373.22951603214335,3.777423143386841,0,0,False
286.0387269624397,3.7598979473114014,0,0,False
205.51925902998283,3.8417844772338867,0,0,False
346.64616263308164,3.9637978076934814,0,0,False
157.9561263736837,3.977835178375244,0,0,False
302.6412304971673,3.9286675453186035,0,0,False
187.52936940136414,3.96187424659729,0,0,False
508.32222699228055,4.00070858001709,0,0,False
230.7503664939226,3.930236577987671,0,0,False
400.1640447592304,4.131253242492676,0,0,False
481.95600915695957,4.085817575454712,0,0,False
179.15304119466182,4.1571502685546875,0,0,False
364.9556913601687,4.2746429443359375,0,0,False
202.52936940136414,4.119175434112549,0,0,False
259.16012303322753,4.128976106643677,0,0,False
290.186223427712,4.0352864265441895,0,0,False
297.6761130563307,4.117040395736694,0,0,False
160.59484067427707,4.2328948974609375,0,0,False
302.120752154799,4.1124279499053955,0,0,False
343.48696999012003,4.1094069480896,0,0,False
392.07190919548975,4.118203163146973,0,0,False
418.8915482939581,4.231141090393066,0,0,False
216.02058723668512,4.132356643676758,0,0,False
125.85229463225373,4.263310194015503,0,0,False
267.76464469085926,4.216719388961792,0,0,False
304.1308625261803,4.317885398864746,0,0,False
178.16340916564886,4.196606397628784,0,0,False
343.4869699901201,4.240189790725708,0,0,False
195.37043435800823,4.285241365432739,0,0,False
269.3213337990932,4.281376361846924,0,0,False
166.92579525953994,4.239567995071411,0,0,False
383.33201956687105,4.371710777282715,0,0,False
234.04390519790655,4.2037193775177,0,0,False
239.8753664939226,4.308934211730957,0,0,False
258.4225091271186,4.326514005661011,0,0,False
303.56255163441426,4.40642237663269,0,0,False
143.8073017017091,4.485970497131348,0,0,False
192.14293082328055,4.428105115890503,0,0,False
283.9137269624397,4.491055488586426,0,0,False
187.31223383762347,4.485727548599243,0,0,False
237.6230907714128,4.514337539672852,0,0,False
263.98930860673386,4.5360236167907715,0,0,False
275.186223427712,4.547716379165649,0,0,False
320.7799447977606,4.5948309898376465,0,0,False
366.44330526627766,4.669188737869263,0,0,False
231.35059430614052,4.5323920249938965,0,0,False
245.61298040003155,4.594937801361084,0,0,False
388.7092952893808,4.549597501754761,0,0,False
177.8805447293895,4.450791358947754,0,0,False
272.5475091271186,4.6714911460876465,0,0,False
284.6513408685486,4.703189134597778,0,0,False
160.94601600230243,4.695314645767212,0,0,False
238.6028700286503,4.7547829151153564,0,0,False
319.0074483324883,4.6548590660095215,0,0,False
229.37536649392263,4.695481061935425,0,0,False
168.93590563092118,4.7159998416900635,0,0,False
195.2672409070788,4.689327239990234,0,0,False
212.97426609943818,4.749260187149048,0,0,False
230.25036649392263,4.848168611526489,0,0,False
221.8854768653039,4.767452955245972,0,0,False
256.8303735633779,4.7954230308532715,0,0,False
211.2568729360918,4.927013874053955,0,0,False
206.25687293609178,4.995382308959961,0,0,False
214.74676256471054,4.892768621444702,0,0,False
229.87536649392263,5.028503179550171,0,0,False
157.95612637368373,4.972024202346802,0,0,False
324.5423308916518,5.0604248046875,0,0,False
283.4137269624396,5.193675994873047,0,0,False
206.35937647081946,5.03422999382019,0,0,False
338.656273004463,5.305717945098877,0,0,False
320.27994479776066,5.146574974060059,0,0,False
205.01925902998286,5.125680446624756,0,0,False
242.95511596377222,4.960642337799072,0,0,False
267.1963337990932,5.15067458152771,0,0,False
164.7084020961935,5.134234666824341,0,0,False
402.28904475923036,5.222053289413452,0,0,False
170.76565510077077,5.198869228363037,0,0,False
211.25687293609178,5.197066307067871,0,0,False
434.52015222317016,5.25651216506958,0,0,False
205.6217625647105,5.207260608673096,0,0,False
153.07101600230246,5.38871693611145,0,0,False
223.89558723668517,5.450687646865845,0,0,False
229.21188000554713,5.642998218536377,0,0,False
334.92876946973524,5.467548131942749,0,0,False
230.61298040003157,5.282180547714233,0,0,False
434.52015222317016,5.461608648300171,0,0,False
449.52015222317016,5.417963743209839,0,0,False
222.7604768653039,5.455312967300415,0,0,False
346.14616263308164,5.312105894088745,0,0,False
293.1761130563307,5.331099033355713,0,0,False
397.5253304586371,5.301308631896973,0,0,False
232.73798040003157,5.396052122116089,0,0,False
452.89648042987244,5.541033029556274,0,0,False
95.50655513930099,5.543381690979004,0,0,False
231.1812912917976,5.561567068099976,0,0,False
191.64293082328058,5.707820892333984,0,0,False
424.39154829395807,5.61879301071167,0,0,False
268.0713337990933,5.511094808578491,0,0,False
148.3073017017091,5.636866569519043,0,0,False
290.186223427712,5.5352020263671875,0,0,False
355.22818782544107,5.544147968292236,0,0,False
193.61815863549845,5.788284063339233,0,0,False
161.6836299084114,5.570166110992432,0,0,False
186.77735127846006,6.048814535140991,0,0,False
232.62309077141288,5.623540639877319,0,0,False
157.95612637368373,5.698404788970947,0,0,False
195.37043435800823,5.727881908416748,0,0,False
290.186223427712,5.773090839385986,0,0,False
264.5576194984999,6.042463779449463,0,0,False
140.0797981669814,5.893999338150024,0,0,False
325.27994479776066,5.714585781097412,0,0,False
302.29005516914185,5.818453550338745,0,0,False
253.8404839347592,5.836604356765747,0,0,False
197.64425902998286,5.830371618270874,0,0,False
347.4316090885884,5.9128851890563965,0,0,False
362.84307745405977,5.830578804016113,0,0,False
339.792894787995,5.846893787384033,0,0,False
357.71580173155,5.881279706954956,0,0,False
260.4101230332276,5.914072036743164,0,0,False
178.40102307175783,5.8899757862091064,0,0,False
158.45612637368367,5.926655054092407,0,0,False
449.52015222317016,6.095855236053467,0,0,False
178.58473030289576,6.125640869140625,0,0,False
157.9561263736837,6.215432643890381,0,0,False
391.2877165525281,6.137106657028198,0,0,False
239.34048393475925,6.324864149093628,0,0,False
165.44601600230243,6.297025680541992,0,0,False
238.6028700286503,6.286855936050415,0,0,False
225.99903828722032,6.317248582839966,0,0,False
219.74676256471054,6.3306872844696045,0,0,False
349.5566090885884,6.377548456192017,0,0,False
285.9238373338209,6.341248512268066,0,0,False
152.21851246757478,6.343195199966431,0,0,False
211.49903828722032,6.569409370422363,0,0,False
267.1963337990933,6.470105409622192,0,0,False
179.11815863549842,6.455177307128906,0,0,False
231.88547686530387,6.502246379852295,0,0,False
293.91372696243957,6.419240236282349,0,0,False
355.59080173155,6.395419359207153,0,0,False
320.4970803615013,6.40182900428772,0,0,False
401.7207338674644,6.844923257827759,0,0,False
256.8098952210097,6.4593751430511475,0,0,False
205.85937647081946,6.5578625202178955,0,0,False
275.186223427712,6.47354531288147,0,0,False
257.5475091271186,6.4215781688690186,0,0,False
343.4869699901201,6.439382791519165,0,0,False
289.686223427712,6.398284435272217,0,0,False
301.55244126303296,6.541635990142822,0,0,False
-----
502.25258789381223,0.6083109378814697,0,0,False
435.25776612927916,0.6181831359863281,0,0,False
489.2626982651935,0.6216599941253662,0,0,False
481.95600915695957,0.6212332248687744,0,0,False
470.88637005849114,0.7030560970306396,0,0,False
319.5423308916517,0.650864839553833,0,0,False
418.1539343878492,0.6743490695953369,0,0,False
461.7613700584912,0.6446237564086914,0,0,False
449.52015222317016,0.7292394638061523,0,0,False
374.31830526627766,0.7300193309783936,0,0,False
371.1591126233161,0.7374160289764404,0,0,False
467.89648042987244,0.7426514625549316,0,0,False
399.20929528938075,0.7658631801605225,0,0,False
346.4768596187388,0.809485912322998,0,0,False
372.8430774540599,0.8489546775817871,0,0,False
399.2092952893808,0.850029468536377,0,0,False
301.16600268494943,0.8874385356903076,0,0,False
418.1539343878492,0.9050357341766357,0,0,False
415.1640447592305,0.8953502178192139,0,0,False
396.7877165525282,0.9446232318878174,0,0,False
402.2890447592305,0.880272388458252,0,0,False
319.5423308916517,1.0172865390777588,0,0,False
441.5302625945514,1.0303335189819336,0,0,False
375.9228269239094,1.0290541648864746,0,0,False
312.120752154799,1.083005666732788,0,0,False
449.02015222317016,1.1056911945343018,0,0,False
318.6448344263794,1.1191823482513428,0,0,False
369.35318782544107,1.122532606124878,0,0,False
271.30989522100964,1.109255075454712,0,0,False
355.22818782544107,1.1060395240783691,0,0,False
402.2890447592305,1.1429269313812256,0,0,False
463.4647913216385,1.1733088493347168,0,0,False
352.21447352484773,1.2507169246673584,0,0,False
329.0552808818861,1.2074170112609863,0,0,False
506.1972269922805,1.227217197418213,0,0,False
349.5566090885884,1.2199344635009766,0,0,False
445.25776612927905,1.2000412940979004,0,0,False
317.858366060908,1.216398000717163,0,0,False
325.8482556895267,1.2622084617614746,0,0,False
445.2577661292791,1.2923495769500732,0,0,False
423.15393438784906,1.2705516815185547,0,0,False
455.5897913216385,1.2705292701721191,0,0,False
453.4647913216385,1.3050005435943604,0,0,False
396.7877165525281,1.3370184898376465,0,0,False
471.6239839646001,1.3460352420806885,0,0,False
415.16404475923036,1.4182209968566895,0,0,False
382.5253304586371,1.4292545318603516,0,0,False
410.16404475923036,1.3739376068115234,0,0,False
415.1640447592304,1.4207935333251953,0,0,False
349.5566090885884,1.4747240543365479,0,0,False
304.1308625261803,1.4796638488769531,0,0,False
415.1640447592304,1.4951789379119873,0,0,False
347.2144735248478,1.4922959804534912,0,0,False
321.58586959563564,1.4912123680114746,0,0,False
494.83100915695957,1.5735812187194824,0,0,False
344.224583896229,1.5488643646240234,0,0,False
423.8915482939581,1.578636646270752,0,0,False
494.83100915695957,1.5688090324401855,0,0,False
365.4214987172071,1.5721893310546875,0,0,False
374.6728269239094,1.5692203044891357,0,0,False
471.6239839646001,1.5213432312011719,0,0,False
348.3066090885884,1.5851733684539795,0,0,False
374.08069136016877,1.6414167881011963,0,0,False
437.88276612927916,1.6102895736694336,0,0,False
494.83100915695957,1.6459684371948242,0,0,False
494.83100915695957,1.6940927505493164,0,0,False
377.34307745405977,1.7147493362426758,0,0,False
436.53026259455146,1.6909983158111572,0,0,False
454.3397913216386,1.776491641998291,0,0,False
547.5634448276015,1.9353001117706299,0,0,False
378.58069136016877,2.0314481258392334,0,0,False
444.52015222317016,1.9869661331176758,0,0,False
370.4214987172071,2.099799633026123,0,0,False
312.858366060908,1.9763736724853516,0,0,False
320.8482556895267,2.046891689300537,0,0,False
344.724583896229,2.04486083984375,0,0,False
411.01654829395807,1.936927080154419,0,0,False
445.25776612927905,1.9376928806304932,0,0,False
418.89154829395807,1.9402587413787842,0,0,False
502.25258789381223,1.9170575141906738,0,0,False
444.52015222317016,2.0384814739227295,0,0,False
476.62398396460014,2.0719990730285645,0,0,False
450.25776612927905,2.1789326667785645,0,0,False
366.6591126233161,2.2290027141571045,0,0,False
366.1591126233161,2.3542723655700684,0,0,False
391.21940566076205,2.126645565032959,0,0,False
364.85318782544107,2.156837224960327,0,0,False
423.89154829395807,2.1847317218780518,0,0,False
475.8863700584912,2.2541842460632324,0,0,False
370.59080173154996,2.226999282836914,0,0,False
325.8482556895267,2.2045040130615234,0,0,False
325.8482556895267,2.239194869995117,0,0,False
468.4647913216386,2.288065195083618,0,0,False
330.09958389622903,2.316183090209961,0,0,False
418.1539343878492,2.3263440132141113,0,0,False
521.1972269922805,2.5089011192321777,0,0,False
330.599583896229,2.376636266708374,0,0,False
372.84307745405977,2.3550357818603516,0,0,False
418.1539343878492,2.448363780975342,0,0,False
352.2144735248477,2.434875965118408,0,0,False
471.6239839646001,2.4948954582214355,0,0,False
418.89154829395807,2.4172236919403076,0,0,False
427.40526259455146,2.5738041400909424,0,0,False
423.1539343878492,2.4024128913879395,0,0,False
382.6627165525281,2.582509994506836,0,0,False
213.50914865860156,2.58223819732666,0,0,False
373.58069136016877,2.573410749435425,0,0,False
381.7877165525281,2.528738260269165,0,0,False
346.7144735248477,2.633885383605957,0,0,False
479.83100915695945,2.5793962478637695,0,0,False
192.14293082328058,2.5647475719451904,0,0,False
321.0175587038696,2.7191903591156006,0,0,False
298.9137269624396,2.6905970573425293,0,0,False
489.83100915695945,2.684000015258789,0,0,False
450.75776612927905,2.694469451904297,0,0,False
468.4647913216385,2.6896815299987793,0,0,False
396.2877165525282,2.8162152767181396,0,0,False
300.7196517603146,2.7399415969848633,0,0,False
285.186223427712,2.896549940109253,0,0,False
109.987405003635,2.8364295959472656,0,0,False
351.4768596187388,2.7905614376068115,0,0,False
82.01666551068224,2.901905059814453,0,0,False
370.59080173154996,2.877629518508911,0,0,False
144.22862283895608,2.999432325363159,0,0,False
187.3805447293895,2.8466720581054688,0,0,False
150.20840209619348,3.0186030864715576,0,0,False
337.21447352484773,2.8592770099639893,0,0,False
429.2235734863176,2.880133628845215,0,0,False
320.77994479776066,2.909287691116333,0,0,False
290.186223427712,2.8929216861724854,0,0,False
320.27994479776066,3.0170798301696777,0,0,False
460.38637005849114,3.028909206390381,0,0,False
327.9869699901201,3.0246741771698,0,0,False
144.22862283895603,2.953366756439209,0,0,False
151.68362990841138,2.9907028675079346,0,0,False
309.0423308916517,3.0204458236694336,0,0,False
521.1972269922805,3.0290660858154297,0,0,False
167.18362990841138,3.0772292613983154,0,0,False
471.62398396460014,3.0481560230255127,0,0,False
335.4970803615013,3.1218276023864746,0,0,False
391.7877165525281,3.005415439605713,0,0,False
184.3223442090047,3.129986524581909,0,0,False
481.3876982651934,3.0705320835113525,0,0,False
339.792894787995,3.2106239795684814,0,0,False
237.62309077141282,3.123103618621826,0,0,False
275.9238373338209,3.140857458114624,0,0,False
284.7887269624396,3.1820969581604004,0,0,False
418.1539343878492,3.1135306358337402,0,0,False
468.4647913216386,3.1856515407562256,0,0,False
169.32234420900474,3.179499864578247,0,0,False
198.3818729360918,3.2110414505004883,0,0,False
277.311223427712,3.195638418197632,0,0,False
248.82000559239094,3.199800729751587,0,0,False
165.94601600230243,3.2515830993652344,0,0,False
363.71807745405977,3.204045534133911,0,0,False
221.88547686530387,3.1967403888702393,0,0,False
211.75687293609178,3.230142593383789,0,0,False
222.62309077141282,3.194493055343628,0,0,False
521.1972269922805,3.254072904586792,0,0,False
330.49708036150133,3.258091449737549,0,0,False
356.86329819682237,3.3110721111297607,0,0,False
161.1631515660431,3.4719457626342773,0,0,False
130.85229463225375,3.3939356803894043,0,0,False
410.1640447592305,3.463711977005005,0,0,False
320.4970803615014,3.505498170852661,0,0,False
187.14293082328055,3.585071325302124,0,0,False
223.12309077141282,3.48868465423584,0,0,False
275.9238373338209,3.567476272583008,0,0,False
329.92876946973524,3.48363995552063,0,0,False
202.52936940136414,3.6268699169158936,0,0,False
202.5293694013641,3.5602123737335205,0,0,False
441.53026259455146,3.5688657760620117,0,0,False
249.55761949849992,3.5553839206695557,0,0,False
346.4768596187388,3.6737780570983887,0,0,False
408.4606234960831,3.6632814407348633,0,0,False
302.64123049716727,3.5312466621398926,0,0,False
383.7978269239095,3.6624393463134766,0,0,False
228.89558723668515,3.6233267784118652,0,0,False
427.0985734863175,3.7602791786193848,0,0,False
383.7978269239095,3.71183705329895,0,0,False
267.19633379909317,3.786214590072632,0,0,False
117.86240500363499,3.914499521255493,0,0,False
293.56255163441426,3.735459804534912,0,0,False
329.36196999012003,3.6974380016326904,0,0,False
463.4647913216386,3.725306749343872,0,0,False
179.89065510077074,3.8159701824188232,0,0,False
294.6513408685486,3.8885128498077393,0,0,False
292.64123049716727,3.8595125675201416,0,0,False
238.24025612254133,4.053060531616211,0,0,False
343.656273004463,3.992335319519043,0,0,False
250.9326194984999,3.8702290058135986,0,0,False
263.0679874694869,4.126494646072388,0,0,False
373.22951603214335,4.138903856277466,0,0,False
205.12176256471054,3.8719303607940674,0,0,False
144.34351246757475,4.082066774368286,0,0,False
404.94690919548975,3.828596830368042,0,0,False
361.86329819682237,4.022979259490967,0,0,False
229.8753664939226,3.94596004486084,0,0,False
373.22951603214335,3.9890151023864746,0,0,False
468.4647913216386,3.924764394760132,0,0,False
494.83100915695957,3.9655420780181885,0,0,False
188.61815863549845,4.061593770980835,0,0,False
335.49708036150133,4.049087762832642,0,0,False
521.1972269922805,4.023069381713867,0,0,False
250.26180507200615,4.14618706703186,0,0,False
160.3232917248122,4.060535669326782,0,0,False
361.86329819682237,4.099342584609985,0,0,False
293.56255163441426,4.141890287399292,0,0,False
303.8788444032763,4.297639846801758,0,0,False
452.89648042987244,4.121981620788574,0,0,False
334.0074483324883,4.122565746307373,0,0,False
250.26180507200615,4.208969831466675,0,0,False
255.26180507200615,4.2861008644104,0,0,False
268.28512303322753,4.261391639709473,0,0,False
401.6073556509965,4.247308969497681,0,0,False
290.9238373338209,4.243216514587402,0,0,False
415.1640447592305,4.260626554489136,0,0,False
308.56255163441426,4.3306663036346436,0,0,False
267.1963337990933,4.374888896942139,0,0,False
277.311223427712,4.293633937835693,0,0,False
297.6761130563307,4.320165634155273,0,0,False
311.55244126303296,4.413804531097412,0,0,False
221.38547686530387,4.399565696716309,0,0,False
130.85229463225375,4.578572750091553,0,0,False
197.1318729360918,4.599137783050537,0,0,False
248.98930860673386,4.6139867305755615,0,0,False
328.76983442637936,4.564380168914795,0,0,False
277.311223427712,4.588537216186523,0,0,False
365.59080173155,4.579593181610107,0,0,False
124.57979816698139,4.568471908569336,0,0,False
153.4561263736837,4.777400970458984,0,0,False
436.13276612927916,4.656991243362427,0,0,False
356.8632981968223,4.828705787658691,0,0,False
397.5253304586371,4.6485536098480225,0,0,False
271.8098952210097,4.557607173919678,0,0,False
325.8482556895267,4.683821201324463,0,0,False
330.4970803615013,4.578522682189941,0,0,False
269.3213337990933,4.637696266174316,0,0,False
256.8098952210097,4.643706798553467,0,0,False
398.0253304586371,4.6315717697143555,0,0,False
170.02804119466185,4.657090187072754,0,0,False
310.9856417834178,4.684983730316162,0,0,False
290.9238373338209,4.745250940322876,0,0,False
328.26983442637936,4.694960117340088,0,0,False
373.58069136016866,4.9186742305755615,0,0,False
90.50655513930099,4.674936056137085,0,0,False
325.1106417834178,4.713326930999756,0,0,False
364.96807745405977,4.860102891921997,0,0,False
151.44601600230243,4.837007999420166,0,0,False
171.27804119466182,4.780127763748169,0,0,False
356.97818782544107,4.83497428894043,0,0,False
231.8505943061405,4.861765146255493,0,0,False
449.02015222317016,4.9949822425842285,0,0,False
378.5806913601687,4.908823013305664,0,0,False
339.3394735248478,4.8982319831848145,0,0,False
378.58069136016877,4.954906463623047,0,0,False
273.28512303322753,5.058140993118286,0,0,False
303.358366060908,4.898106813430786,0,0,False
241.11298040003157,5.097413778305054,0,0,False
266.8098952210097,5.013860464096069,0,0,False
222.97426609943824,5.121136903762817,0,0,False
286.77634086854863,5.244065761566162,0,0,False
264.96908786397137,5.10221266746521,0,0,False
249.55761949849986,5.191924810409546,0,0,False
272.54750912711864,5.254234790802002,0,0,False
271.8098952210097,5.160793304443359,0,0,False
158.93590563092116,5.181138038635254,0,0,False
214.77058723668512,5.179336309432983,0,0,False
139.0797981669814,5.259931564331055,0,0,False
179.32234420900474,5.34142804145813,0,0,False
277.3671482255869,5.426590919494629,0,0,False
325.27994479776066,5.38287353515625,0,0,False
185.53973737235114,5.2786500453948975,0,0,False
248.82000559239094,5.315424680709839,0,0,False
197.6318729360918,5.304626941680908,0,0,False
122.11038688073094,5.489400863647461,0,0,False
299.6513408685486,5.347659587860107,0,0,False
308.3788444032763,5.22627329826355,0,0,False
308.56255163441426,5.409822702407837,0,0,False
338.4869699901201,5.491659879684448,0,0,False
223.49809077141282,5.507395505905151,0,0,False
277.1963337990933,5.476512432098389,0,0,False
197.5293694013641,5.636574983596802,0,0,False
257.54750912711864,5.500194311141968,0,0,False
283.1761130563307,5.524072885513306,0,0,False
442.0985734863175,5.451460838317871,0,0,False
258.21681214146156,5.561578273773193,0,0,False
224.74809077141285,5.567263603210449,0,0,False
195.51925902998286,5.654084205627441,0,0,False
339.3394735248478,5.62190580368042,0,0,False
78.28916197595458,5.6736438274383545,0,0,False
230.61298040003157,5.725768566131592,0,0,False
346.86329819682237,5.790635108947754,0,0,False
192.8805447293895,5.804631948471069,0,0,False
268.28512303322753,5.8947319984436035,0,0,False
290.9238373338209,5.8148767948150635,0,0,False
187.14293082328058,5.9767162799835205,0,0,False
295.1513408685486,5.846707344055176,0,0,False
415.7323556509965,5.855222225189209,0,0,False
250.83011596377222,5.862958669662476,0,0,False
329.22458389622903,6.232035398483276,0,0,False
191.57461993151452,5.882784128189087,0,0,False
178.5847303028958,5.865197420120239,0,0,False
267.1963337990933,5.828155517578125,0,0,False
175.1735195370301,5.827326059341431,0,0,False
269.32133379909317,5.873538017272949,0,0,False
306.9036165910583,5.930187702178955,0,0,False
203.5091486586016,6.045944690704346,0,0,False
339.224583896229,6.089294195175171,0,0,False
302.4036165910584,5.9378345012664795,0,0,False
480.70600915695957,6.1666100025177,0,0,False
272.5475091271186,6.282603740692139,0,0,False
301.55244126303296,6.212702751159668,0,0,False
372.84307745405977,6.685137987136841,0,0,False
250.43261949849986,6.380183219909668,0,0,False
311.6673308916517,6.294713497161865,0,0,False
410.7323556509965,6.437610864639282,0,0,False
320.77994479776066,6.341078281402588,0,0,False
343.4869699901201,6.294017791748047,0,0,False
381.95701956687105,6.321046829223633,0,0,False
250.83011596377222,6.994919538497925,0,0,False
236.88547686530387,6.519649982452393,0,0,False
317.120752154799,6.458083868026733,0,0,False
352.14616263308164,6.246905565261841,0,0,False
131.58990853836264,6.297316312789917,0,0,False
134.5797981669814,6.256178617477417,0,0,False
267.7168121414615,6.142547130584717,0,0,False
275.92383733382087,6.40769362449646,0,0,False
329.224583896229,6.449682950973511,0,0,False
267.1963337990932,6.468475818634033,0,0,False
219.98437647081948,6.469528675079346,0,0,False
301.62075215479905,6.34519624710083,0,0,False
210.51925902998283,6.5379414558410645,0,0,False
239.37536649392263,6.495605707168579,0,0,False
267.5475091271186,6.810884475708008,0,0,False
284.2887269624396,6.466328859329224,0,0,False
-----
