-98.9198989868164,0.9775607585906982,0,0,False
-98.86583709716797,0.9160516262054443,0,0,False
-98.70962524414062,0.9050178527832031,0,0,False
-98.70360565185547,0.8759253025054932,0,0,False
-98.81285095214844,0.9487371444702148,0,0,False
-98.69255828857422,1.0025432109832764,0,0,False
-98.90631866455078,1.0210704803466797,0,0,False
-98.58364868164062,1.099137306213379,0,0,False
-98.65320587158203,1.1934242248535156,0,0,False
-98.7324447631836,1.2996807098388672,0,0,False
-98.91161346435547,1.3951973915100098,0,0,False
-98.56795501708984,1.565338134765625,0,0,False
-98.65201568603516,1.6481950283050537,0,0,False
-98.89376068115234,1.6080551147460938,0,0,False
-98.68768310546875,1.6870861053466797,0,0,False
-98.68573760986328,1.7473382949829102,0,0,False
-98.66561126708984,1.8134238719940186,0,0,False
-98.70787048339844,1.9117248058319092,0,0,False
-98.67749786376953,1.978166103363037,0,0,False
-98.68466186523438,2.098447561264038,0,0,False
-98.69226837158203,2.115553617477417,0,0,False
-98.5767822265625,2.326845407485962,0,0,False
-98.869140625,2.34039044380188,0,0,False
-98.92391204833984,2.4048445224761963,0,0,False
-98.85672760009766,2.590531826019287,0,0,False
-98.5644302368164,2.620849847793579,0,0,False
-98.73455810546875,2.765232563018799,0,0,False
-98.7377700805664,2.7702107429504395,0,0,False
-98.61978149414062,2.9074580669403076,0,0,False
-98.8782958984375,2.889998197555542,0,0,False
-98.62479400634766,3.009361505508423,0,0,False
-98.6529312133789,3.073848009109497,0,0,False
-98.57694244384766,3.143608570098877,0,0,False
-98.87618255615234,3.2713451385498047,0,0,False
-98.60631561279297,3.285473585128784,0,0,False
-98.87422180175781,3.2784533500671387,0,0,False
-98.77181243896484,3.4548757076263428,0,0,False
-98.63909912109375,3.5207250118255615,0,0,False
-98.70245361328125,3.5784308910369873,0,0,False
-98.70169830322266,3.6613171100616455,0,0,False
-98.93112182617188,3.7328121662139893,0,0,False
-98.8774185180664,3.8248167037963867,0,0,False
-98.91195678710938,3.8289990425109863,0,0,False
-98.71342468261719,3.8856167793273926,0,0,False
-98.70941925048828,3.9387331008911133,0,0,False
-98.72777557373047,4.341897249221802,0,0,False
-98.59048461914062,4.470427751541138,0,0,False
-98.88148498535156,4.5203564167022705,0,0,False
-98.71585845947266,4.574169158935547,0,0,False
-98.70169830322266,4.683232307434082,0,0,False
-98.88312530517578,4.800085783004761,0,0,False
-98.92315673828125,5.00408935546875,0,0,False
-98.59048461914062,5.002851247787476,0,0,False
-98.68555450439453,5.0285022258758545,0,0,False
-98.57354736328125,5.096195697784424,0,0,False
-98.71701049804688,5.295831203460693,0,0,False
-98.69339752197266,5.403676271438599,0,0,False
-98.6960678100586,5.355617523193359,0,0,False
-98.61512756347656,5.546867609024048,0,0,False
-98.89043426513672,5.466431617736816,0,0,False
-98.7137222290039,5.6614391803741455,0,0,False
-98.6826400756836,5.634713649749756,0,0,False
-98.71286010742188,5.8287107944488525,0,0,False
-98.70256805419922,5.730366230010986,0,0,False
-98.7665023803711,5.8885040283203125,0,0,False
-98.665283203125,6.056394815444946,0,0,False
-98.66154479980469,5.94353461265564,0,0,False
-98.64025115966797,5.993226528167725,0,0,False
-91.47142791748047,6.200700521469116,0,0,False
-20.01176643371582,6.192286729812622,0,0,False
-20.01176643371582,6.2412025928497314,0,0,False
-20.01176643371582,6.1695027351379395,0,0,False
-20.01176643371582,6.147860288619995,0,0,False
-20.01176643371582,6.153850793838501,0,0,False
-20.01176643371582,6.274839401245117,0,0,False
-20.01176643371582,6.328152418136597,0,0,False
-20.01176643371582,6.13460636138916,0,0,False
-20.01176643371582,6.126664638519287,0,0,False
-20.01176643371582,6.082612037658691,0,0,False
-20.01176643371582,6.136664390563965,0,0,False
-20.01176643371582,6.034531593322754,0,0,False
-20.01176643371582,6.1685631275177,0,0,False
-20.01176643371582,6.2090818881988525,0,0,False
-20.01176643371582,6.222618818283081,0,0,False
-20.01176643371582,6.128532409667969,0,0,False
-20.01176643371582,6.222294092178345,0,0,False
-20.01176643371582,6.1752705574035645,0,0,False
-20.01176643371582,6.180523872375488,0,0,False
-20.01176643371582,6.0947699546813965,0,0,False
-20.01176643371582,6.064605474472046,0,0,False
-20.01176643371582,6.257139444351196,0,0,False
-20.01176643371582,6.287622928619385,0,0,False
-20.01176643371582,6.2334980964660645,0,0,False
-20.01176643371582,6.247815132141113,0,0,False
-20.01176643371582,6.2139599323272705,0,0,False
-20.01176643371582,6.25296688079834,0,0,False
-20.01176643371582,6.231189250946045,0,0,False
-20.01176643371582,6.1548144817352295,0,0,False
-20.01176643371582,6.179659128189087,0,0,False
-20.01176643371582,6.208322286605835,0,0,False
-20.01176643371582,6.240735769271851,0,0,False
-20.01176643371582,6.285541534423828,0,0,False
-20.01176643371582,6.199403524398804,0,0,False
-20.01176643371582,6.185978889465332,0,0,False
-20.01176643371582,6.212384462356567,0,0,False
-20.01176643371582,6.195678949356079,0,0,False
-20.01176643371582,6.19351863861084,0,0,False
-20.01176643371582,6.224516868591309,0,0,False
-20.01176643371582,6.205898284912109,0,0,False
-20.01176643371582,6.298922061920166,0,0,False
-20.01176643371582,6.306353330612183,0,0,False
-20.01176643371582,6.194298982620239,0,0,False
-20.01176643371582,6.166189908981323,0,0,False
-20.01176643371582,6.135461330413818,0,0,False
-20.01176643371582,6.191662073135376,0,0,False
-20.01176643371582,6.182714462280273,0,0,False
-20.01176643371582,6.15899658203125,0,0,False
-20.01176643371582,6.185730457305908,0,0,False
-20.01176643371582,6.1658899784088135,0,0,False
-20.01176643371582,6.301408290863037,0,0,False
-20.01176643371582,6.192317962646484,0,0,False
-20.01176643371582,6.22479510307312,0,0,False
-20.01176643371582,6.265357255935669,0,0,False
-20.01176643371582,6.226759195327759,0,0,False
-20.01176643371582,6.234030246734619,0,0,False
-20.01176643371582,6.270951986312866,0,0,False
-20.01176643371582,6.232695579528809,0,0,False
-20.01176643371582,6.237777471542358,0,0,False
-20.01176643371582,6.16146183013916,0,0,False
-20.01176643371582,6.2195518016815186,0,0,False
-20.01176643371582,6.2111945152282715,0,0,False
-20.01176643371582,6.218849420547485,0,0,False
-20.01176643371582,6.258418083190918,0,0,False
-20.01176643371582,6.178757429122925,0,0,False
-20.01176643371582,6.159301280975342,0,0,False
-20.01176643371582,6.195154666900635,0,0,False
-20.01176643371582,6.195741415023804,0,0,False
-20.01176643371582,6.192981958389282,0,0,False
-20.01176643371582,6.1848671436309814,0,0,False
-20.01176643371582,6.304620265960693,0,0,False
-20.01176643371582,6.2200682163238525,0,0,False
-20.01176643371582,6.274911403656006,0,0,False
-20.01176643371582,6.168275833129883,0,0,False
-20.01176643371582,6.221164703369141,0,0,False
-20.01176643371582,6.21608829498291,0,0,False
-20.01176643371582,6.230006456375122,0,0,False
-20.01176643371582,6.208677291870117,0,0,False
-20.01176643371582,6.2233171463012695,0,0,False
-20.01176643371582,6.191056966781616,0,0,False
-20.01176643371582,6.3126442432403564,0,0,False
-20.01176643371582,6.296998500823975,0,0,False
-20.01176643371582,6.209264039993286,0,0,False
-20.01176643371582,6.266538858413696,0,0,False
-20.01176643371582,6.18339204788208,0,0,False
-20.01176643371582,6.2477357387542725,0,0,False
-20.01176643371582,6.158435106277466,0,0,False
-20.01176643371582,6.225998640060425,0,0,False
-20.01176643371582,6.210970640182495,0,0,False
-20.01176643371582,6.241592645645142,0,0,False
-20.01176643371582,6.225470304489136,0,0,False
-20.01176643371582,6.227709531784058,0,0,False
-20.01176643371582,6.229183197021484,0,0,False
-20.01176643371582,6.1659252643585205,0,0,False
-20.01176643371582,6.339443922042847,0,0,False
-20.01176643371582,6.265034914016724,0,0,False
-20.01176643371582,6.285616874694824,0,0,False
-20.01176643371582,6.273906230926514,0,0,False
-20.01176643371582,6.212075471878052,0,0,False
-20.01176643371582,6.324744701385498,0,0,False
-20.01176643371582,6.523573398590088,0,0,False
-20.01176643371582,6.358093976974487,0,0,False
-20.01176643371582,6.328289985656738,0,0,False
-20.01176643371582,6.2785303592681885,0,0,False
-20.01176643371582,6.206867456436157,0,0,False
-20.01176643371582,6.1678619384765625,0,0,False
-20.01176643371582,6.052983522415161,0,0,False
-20.01176643371582,6.1855762004852295,0,0,False
-20.01176643371582,6.034968852996826,0,0,False
-20.01176643371582,6.022616624832153,0,0,False
-20.01176643371582,6.134084463119507,0,0,False
-20.01176643371582,6.085946083068848,0,0,False
-20.01176643371582,6.076842308044434,0,0,False
-20.01176643371582,6.147393226623535,0,0,False
-20.01176643371582,6.196179628372192,0,0,False
-20.01176643371582,6.1551353931427,0,0,False
-20.01176643371582,6.1466147899627686,0,0,False
-20.01176643371582,6.2107837200164795,0,0,False
-20.01176643371582,6.145364284515381,0,0,False
-20.01176643371582,6.074906587600708,0,0,False
-20.01176643371582,6.171995401382446,0,0,False
-20.01176643371582,6.263477087020874,0,0,False
-20.01176643371582,6.221794366836548,0,0,False
-20.01176643371582,6.2100794315338135,0,0,False
-20.01176643371582,6.215846300125122,0,0,False
-20.01176643371582,6.271890163421631,0,0,False
-20.01176643371582,6.269330978393555,0,0,False
-20.01176643371582,6.272835969924927,0,0,False
-20.01176643371582,6.230834245681763,0,0,False
-20.01176643371582,6.392218351364136,0,0,False
-20.01176643371582,6.298962593078613,0,0,False
-20.01176643371582,6.269727468490601,0,0,False
-20.01176643371582,6.207670450210571,0,0,False
-20.01176643371582,6.197415113449097,0,0,False
-20.01176643371582,6.100105285644531,0,0,False
-20.01176643371582,6.134822607040405,0,0,False
-20.01176643371582,6.164308309555054,0,0,False
-20.01176643371582,6.189100742340088,0,0,False
-20.01176643371582,6.082343578338623,0,0,False
-20.01176643371582,6.134862184524536,0,0,False
-20.01176643371582,6.146525621414185,0,0,False
-20.01176643371582,6.091486692428589,0,0,False
-20.01176643371582,6.05034327507019,0,0,False
-20.01176643371582,6.0676069259643555,0,0,False
-20.01176643371582,6.159355401992798,0,0,False
-20.01176643371582,6.165052652359009,0,0,False
-20.01176643371582,6.11142635345459,0,0,False
--------------
-95.99998474121094,0.7318246364593506,0,0,False
-95.76066589355469,0.8066434860229492,0,0,False
-95.7701416015625,0.8282961845397949,0,0,False
-96.02299499511719,0.9578166007995605,0,0,False
-95.7690658569336,0.9903833866119385,0,0,False
-96.04183197021484,1.027043342590332,0,0,False
-95.82063293457031,1.1210246086120605,0,0,False
-95.7327880859375,1.186253309249878,0,0,False
-95.6318130493164,1.278153419494629,0,0,False
-95.65890502929688,1.4286236763000488,0,0,False
-95.83059692382812,1.5091338157653809,0,0,False
-51.28361892700195,1.5153350830078125,0,0,False
-51.28361892700195,1.5036096572875977,0,0,False
-51.28361892700195,1.5059146881103516,0,0,False
-51.28361892700195,1.5171685218811035,0,0,False
-51.28361892700195,1.5537388324737549,0,0,False
-51.28361892700195,1.536017656326294,0,0,False
-51.28361892700195,1.4921438694000244,0,0,False
-51.28361892700195,1.5645816326141357,0,0,False
-51.28361892700195,1.602128028869629,0,0,False
-51.28361892700195,1.5678157806396484,0,0,False
-51.28361892700195,1.556746244430542,0,0,False
-51.28361892700195,1.574955701828003,0,0,False
-51.28361892700195,1.5994093418121338,0,0,False
-51.28361892700195,1.5527637004852295,0,0,False
-51.28361892700195,1.5564649105072021,0,0,False
-51.28361892700195,1.5781283378601074,0,0,False
-51.28361892700195,1.4673776626586914,0,0,False
-51.28361892700195,1.5524187088012695,0,0,False
-51.28361892700195,1.5952529907226562,0,0,False
-51.28361892700195,1.5339205265045166,0,0,False
-51.28361892700195,1.4998152256011963,0,0,False
-51.28361892700195,1.5180182456970215,0,0,False
-51.28361892700195,1.5034763813018799,0,0,False
-51.28361892700195,1.549309492111206,0,0,False
-51.28361892700195,1.5504324436187744,0,0,False
-51.28361892700195,1.4980950355529785,0,0,False
-51.28361892700195,1.53932523727417,0,0,False
-51.28361892700195,1.494678020477295,0,0,False
-51.28361892700195,1.5025038719177246,0,0,False
-51.28361892700195,1.5060863494873047,0,0,False
-51.28361892700195,1.5503599643707275,0,0,False
-51.28361892700195,1.5653107166290283,0,0,False
-51.28361892700195,1.5821974277496338,0,0,False
-51.28361892700195,1.5461804866790771,0,0,False
-51.28361892700195,1.544041633605957,0,0,False
-51.28361892700195,1.5783720016479492,0,0,False
-51.28361892700195,1.5205447673797607,0,0,False
-51.28361892700195,1.5166347026824951,0,0,False
-51.28361892700195,1.5785658359527588,0,0,False
-51.28361892700195,1.550001859664917,0,0,False
-51.28361892700195,1.5177254676818848,0,0,False
-51.28361892700195,1.5472755432128906,0,0,False
-51.28361892700195,1.600189208984375,0,0,False
-51.28361892700195,1.5223584175109863,0,0,False
-51.28361892700195,1.539750337600708,0,0,False
-51.28361892700195,1.556149959564209,0,0,False
-51.28361892700195,1.5232806205749512,0,0,False
-51.28361892700195,1.5574090480804443,0,0,False
-51.28361892700195,1.5607588291168213,0,0,False
-51.28361892700195,1.564269781112671,0,0,False
-51.28361892700195,1.538553237915039,0,0,False
-51.28361892700195,1.5796325206756592,0,0,False
-51.28361892700195,1.6206510066986084,0,0,False
-51.28361892700195,1.5526337623596191,0,0,False
-51.28361892700195,1.517198085784912,0,0,False
-51.28361892700195,1.5179224014282227,0,0,False
-51.28361892700195,1.5232365131378174,0,0,False
-51.28361892700195,1.5237305164337158,0,0,False
-51.28361892700195,1.5612046718597412,0,0,False
-51.28361892700195,1.518941879272461,0,0,False
-51.28361892700195,1.5030741691589355,0,0,False
-51.28361892700195,1.5087392330169678,0,0,False
-51.28361892700195,1.4973387718200684,0,0,False
-51.28361892700195,1.5398004055023193,0,0,False
-51.28361892700195,1.4856770038604736,0,0,False
-51.28361892700195,1.4908742904663086,0,0,False
-51.28361892700195,1.5030794143676758,0,0,False
-51.28361892700195,1.4947948455810547,0,0,False
-51.28361892700195,1.511305809020996,0,0,False
-51.28361892700195,1.5046372413635254,0,0,False
-51.28361892700195,1.5013325214385986,0,0,False
-51.28361892700195,1.4931223392486572,0,0,False
-51.28361892700195,1.5088465213775635,0,0,False
-51.28361892700195,1.504075527191162,0,0,False
-51.28361892700195,1.5192112922668457,0,0,False
-51.28361892700195,1.4894795417785645,0,0,False
-51.28361892700195,1.5026042461395264,0,0,False
-51.28361892700195,1.5690538883209229,0,0,False
-51.28361892700195,1.5538513660430908,0,0,False
-51.28361892700195,1.5473167896270752,0,0,False
-51.28361892700195,1.5772895812988281,0,0,False
-51.28361892700195,1.534487247467041,0,0,False
-51.28361892700195,1.5754599571228027,0,0,False
-51.28361892700195,1.52467679977417,0,0,False
-51.28361892700195,1.537580966949463,0,0,False
-51.28361892700195,1.5584423542022705,0,0,False
-51.28361892700195,1.5354118347167969,0,0,False
-51.28361892700195,1.5385689735412598,0,0,False
-51.28361892700195,1.5331430435180664,0,0,False
-51.28361892700195,1.5263025760650635,0,0,False
-51.28361892700195,1.539153814315796,0,0,False
-51.28361892700195,1.5235731601715088,0,0,False
-51.28361892700195,1.573657751083374,0,0,False
-51.28361892700195,1.5566105842590332,0,0,False
-51.28361892700195,1.554610252380371,0,0,False
-51.28361892700195,1.558790922164917,0,0,False
-51.28361892700195,1.5268959999084473,0,0,False
-51.28361892700195,1.5750973224639893,0,0,False
-51.28361892700195,1.512300729751587,0,0,False
-51.28361892700195,1.5124919414520264,0,0,False
-51.28361892700195,1.4868590831756592,0,0,False
-51.28361892700195,1.4907217025756836,0,0,False
-51.28361892700195,1.4992046356201172,0,0,False
-51.28361892700195,1.4878458976745605,0,0,False
-51.28361892700195,1.506767988204956,0,0,False
-51.28361892700195,1.5182032585144043,0,0,False
-51.28361892700195,1.5127251148223877,0,0,False
-51.28361892700195,1.5224957466125488,0,0,False
-51.28361892700195,1.5125737190246582,0,0,False
-51.28361892700195,1.5469493865966797,0,0,False
-51.28361892700195,1.531688928604126,0,0,False
-51.28361892700195,1.5662062168121338,0,0,False
-51.28361892700195,1.5507402420043945,0,0,False
-51.28361892700195,1.550595760345459,0,0,False
-51.28361892700195,1.5435700416564941,0,0,False
-51.28361892700195,1.5574891567230225,0,0,False
-51.28361892700195,1.640655517578125,0,0,False
-51.28361892700195,1.5369646549224854,0,0,False
-51.28361892700195,1.5326080322265625,0,0,False
-51.28361892700195,1.6359155178070068,0,0,False
-51.28361892700195,1.5225152969360352,0,0,False
-51.28361892700195,1.5055341720581055,0,0,False
-51.28361892700195,1.5282223224639893,0,0,False
-51.28361892700195,1.5017457008361816,0,0,False
-51.28361892700195,1.5223381519317627,0,0,False
-51.28361892700195,1.52370023727417,0,0,False
-51.28361892700195,1.5182733535766602,0,0,False
-51.28361892700195,1.50187087059021,0,0,False
-51.28361892700195,1.5046403408050537,0,0,False
-51.28361892700195,1.5351402759552002,0,0,False
-51.28361892700195,1.4979751110076904,0,0,False
-51.28361892700195,1.507817268371582,0,0,False
-51.28361892700195,1.550835132598877,0,0,False
-51.28361892700195,1.4953179359436035,0,0,False
-51.28361892700195,1.4895353317260742,0,0,False
-51.28361892700195,1.5129857063293457,0,0,False
-51.28361892700195,1.494539737701416,0,0,False
-51.28361892700195,1.5673134326934814,0,0,False
-51.28361892700195,1.6248245239257812,0,0,False
-51.28361892700195,1.5358593463897705,0,0,False
-51.28361892700195,1.5210051536560059,0,0,False
-51.28361892700195,1.5233378410339355,0,0,False
-51.28361892700195,1.6526689529418945,0,0,False
-51.28361892700195,1.6640732288360596,0,0,False
-51.28361892700195,1.5894508361816406,0,0,False
-51.28361892700195,1.5438883304595947,0,0,False
-51.28361892700195,1.556384563446045,0,0,False
-51.28361892700195,1.5536224842071533,0,0,False
-51.28361892700195,1.570786952972412,0,0,False
-51.28361892700195,1.581113338470459,0,0,False
-51.28361892700195,1.5166149139404297,0,0,False
-51.28361892700195,1.5152790546417236,0,0,False
-51.28361892700195,1.5671679973602295,0,0,False
-51.28361892700195,1.5452747344970703,0,0,False
-51.28361892700195,1.5163919925689697,0,0,False
-51.28361892700195,1.513225793838501,0,0,False
-51.28361892700195,1.5494980812072754,0,0,False
-51.28361892700195,1.4798860549926758,0,0,False
-51.28361892700195,1.5142850875854492,0,0,False
-51.28361892700195,1.523921251296997,0,0,False
-51.28361892700195,1.512765884399414,0,0,False
-51.28361892700195,1.5271761417388916,0,0,False
-51.28361892700195,1.5248477458953857,0,0,False
-51.28361892700195,1.5376603603363037,0,0,False
-51.28361892700195,1.5992577075958252,0,0,False
-51.28361892700195,1.641195297241211,0,0,False
-51.28361892700195,1.5730738639831543,0,0,False
-51.28361892700195,1.546922206878662,0,0,False
-51.28361892700195,1.527500867843628,0,0,False
-51.28361892700195,1.553785800933838,0,0,False
-51.28361892700195,1.5657341480255127,0,0,False
-51.28361892700195,1.557804822921753,0,0,False
-51.28361892700195,1.5581343173980713,0,0,False
-51.28361892700195,1.5441813468933105,0,0,False
-51.28361892700195,1.5722966194152832,0,0,False
-51.28361892700195,1.5748236179351807,0,0,False
-51.28361892700195,1.597060203552246,0,0,False
-51.28361892700195,1.5423429012298584,0,0,False
-51.28361892700195,1.547184705734253,0,0,False
-51.28361892700195,1.5359911918640137,0,0,False
-51.28361892700195,1.5316414833068848,0,0,False
-51.28361892700195,1.5163860321044922,0,0,False
-51.28361892700195,1.531609296798706,0,0,False
-51.28361892700195,1.533604621887207,0,0,False
-51.28361892700195,1.5236144065856934,0,0,False
-51.28361892700195,1.5315823554992676,0,0,False
-51.28361892700195,1.5513596534729004,0,0,False
-51.28361892700195,1.5213725566864014,0,0,False
-51.28361892700195,1.5352096557617188,0,0,False
-51.28361892700195,1.528578758239746,0,0,False
-51.28361892700195,1.5323398113250732,0,0,False
-51.28361892700195,1.527275562286377,0,0,False
-51.28361892700195,1.5718069076538086,0,0,False
-51.28361892700195,1.5919537544250488,0,0,False
-51.28361892700195,1.5723896026611328,0,0,False
-51.28361892700195,1.5456714630126953,0,0,False
-51.28361892700195,1.557469367980957,0,0,False
-51.28361892700195,1.5514748096466064,0,0,False
-51.28361892700195,1.5513687133789062,0,0,False
-51.28361892700195,1.5476806163787842,0,0,False
-51.28361892700195,1.5364360809326172,0,0,False
-51.28361892700195,1.535989761352539,0,0,False
-51.28361892700195,1.5082454681396484,0,0,False
-51.28361892700195,1.5027050971984863,0,0,False
-51.28361892700195,1.5094873905181885,0,0,False
-51.28361892700195,1.485642433166504,0,0,False
-51.28361892700195,1.5177412033081055,0,0,False
-51.28361892700195,1.5099332332611084,0,0,False
-51.28361892700195,1.5125343799591064,0,0,False
-51.28361892700195,1.5357646942138672,0,0,False
-51.28361892700195,1.5147109031677246,0,0,False
-51.28361892700195,1.510143756866455,0,0,False
-51.28361892700195,1.5235207080841064,0,0,False
-51.28361892700195,1.5331673622131348,0,0,False
-51.28361892700195,1.5361301898956299,0,0,False
-51.28361892700195,1.5425221920013428,0,0,False
-51.28361892700195,1.520890474319458,0,0,False
-51.28361892700195,1.5322463512420654,0,0,False
-51.28361892700195,1.5290896892547607,0,0,False
-51.28361892700195,1.526282787322998,0,0,False
-51.28361892700195,1.5269079208374023,0,0,False
-51.28361892700195,1.5279834270477295,0,0,False
-51.28361892700195,1.5232527256011963,0,0,False
-51.28361892700195,1.5210356712341309,0,0,False
-51.28361892700195,1.5161774158477783,0,0,False
-51.28361892700195,1.5297846794128418,0,0,False
-51.28361892700195,1.50575852394104,0,0,False
-51.28361892700195,1.5117790699005127,0,0,False
-51.28361892700195,1.535384178161621,0,0,False
-51.28361892700195,1.5079963207244873,0,0,False
-51.28361892700195,1.527378797531128,0,0,False
-51.28361892700195,1.5319406986236572,0,0,False
-51.28361892700195,1.5802490711212158,0,0,False
-51.28361892700195,1.6032748222351074,0,0,False
-51.28361892700195,1.538125991821289,0,0,False
-51.28361892700195,1.5376124382019043,0,0,False
-51.28361892700195,1.589172601699829,0,0,False
-51.28361892700195,1.5397779941558838,0,0,False
-51.28361892700195,1.5422213077545166,0,0,False
-51.28361892700195,1.601137638092041,0,0,False
-51.28361892700195,1.5244245529174805,0,0,False
-51.28361892700195,1.5110974311828613,0,0,False
-51.28361892700195,1.546813726425171,0,0,False
-51.28361892700195,1.5047566890716553,0,0,False
-51.28361892700195,1.5147340297698975,0,0,False
-51.28361892700195,1.5524020195007324,0,0,False
-51.28361892700195,1.548464059829712,0,0,False
-51.28361892700195,1.5415120124816895,0,0,False
-51.28361892700195,1.497340440750122,0,0,False
-51.28361892700195,1.494950532913208,0,0,False
-51.28361892700195,1.4984078407287598,0,0,False
-51.28361892700195,1.496342420578003,0,0,False
-51.28361892700195,1.5039632320404053,0,0,False
-51.28361892700195,1.528597354888916,0,0,False
-51.28361892700195,1.5373451709747314,0,0,False
-51.28361892700195,1.5497453212738037,0,0,False
-51.28361892700195,1.5290086269378662,0,0,False
-51.28361892700195,1.529247760772705,0,0,False
-51.28361892700195,1.6080396175384521,0,0,False
-51.28361892700195,1.5591449737548828,0,0,False
-51.28361892700195,1.478778600692749,0,0,False
-51.28361892700195,1.5050346851348877,0,0,False
-51.28361892700195,1.5566396713256836,0,0,False
-51.28361892700195,1.5383689403533936,0,0,False
-51.28361892700195,1.5394341945648193,0,0,False
-51.28361892700195,1.5569689273834229,0,0,False
-51.28361892700195,1.5440456867218018,0,0,False
-51.28361892700195,1.5281379222869873,0,0,False
-51.28361892700195,1.4994776248931885,0,0,False
-51.28361892700195,1.4772417545318604,0,0,False
-51.28361892700195,1.6029517650604248,0,0,False
-51.28361892700195,1.527294635772705,0,0,False
-51.28361892700195,1.5754117965698242,0,0,False
-51.28361892700195,1.588240623474121,0,0,False
-51.28361892700195,1.589911699295044,0,0,False
-51.28361892700195,1.587897777557373,0,0,False
-51.28361892700195,1.594275712966919,0,0,False
-51.28361892700195,1.5621230602264404,0,0,False
-51.28361892700195,1.5549490451812744,0,0,False
-51.28361892700195,1.5422046184539795,0,0,False
-51.28361892700195,1.5935845375061035,0,0,False
-51.28361892700195,1.5238080024719238,0,0,False
-51.28361892700195,1.5173165798187256,0,0,False
-51.28361892700195,1.5598514080047607,0,0,False
-51.28361892700195,1.523514986038208,0,0,False
-51.28361892700195,1.5168347358703613,0,0,False
-51.28361892700195,1.5566489696502686,0,0,False
-51.28361892700195,1.5631964206695557,0,0,False
-51.28361892700195,1.6393547058105469,0,0,False
-51.28361892700195,1.575310230255127,0,0,False
-51.28361892700195,1.5524318218231201,0,0,False
-51.28361892700195,1.5226202011108398,0,0,False
-51.28361892700195,1.551487684249878,0,0,False
-51.28361892700195,1.5356884002685547,0,0,False
-51.28361892700195,1.5429480075836182,0,0,False
-51.28361892700195,1.535782814025879,0,0,False
-51.28361892700195,1.5849740505218506,0,0,False
-51.28361892700195,1.5393080711364746,0,0,False
-51.28361892700195,1.5961039066314697,0,0,False
-51.28361892700195,1.5819096565246582,0,0,False
-51.28361892700195,1.507638931274414,0,0,False
-51.28361892700195,1.5162279605865479,0,0,False
-51.28361892700195,1.6061060428619385,0,0,False
-51.28361892700195,1.6890995502471924,0,0,False
-51.28361892700195,1.5096087455749512,0,0,False
-51.28361892700195,1.5081593990325928,0,0,False
-51.28361892700195,1.5163393020629883,0,0,False
-51.28361892700195,1.4929101467132568,0,0,False
-51.28361892700195,1.52400541305542,0,0,False
-51.28361892700195,1.5940182209014893,0,0,False
-51.28361892700195,1.505967378616333,0,0,False
-51.28361892700195,1.4533655643463135,0,0,False
-51.28361892700195,1.5469262599945068,0,0,False
-51.28361892700195,1.480470895767212,0,0,False
-51.28361892700195,1.5598499774932861,0,0,False
-51.28361892700195,1.5436103343963623,0,0,False
-51.28361892700195,1.5324418544769287,0,0,False
-51.28361892700195,1.53533935546875,0,0,False
-51.28361892700195,1.5423052310943604,0,0,False
-51.28361892700195,1.5362422466278076,0,0,False
-51.28361892700195,1.5567104816436768,0,0,False
-51.28361892700195,1.5496718883514404,0,0,False
-51.28361892700195,1.536600112915039,0,0,False
-51.28361892700195,1.5348773002624512,0,0,False
-51.28361892700195,1.5553011894226074,0,0,False
-51.28361892700195,1.580702304840088,0,0,False
-51.28361892700195,1.522209644317627,0,0,False
-51.28361892700195,1.5148050785064697,0,0,False
-51.28361892700195,1.565687656402588,0,0,False
-51.28361892700195,1.5443856716156006,0,0,False
-51.28361892700195,1.5267622470855713,0,0,False
-51.28361892700195,1.5315113067626953,0,0,False
-51.28361892700195,1.5211622714996338,0,0,False
-51.28361892700195,1.4793121814727783,0,0,False
-51.28361892700195,1.539893388748169,0,0,False
-51.28361892700195,1.554168939590454,0,0,False
-51.28361892700195,1.5324890613555908,0,0,False
-51.28361892700195,1.5688717365264893,0,0,False
-51.28361892700195,1.5836138725280762,0,0,False
-51.28361892700195,1.6027071475982666,0,0,False
-51.28361892700195,1.5955474376678467,0,0,False
-51.28361892700195,1.539527416229248,0,0,False
-51.28361892700195,1.5339691638946533,0,0,False
-51.28361892700195,1.5478808879852295,0,0,False
-51.28361892700195,1.4465951919555664,0,0,False
-51.28361892700195,1.4517979621887207,0,0,False
-51.28361892700195,1.5337882041931152,0,0,False
-51.28361892700195,1.5452795028686523,0,0,False
-51.28361892700195,1.5494463443756104,0,0,False
-51.28361892700195,1.5361649990081787,0,0,False
-51.28361892700195,1.5610897541046143,0,0,False
-51.28361892700195,1.564178705215454,0,0,False
-51.28361892700195,1.5857014656066895,0,0,False
-51.28361892700195,1.5581586360931396,0,0,False
-51.28361892700195,1.5724692344665527,0,0,False
-51.28361892700195,1.553340196609497,0,0,False
-51.28361892700195,1.5748064517974854,0,0,False
-51.28361892700195,1.5330052375793457,0,0,False
-51.28361892700195,1.5861599445343018,0,0,False
-51.28361892700195,1.542572021484375,0,0,False
-51.28361892700195,1.5433003902435303,0,0,False
-51.28361892700195,1.5597686767578125,0,0,False
-51.28361892700195,1.553910493850708,0,0,False
-51.28361892700195,1.5493574142456055,0,0,False
-51.28361892700195,1.5224213600158691,0,0,False
-51.28361892700195,1.5074958801269531,0,0,False
-51.28361892700195,1.5765929222106934,0,0,False
-51.28361892700195,1.5132439136505127,0,0,False
-51.28361892700195,1.4980661869049072,0,0,False
-51.28361892700195,1.506711721420288,0,0,False
-51.28361892700195,1.5466103553771973,0,0,False
-51.28361892700195,1.497328519821167,0,0,False
-51.28361892700195,1.5074315071105957,0,0,False
-51.28361892700195,1.49820876121521,0,0,False
-51.28361892700195,1.497450351715088,0,0,False
-51.28361892700195,1.4727141857147217,0,0,False
-51.28361892700195,1.5714757442474365,0,0,False
-51.28361892700195,1.5186445713043213,0,0,False
-51.28361892700195,1.568023443222046,0,0,False
-51.28361892700195,1.5212302207946777,0,0,False
-51.28361892700195,1.5212688446044922,0,0,False
-51.28361892700195,1.5259764194488525,0,0,False
-51.28361892700195,1.5336835384368896,0,0,False
-51.28361892700195,1.5151712894439697,0,0,False
-51.28361892700195,1.5863382816314697,0,0,False
-51.28361892700195,1.5646610260009766,0,0,False
-51.28361892700195,1.5390007495880127,0,0,False
-51.28361892700195,1.5372326374053955,0,0,False
-51.28361892700195,1.5478527545928955,0,0,False
-51.28361892700195,1.5721709728240967,0,0,False
-51.28361892700195,1.5641636848449707,0,0,False
-51.28361892700195,1.5716638565063477,0,0,False
-51.28361892700195,1.5224051475524902,0,0,False
-51.28361892700195,1.5572807788848877,0,0,False
-51.28361892700195,1.5538246631622314,0,0,False
-51.28361892700195,1.5459346771240234,0,0,False
-51.28361892700195,1.5400197505950928,0,0,False
-51.28361892700195,1.5348119735717773,0,0,False
-51.28361892700195,1.540400505065918,0,0,False
-51.28361892700195,1.5248284339904785,0,0,False
-51.28361892700195,1.4976205825805664,0,0,False
-51.28361892700195,1.500084400177002,0,0,False
-51.28361892700195,1.512876033782959,0,0,False
-51.28361892700195,1.5210223197937012,0,0,False
-51.28361892700195,1.5074639320373535,0,0,False
-51.28361892700195,1.5007383823394775,0,0,False
-51.28361892700195,1.5166594982147217,0,0,False
-51.28361892700195,1.549306869506836,0,0,False
-51.28361892700195,1.54030179977417,0,0,False
-51.28361892700195,1.5147221088409424,0,0,False
-51.28361892700195,1.5089831352233887,0,0,False
-51.28361892700195,1.537393569946289,0,0,False
-51.28361892700195,1.5279347896575928,0,0,False
-51.28361892700195,1.5320014953613281,0,0,False
-51.28361892700195,1.529428482055664,0,0,False
-51.28361892700195,1.524702548980713,0,0,False
-51.28361892700195,1.519925594329834,0,0,False
-51.28361892700195,1.5206711292266846,0,0,False
-51.28361892700195,1.5128388404846191,0,0,False
-51.28361892700195,1.5082979202270508,0,0,False
-51.28361892700195,1.449354648590088,0,0,False
-51.28361892700195,1.504852056503296,0,0,False
-51.28361892700195,1.5156660079956055,0,0,False
-51.28361892700195,1.4957928657531738,0,0,False
-51.28361892700195,1.502701759338379,0,0,False
-51.28361892700195,1.5003232955932617,0,0,False
-51.28361892700195,1.505974292755127,0,0,False
-51.28361892700195,1.5011508464813232,0,0,False
-51.28361892700195,1.5896148681640625,0,0,False
-51.28361892700195,1.555131435394287,0,0,False
-51.28361892700195,1.5162687301635742,0,0,False
-51.28361892700195,1.5186562538146973,0,0,False
-51.28361892700195,1.510249137878418,0,0,False
-51.28361892700195,1.511274814605713,0,0,False
-51.28361892700195,1.4829750061035156,0,0,False
-51.28361892700195,1.5052757263183594,0,0,False
-51.28361892700195,1.5083606243133545,0,0,False
-51.28361892700195,1.5331096649169922,0,0,False
-51.28361892700195,1.5228605270385742,0,0,False
-51.28361892700195,1.5499680042266846,0,0,False
-51.28361892700195,1.6068177223205566,0,0,False
-51.28361892700195,1.5867135524749756,0,0,False
-51.28361892700195,1.5629842281341553,0,0,False
-51.28361892700195,1.517313003540039,0,0,False
-51.28361892700195,1.5404341220855713,0,0,False
-51.28361892700195,1.5661990642547607,0,0,False
-51.28361892700195,1.5643303394317627,0,0,False
-51.28361892700195,1.5963726043701172,0,0,False
-51.28361892700195,1.606849193572998,0,0,False
-51.28361892700195,1.5550909042358398,0,0,False
-51.28361892700195,1.524101734161377,0,0,False
-51.28361892700195,1.554579496383667,0,0,False
-51.28361892700195,1.5168137550354004,0,0,False
-51.28361892700195,1.5202500820159912,0,0,False
-51.28361892700195,1.5312049388885498,0,0,False
-51.28361892700195,1.6169450283050537,0,0,False
-51.28361892700195,1.524219274520874,0,0,False
-51.28361892700195,1.5344693660736084,0,0,False
-51.28361892700195,1.50262451171875,0,0,False
-51.28361892700195,1.4941253662109375,0,0,False
-51.28361892700195,1.5169007778167725,0,0,False
-51.28361892700195,1.465994119644165,0,0,False
-51.28361892700195,1.474945068359375,0,0,False
-51.28361892700195,1.5289456844329834,0,0,False
-51.28361892700195,1.54671311378479,0,0,False
-51.28361892700195,1.4791178703308105,0,0,False
-51.28361892700195,1.5008831024169922,0,0,False
-51.28361892700195,1.518951416015625,0,0,False
-51.28361892700195,1.5080697536468506,0,0,False
-51.28361892700195,1.509101152420044,0,0,False
-51.28361892700195,1.5026638507843018,0,0,False
-51.28361892700195,1.4793422222137451,0,0,False
-51.28361892700195,1.4312431812286377,0,0,False
-51.28361892700195,1.489556074142456,0,0,False
-51.28361892700195,1.531076431274414,0,0,False
-51.28361892700195,1.5290372371673584,0,0,False
-51.28361892700195,1.5163698196411133,0,0,False
-51.28361892700195,1.5324676036834717,0,0,False
-51.28361892700195,1.5116446018218994,0,0,False
-51.28361892700195,1.4968681335449219,0,0,False
-51.28361892700195,1.4788742065429688,0,0,False
-51.28361892700195,1.469252347946167,0,0,False
-51.28361892700195,1.4814574718475342,0,0,False
-51.28361892700195,1.4744951725006104,0,0,False
-51.28361892700195,1.483189344406128,0,0,False
-51.28361892700195,1.495377540588379,0,0,False
-51.28361892700195,1.408280611038208,0,0,False
-51.28361892700195,1.4263949394226074,0,0,False
-51.28361892700195,1.547288417816162,0,0,False
-51.28361892700195,1.5107064247131348,0,0,False
-51.28361892700195,1.530670404434204,0,0,False
-51.28361892700195,1.5444753170013428,0,0,False
-51.28361892700195,1.5358638763427734,0,0,False
-51.28361892700195,1.5481328964233398,0,0,False
-51.28361892700195,1.5043199062347412,0,0,False
-51.28361892700195,1.528536319732666,0,0,False
-51.28361892700195,1.5728816986083984,0,0,False
-51.28361892700195,1.559086799621582,0,0,False
-51.28361892700195,1.5201513767242432,0,0,False
-51.28361892700195,1.52054762840271,0,0,False
-51.28361892700195,1.5147571563720703,0,0,False
-51.28361892700195,1.5175693035125732,0,0,False
-51.28361892700195,1.5110986232757568,0,0,False
-51.28361892700195,1.4675109386444092,0,0,False
-51.28361892700195,1.4708294868469238,0,0,False
-51.28361892700195,1.478064775466919,0,0,False
-51.28361892700195,1.4792258739471436,0,0,False
-51.28361892700195,1.5017073154449463,0,0,False
-51.28361892700195,1.4968249797821045,0,0,False
-51.28361892700195,1.4364063739776611,0,0,False
-51.28361892700195,1.461798906326294,0,0,False
-51.28361892700195,1.543762445449829,0,0,False
-51.28361892700195,1.5323784351348877,0,0,False
-51.28361892700195,1.5348782539367676,0,0,False
-51.28361892700195,1.535050392150879,0,0,False
-51.28361892700195,1.515554666519165,0,0,False
-51.28361892700195,1.5386738777160645,0,0,False
-51.28361892700195,1.5363786220550537,0,0,False
-51.28361892700195,1.5296440124511719,0,0,False
-51.28361892700195,1.4927597045898438,0,0,False
-51.28361892700195,1.4953088760375977,0,0,False
-51.28361892700195,1.5596706867218018,0,0,False
-51.28361892700195,1.5178718566894531,0,0,False
-51.28361892700195,1.5646905899047852,0,0,False
-51.28361892700195,1.5522422790527344,0,0,False
-51.28361892700195,1.4946255683898926,0,0,False
-51.28361892700195,1.5083580017089844,0,0,False
-51.28361892700195,1.4955592155456543,0,0,False
-51.28361892700195,1.5766122341156006,0,0,False
-51.28361892700195,1.5077524185180664,0,0,False
-51.28361892700195,1.518099069595337,0,0,False
-51.28361892700195,1.55033540725708,0,0,False
-51.28361892700195,1.5360560417175293,0,0,False
-51.28361892700195,1.5809054374694824,0,0,False
-51.28361892700195,1.5237629413604736,0,0,False
-51.28361892700195,1.4989254474639893,0,0,False
-51.28361892700195,1.5023677349090576,0,0,False
-51.28361892700195,1.5011909008026123,0,0,False
-51.28361892700195,1.5086884498596191,0,0,False
-51.28361892700195,1.4987249374389648,0,0,False
-51.28361892700195,1.4941356182098389,0,0,False
-51.28361892700195,1.500000238418579,0,0,False
-51.28361892700195,1.520697832107544,0,0,False
-51.28361892700195,1.5064902305603027,0,0,False
-51.28361892700195,1.5490894317626953,0,0,False
-51.28361892700195,1.4998245239257812,0,0,False
-51.28361892700195,1.5148508548736572,0,0,False
-51.28361892700195,1.575089693069458,0,0,False
-51.28361892700195,1.4641258716583252,0,0,False
-51.28361892700195,1.5131304264068604,0,0,False
-51.28361892700195,1.5391926765441895,0,0,False
-51.28361892700195,1.5393683910369873,0,0,False
-51.28361892700195,1.536376953125,0,0,False
-51.28361892700195,1.5368647575378418,0,0,False
-51.28361892700195,1.550851583480835,0,0,False
-51.28361892700195,1.5051112174987793,0,0,False
-51.28361892700195,1.525357723236084,0,0,False
-51.28361892700195,1.4854528903961182,0,0,False
-51.28361892700195,1.4942967891693115,0,0,False
-51.28361892700195,1.5255861282348633,0,0,False
-51.28361892700195,1.491323709487915,0,0,False
-51.28361892700195,1.4603548049926758,0,0,False
-51.28361892700195,1.5281977653503418,0,0,False
-51.28361892700195,1.4907169342041016,0,0,False
-51.28361892700195,1.4955174922943115,0,0,False
-51.28361892700195,1.4958624839782715,0,0,False
-51.28361892700195,1.5220518112182617,0,0,False
-51.28361892700195,1.5237205028533936,0,0,False
-51.28361892700195,1.5799503326416016,0,0,False
-51.28361892700195,1.5636920928955078,0,0,False
-51.28361892700195,1.5314373970031738,0,0,False
-51.28361892700195,1.5100009441375732,0,0,False
-51.28361892700195,1.5164413452148438,0,0,False
-51.28361892700195,1.5093357563018799,0,0,False
-51.28361892700195,1.6029555797576904,0,0,False
-51.28361892700195,1.5402815341949463,0,0,False
-51.28361892700195,1.5312633514404297,0,0,False
-51.28361892700195,1.5237047672271729,0,0,False
-51.28361892700195,1.5365455150604248,0,0,False
-51.28361892700195,1.5064775943756104,0,0,False
-51.28361892700195,1.5283255577087402,0,0,False
-51.28361892700195,1.597219467163086,0,0,False
-51.28361892700195,1.573815107345581,0,0,False
-51.28361892700195,1.543208122253418,0,0,False
-51.28361892700195,1.540675163269043,0,0,False
-51.28361892700195,1.5252699851989746,0,0,False
-51.28361892700195,1.6151416301727295,0,0,False
-51.28361892700195,1.6550867557525635,0,0,False
-51.28361892700195,1.5603649616241455,0,0,False
-51.28361892700195,1.522141695022583,0,0,False
-51.28361892700195,1.5316004753112793,0,0,False
-51.28361892700195,1.5377223491668701,0,0,False
-51.28361892700195,1.5313141345977783,0,0,False
-51.28361892700195,1.4899358749389648,0,0,False
-51.28361892700195,1.5464646816253662,0,0,False
-51.28361892700195,1.5302190780639648,0,0,False
-51.28361892700195,1.5389480590820312,0,0,False
-51.28361892700195,1.5377490520477295,0,0,False
-51.28361892700195,1.5813205242156982,0,0,False
-51.28361892700195,1.5849640369415283,0,0,False
-51.28361892700195,1.5603446960449219,0,0,False
-51.28361892700195,1.5724565982818604,0,0,False
-51.28361892700195,1.564681053161621,0,0,False
-51.28361892700195,1.5812106132507324,0,0,False
-51.28361892700195,1.588460922241211,0,0,False
-51.28361892700195,1.5868914127349854,0,0,False
-51.28361892700195,1.5293259620666504,0,0,False
-51.28361892700195,1.546508550643921,0,0,False
-51.28361892700195,1.5596599578857422,0,0,False
-51.28361892700195,1.5828840732574463,0,0,False
-51.28361892700195,1.562880039215088,0,0,False
-51.28361892700195,1.5249841213226318,0,0,False
-51.28361892700195,1.5523357391357422,0,0,False
-51.28361892700195,1.5512216091156006,0,0,False
-51.28361892700195,1.5166664123535156,0,0,False
-51.28361892700195,1.5134334564208984,0,0,False
-51.28361892700195,1.534757375717163,0,0,False
-51.28361892700195,1.5575082302093506,0,0,False
-51.28361892700195,1.5584521293640137,0,0,False
-51.28361892700195,1.5539021492004395,0,0,False
-51.28361892700195,1.5546557903289795,0,0,False
-51.28361892700195,1.551844835281372,0,0,False
-51.28361892700195,1.5270402431488037,0,0,False
-51.28361892700195,1.5862500667572021,0,0,False
-51.28361892700195,1.6141502857208252,0,0,False
-51.28361892700195,1.6064128875732422,0,0,False
-51.28361892700195,1.496725082397461,0,0,False
-51.28361892700195,1.5140807628631592,0,0,False
-51.28361892700195,1.5005223751068115,0,0,False
-51.28361892700195,1.4967224597930908,0,0,False
-51.28361892700195,1.545793056488037,0,0,False
-51.28361892700195,1.511270523071289,0,0,False
-51.28361892700195,1.5539264678955078,0,0,False
-51.28361892700195,1.5397703647613525,0,0,False
-51.28361892700195,1.5774059295654297,0,0,False
-51.28361892700195,1.5485765933990479,0,0,False
-51.28361892700195,1.5377681255340576,0,0,False
-51.28361892700195,1.52498197555542,0,0,False
-51.28361892700195,1.5926916599273682,0,0,False
-51.28361892700195,1.5716521739959717,0,0,False
-51.28361892700195,1.5459990501403809,0,0,False
-51.28361892700195,1.5785715579986572,0,0,False
-51.28361892700195,1.5244982242584229,0,0,False
-51.28361892700195,1.5128400325775146,0,0,False
-51.28361892700195,1.5463652610778809,0,0,False
-51.28361892700195,1.5757653713226318,0,0,False
-51.28361892700195,1.5602428913116455,0,0,False
-51.28361892700195,1.53251051902771,0,0,False
-51.28361892700195,1.5329983234405518,0,0,False
-51.28361892700195,1.5351464748382568,0,0,False
-51.28361892700195,1.5325686931610107,0,0,False
-51.28361892700195,1.4970500469207764,0,0,False
-51.28361892700195,1.533564567565918,0,0,False
-51.28361892700195,1.5110070705413818,0,0,False
-51.28361892700195,1.5493097305297852,0,0,False
-51.28361892700195,1.5426149368286133,0,0,False
-51.28361892700195,1.5867903232574463,0,0,False
-51.28361892700195,1.556488037109375,0,0,False
-51.28361892700195,1.5236663818359375,0,0,False
-51.28361892700195,1.519571304321289,0,0,False
-51.28361892700195,1.5860505104064941,0,0,False
-51.28361892700195,1.5287208557128906,0,0,False
-51.28361892700195,1.5352916717529297,0,0,False
-51.28361892700195,1.6140551567077637,0,0,False
-51.28361892700195,1.6431198120117188,0,0,False
-51.28361892700195,1.6368191242218018,0,0,False
-51.28361892700195,1.5413877964019775,0,0,False
-51.28361892700195,1.5301191806793213,0,0,False
-51.28361892700195,1.535167932510376,0,0,False
-51.28361892700195,1.557574987411499,0,0,False
-51.28361892700195,1.555999994277954,0,0,False
-51.28361892700195,1.5239520072937012,0,0,False
-51.28361892700195,1.530648946762085,0,0,False
-51.28361892700195,1.5265812873840332,0,0,False
-51.28361892700195,1.5211889743804932,0,0,False
-51.28361892700195,1.5177876949310303,0,0,False
-51.28361892700195,1.5715017318725586,0,0,False
-51.28361892700195,1.5963332653045654,0,0,False
-51.28361892700195,1.507788896560669,0,0,False
-51.28361892700195,1.5169777870178223,0,0,False
-51.28361892700195,1.5090351104736328,0,0,False
-51.28361892700195,1.5116629600524902,0,0,False
-51.28361892700195,1.5035734176635742,0,0,False
-51.28361892700195,1.5680487155914307,0,0,False
-51.28361892700195,1.5539064407348633,0,0,False
-51.28361892700195,1.5327808856964111,0,0,False
-51.28361892700195,1.5088305473327637,0,0,False
-51.28361892700195,1.5084447860717773,0,0,False
-51.28361892700195,1.5406243801116943,0,0,False
--------------
-97.65691375732422,0.7523696422576904,0,0,False
-97.63433837890625,0.7913978099822998,0,0,False
-93.21369171142578,0.8436276912689209,0,0,False
-97.92977142333984,0.9302868843078613,0,0,False
-56.636329650878906,0.9943873882293701,0,0,False
-97.63102722167969,1.051466941833496,0,0,False
-91.87435913085938,1.1235318183898926,0,0,False
-55.3260498046875,1.185124397277832,0,0,False
-97.65618133544922,1.2542405128479004,0,0,False
-19.418949127197266,1.3231616020202637,0,0,False
-54.31696319580078,1.4081816673278809,0,0,False
-91.88053131103516,1.513275146484375,0,0,False
-18.919841766357422,1.555548906326294,0,0,False
-91.66143035888672,1.6176631450653076,0,0,False
-91.84868621826172,1.6982250213623047,0,0,False
-18.972396850585938,1.7818677425384521,0,0,False
-18.80581283569336,1.807483434677124,0,0,False
-54.31000900268555,1.983793020248413,0,0,False
-19.77121353149414,2.050795316696167,0,0,False
-97.51248168945312,2.12748384475708,0,0,False
-97.65691375732422,2.2080724239349365,0,0,False
-91.41860961914062,2.410022497177124,0,0,False
-92.09983825683594,2.5175485610961914,0,0,False
-19.621999740600586,2.5719752311706543,0,0,False
-19.011478424072266,2.679508924484253,0,0,False
-19.0000057220459,2.726076364517212,0,0,False
-19.499055862426758,2.8124771118164062,0,0,False
-19.10709571838379,2.842233180999756,0,0,False
-97.70660400390625,2.933054208755493,0,0,False
-19.037302017211914,3.0072364807128906,0,0,False
-19.500844955444336,3.138690233230591,0,0,False
-97.68840789794922,3.162292957305908,0,0,False
-91.86418151855469,3.1762232780456543,0,0,False
-97.65570831298828,3.2768595218658447,0,0,False
-88.68479919433594,3.336127281188965,0,0,False
-19.332311630249023,3.410712480545044,0,0,False
-55.67085647583008,3.488626003265381,0,0,False
-97.6758041381836,3.5623085498809814,0,0,False
-97.65579223632812,3.66129732131958,0,0,False
-19.48492431640625,3.8051180839538574,0,0,False
-97.75978088378906,3.8412797451019287,0,0,False
-91.85293579101562,3.8149375915527344,0,0,False
-19.038501739501953,3.9753854274749756,0,0,False
-18.155960083007812,3.98053240776062,0,0,False
-19.004871368408203,4.075961351394653,0,0,False
-19.35002326965332,4.4305946826934814,0,0,False
-19.07577133178711,4.561227321624756,0,0,False
-19.30940818786621,4.607613563537598,0,0,False
-18.694786071777344,4.78997015953064,0,0,False
-18.620845794677734,4.929402589797974,0,0,False
-19.71368408203125,4.870293617248535,0,0,False
-19.543781280517578,4.949960947036743,0,0,False
-19.202695846557617,4.98200798034668,0,0,False
-19.389572143554688,5.012565612792969,0,0,False
-19.35716438293457,5.145249605178833,0,0,False
-19.272764205932617,5.47417950630188,0,0,False
-93.22235107421875,5.323443174362183,0,0,False
-54.974266052246094,5.4246814250946045,0,0,False
-97.74577331542969,5.515458583831787,0,0,False
-88.63243103027344,5.51625919342041,0,0,False
-97.70887756347656,5.675662994384766,0,0,False
-97.7190933227539,5.680807828903198,0,0,False
-97.71717071533203,5.792211055755615,0,0,False
-19.369361877441406,5.799729824066162,0,0,False
-19.589792251586914,5.860976696014404,0,0,False
-19.356290817260742,5.90372109413147,0,0,False
-97.89301300048828,5.918198108673096,0,0,False
-91.32807159423828,6.0243470668792725,0,0,False
-97.68378448486328,6.100831985473633,0,0,False
-19.61495018005371,6.109946012496948,0,0,False
-19.27130126953125,6.332716941833496,0,0,False
-19.539438247680664,6.405580520629883,0,0,False
-91.84602355957031,6.384015798568726,0,0,False
-97.94770812988281,6.496923923492432,0,0,False
-97.65618133544922,6.528063535690308,0,0,False
-97.71733093261719,6.629655599594116,0,0,False
-18.9367733001709,6.880597352981567,0,0,False
-19.29125213623047,6.897855997085571,0,0,False
-18.280221939086914,6.9938201904296875,0,0,False
-19.308692932128906,6.932965278625488,0,0,False
-19.130695343017578,7.036813497543335,0,0,False
-18.324962615966797,7.1366002559661865,0,0,False
-19.13337516784668,7.2102696895599365,0,0,False
-18.95595932006836,7.088865280151367,0,0,False
-19.504907608032227,7.389034986495972,0,0,False
-19.126667022705078,7.710863351821899,0,0,False
-91.342041015625,7.4130237102508545,0,0,False
-97.68140411376953,7.4081902503967285,0,0,False
-90.90826416015625,7.585870265960693,0,0,False
-91.96818542480469,7.921719789505005,0,0,False
-97.68378448486328,7.710167646408081,0,0,False
-97.65691375732422,7.720986366271973,0,0,False
-18.13845443725586,7.820832014083862,0,0,False
-19.0210018157959,9.424031496047974,0,0,False
-97.69754791259766,9.12569808959961,0,0,False
-19.19098663330078,9.356327295303345,0,0,False
-97.71733093261719,9.295992374420166,0,0,False
-97.6758041381836,9.500107288360596,0,0,False
-97.67852783203125,9.429642915725708,0,0,False
-97.57706451416016,9.298133611679077,0,0,False
-54.13528823852539,9.673693180084229,0,0,False
-19.129371643066406,9.812800168991089,0,0,False
-18.987668991088867,9.683091402053833,0,0,False
-18.92190170288086,9.814320087432861,0,0,False
-19.134105682373047,9.847325563430786,0,0,False
-19.10902214050293,9.873924732208252,0,0,False
-19.233028411865234,9.975909948348999,0,0,False
-57.10865020751953,10.030741453170776,0,0,False
-18.557178497314453,10.047693729400635,0,0,False
-91.9646987915039,9.899460077285767,0,0,False
-97.92823028564453,10.189740419387817,0,0,False
-54.42680740356445,11.196174621582031,0,0,False
-97.58265686035156,10.527870416641235,0,0,False
-97.89765930175781,10.438527345657349,0,0,False
-18.98250389099121,10.625729322433472,0,0,False
-18.124073028564453,10.697267055511475,0,0,False
-91.34423828125,10.820664644241333,0,0,False
-97.56681823730469,10.754557371139526,0,0,False
-18.673322677612305,11.187056064605713,0,0,False
-19.384687423706055,11.179838180541992,0,0,False
-54.409915924072266,11.51261854171753,0,0,False
-97.86271667480469,11.373059034347534,0,0,False
-97.71519470214844,11.761905908584595,0,0,False
-88.73894500732422,11.617708206176758,0,0,False
-97.69351196289062,11.667588472366333,0,0,False
-97.70471954345703,12.943311214447021,0,0,False
-57.84994125366211,12.404661417007446,0,0,False
-91.87540435791016,11.827699422836304,0,0,False
-97.94770812988281,11.782805681228638,0,0,False
-97.73700714111328,11.646230459213257,0,0,False
-93.22157287597656,12.147610902786255,0,0,False
-91.4814224243164,11.899878740310669,0,0,False
-88.65898895263672,11.955366849899292,0,0,False
-18.161466598510742,11.821845769882202,0,0,False
-97.89720916748047,12.227497100830078,0,0,False
-90.84318542480469,12.337353944778442,0,0,False
-18.494447708129883,12.304542779922485,0,0,False
-91.39900207519531,12.363373756408691,0,0,False
-97.65571594238281,12.798669576644897,0,0,False
-97.68840026855469,12.989323377609253,0,0,False
-88.72511291503906,12.608375549316406,0,0,False
-18.784103393554688,12.542674541473389,0,0,False
-97.69349670410156,13.069332838058472,0,0,False
-18.584156036376953,13.373947620391846,0,0,False
-18.793397903442383,13.028802871704102,0,0,False
-18.754161834716797,12.87774133682251,0,0,False
-18.370634078979492,12.889470100402832,0,0,False
-91.883056640625,13.129794359207153,0,0,False
-19.048952102661133,13.345605611801147,0,0,False
-97.76685333251953,13.170984745025635,0,0,False
-19.226774215698242,13.400678396224976,0,0,False
-18.853734970092773,13.262277603149414,0,0,False
-88.625244140625,13.490190505981445,0,0,False
-97.9257583618164,13.378521919250488,0,0,False
-97.66402435302734,13.744755983352661,0,0,False
-97.71759796142578,13.787139654159546,0,0,False
-18.77092170715332,13.855829238891602,0,0,False
--------------
-97.77789306640625,0.7556705474853516,0,0,False
-98.03702545166016,0.7090036869049072,0,0,False
-97.6624984741211,0.8771770000457764,0,0,False
-97.88056182861328,0.8786084651947021,0,0,False
-97.61756134033203,1.015582799911499,0,0,False
-97.7666244506836,1.0513880252838135,0,0,False
-97.94457244873047,1.062335729598999,0,0,False
-97.6338119506836,1.1789419651031494,0,0,False
-97.9200210571289,1.1830997467041016,0,0,False
-98.0001449584961,1.2977845668792725,0,0,False
-97.8846664428711,1.3937957286834717,0,0,False
-97.73820495605469,1.5085463523864746,0,0,False
-97.8592758178711,1.5445833206176758,0,0,False
-97.7189712524414,1.621206521987915,0,0,False
-97.93938446044922,1.6680865287780762,0,0,False
-97.96237182617188,1.7174503803253174,0,0,False
-97.9452133178711,1.8933157920837402,0,0,False
-97.86646270751953,1.932861566543579,0,0,False
-97.92063903808594,1.9835548400878906,0,0,False
-97.93913269042969,2.0484933853149414,0,0,False
-97.67961883544922,2.190592050552368,0,0,False
-97.9554443359375,2.3052120208740234,0,0,False
-97.84544372558594,2.498098611831665,0,0,False
-97.92532348632812,2.4987971782684326,0,0,False
-97.93301391601562,2.563889980316162,0,0,False
-97.8945083618164,2.6050286293029785,0,0,False
-97.9615478515625,2.7000818252563477,0,0,False
-97.71670532226562,2.8028714656829834,0,0,False
-97.82342529296875,2.8863110542297363,0,0,False
-97.80931854248047,2.862722158432007,0,0,False
-97.86775207519531,2.985396146774292,0,0,False
-97.85311126708984,3.1054606437683105,0,0,False
-97.84159851074219,3.255681276321411,0,0,False
-97.93402099609375,3.2976818084716797,0,0,False
-97.7037353515625,3.4197399616241455,0,0,False
-97.93323516845703,3.3970320224761963,0,0,False
-97.937255859375,3.515737771987915,0,0,False
-97.77315521240234,3.593348741531372,0,0,False
-97.98695373535156,3.655384063720703,0,0,False
-97.9105453491211,3.9915595054626465,0,0,False
-97.98529815673828,3.764063596725464,0,0,False
-97.78605651855469,3.9128572940826416,0,0,False
-97.91570281982422,3.8543498516082764,0,0,False
-97.92424011230469,3.842759609222412,0,0,False
-97.61943054199219,4.1902735233306885,0,0,False
-97.70743560791016,4.511035680770874,0,0,False
-97.750732421875,4.466047048568726,0,0,False
-97.87995147705078,4.470900058746338,0,0,False
-97.76136016845703,4.612673759460449,0,0,False
-97.96929168701172,4.60088324546814,0,0,False
-97.6801528930664,4.74879264831543,0,0,False
-97.87577819824219,4.748210430145264,0,0,False
-97.70594024658203,4.937211751937866,0,0,False
-97.91856384277344,5.1348912715911865,0,0,False
-97.74794006347656,5.528652906417847,0,0,False
-97.89557647705078,5.3489460945129395,0,0,False
-97.82820892333984,5.459711790084839,0,0,False
-97.87815856933594,6.01025652885437,0,0,False
-97.70597839355469,5.586075067520142,0,0,False
-97.80841827392578,5.55216908454895,0,0,False
-97.77556610107422,5.615863084793091,0,0,False
-97.70743560791016,5.679625034332275,0,0,False
-97.68617248535156,5.753146648406982,0,0,False
-97.92667388916016,5.750482082366943,0,0,False
-97.92304992675781,5.932535886764526,0,0,False
-97.72297668457031,5.944685935974121,0,0,False
-97.72237396240234,5.943295001983643,0,0,False
-97.822021484375,5.966583251953125,0,0,False
-97.69611358642578,6.165387868881226,0,0,False
-97.88408660888672,6.083757638931274,0,0,False
-55.24082946777344,6.401914358139038,0,0,False
-55.24082946777344,6.189140796661377,0,0,False
-55.24082946777344,6.066570520401001,0,0,False
-55.24082946777344,6.1771557331085205,0,0,False
-55.24082946777344,6.264942407608032,0,0,False
-55.24082946777344,6.275084733963013,0,0,False
-55.24082946777344,6.1858930587768555,0,0,False
-55.24082946777344,6.157774925231934,0,0,False
-55.24082946777344,6.197396278381348,0,0,False
-55.24082946777344,6.49071741104126,0,0,False
-55.24082946777344,6.553100347518921,0,0,False
-55.24082946777344,6.284863471984863,0,0,False
-55.24082946777344,6.4944493770599365,0,0,False
-55.24082946777344,6.4261579513549805,0,0,False
-55.24082946777344,6.411168336868286,0,0,False
-55.24082946777344,6.721332550048828,0,0,False
-55.24082946777344,6.396304607391357,0,0,False
-55.24082946777344,6.329107999801636,0,0,False
-55.24082946777344,6.297211170196533,0,0,False
-55.24082946777344,6.314831256866455,0,0,False
-55.24082946777344,6.365355491638184,0,0,False
-55.24082946777344,6.31540322303772,0,0,False
-55.24082946777344,6.3436455726623535,0,0,False
-55.24082946777344,6.31397271156311,0,0,False
-55.24082946777344,6.307576894760132,0,0,False
-55.24082946777344,6.279326915740967,0,0,False
-55.24082946777344,6.308008909225464,0,0,False
-55.24082946777344,6.301774740219116,0,0,False
-55.24082946777344,6.382764577865601,0,0,False
-55.24082946777344,6.240795612335205,0,0,False
-55.24082946777344,6.368450403213501,0,0,False
-55.24082946777344,6.379422187805176,0,0,False
-55.24082946777344,6.39520525932312,0,0,False
-55.24082946777344,6.262188673019409,0,0,False
-55.24082946777344,6.271361827850342,0,0,False
-55.24082946777344,6.281682252883911,0,0,False
-55.24082946777344,6.299179553985596,0,0,False
-55.24082946777344,6.383866310119629,0,0,False
-55.24082946777344,6.379647254943848,0,0,False
-55.24082946777344,6.2713096141815186,0,0,False
-55.24082946777344,6.383561134338379,0,0,False
-55.24082946777344,6.46699333190918,0,0,False
-55.24082946777344,6.445296764373779,0,0,False
-55.24082946777344,6.323383331298828,0,0,False
-55.24082946777344,6.7491443157196045,0,0,False
-55.24082946777344,6.342153549194336,0,0,False
-55.24082946777344,6.400500059127808,0,0,False
-55.24082946777344,6.301278352737427,0,0,False
-55.24082946777344,6.362767934799194,0,0,False
-55.24082946777344,6.530721187591553,0,0,False
-55.24082946777344,6.360172510147095,0,0,False
-55.24082946777344,6.262093544006348,0,0,False
-55.24082946777344,6.541145086288452,0,0,False
-55.24082946777344,6.2707695960998535,0,0,False
-55.24082946777344,6.282873153686523,0,0,False
-55.24082946777344,6.3896050453186035,0,0,False
-55.24082946777344,6.208382606506348,0,0,False
-55.24082946777344,6.269836187362671,0,0,False
-55.24082946777344,6.347460985183716,0,0,False
-55.24082946777344,6.322896242141724,0,0,False
-55.24082946777344,6.2696239948272705,0,0,False
-55.24082946777344,6.223376989364624,0,0,False
-55.24082946777344,6.111222743988037,0,0,False
-55.24082946777344,6.172283411026001,0,0,False
-55.24082946777344,6.1366918087005615,0,0,False
-55.24082946777344,6.111300945281982,0,0,False
-55.24082946777344,6.191693305969238,0,0,False
-55.24082946777344,6.091435432434082,0,0,False
-55.24082946777344,6.157118558883667,0,0,False
-55.24082946777344,6.177623987197876,0,0,False
-55.24082946777344,6.235656261444092,0,0,False
-55.24082946777344,6.333184719085693,0,0,False
-55.24082946777344,6.373003959655762,0,0,False
-55.24082946777344,6.448567152023315,0,0,False
-55.24082946777344,6.31673002243042,0,0,False
-55.24082946777344,6.2581706047058105,0,0,False
-55.24082946777344,6.309690237045288,0,0,False
-55.24082946777344,6.470354318618774,0,0,False
-55.24082946777344,6.381298303604126,0,0,False
-55.24082946777344,6.375927925109863,0,0,False
-55.24082946777344,6.354582786560059,0,0,False
-55.24082946777344,6.2044854164123535,0,0,False
-55.24082946777344,6.217619180679321,0,0,False
-55.24082946777344,6.270049095153809,0,0,False
-55.24082946777344,6.275850057601929,0,0,False
-55.24082946777344,6.271909713745117,0,0,False
-55.24082946777344,6.194651365280151,0,0,False
-55.24082946777344,6.265374183654785,0,0,False
-55.24082946777344,6.468096017837524,0,0,False
-55.24082946777344,6.360578536987305,0,0,False
-55.24082946777344,6.255300521850586,0,0,False
-55.24082946777344,6.304138898849487,0,0,False
-55.24082946777344,6.295735597610474,0,0,False
-55.24082946777344,6.309286117553711,0,0,False
-55.24082946777344,6.217831134796143,0,0,False
-55.24082946777344,6.2179648876190186,0,0,False
-55.24082946777344,6.331406831741333,0,0,False
-55.24082946777344,6.2638490200042725,0,0,False
-55.24082946777344,6.2321367263793945,0,0,False
-55.24082946777344,6.427679061889648,0,0,False
-55.24082946777344,6.2823121547698975,0,0,False
-55.24082946777344,6.250716686248779,0,0,False
-55.24082946777344,6.2655370235443115,0,0,False
-55.24082946777344,6.282883167266846,0,0,False
-55.24082946777344,6.404224872589111,0,0,False
-55.24082946777344,6.315235137939453,0,0,False
-55.24082946777344,6.306555986404419,0,0,False
-55.24082946777344,6.386096000671387,0,0,False
-55.24082946777344,6.344454765319824,0,0,False
-55.24082946777344,6.344176769256592,0,0,False
-55.24082946777344,6.282630443572998,0,0,False
-55.24082946777344,6.257750988006592,0,0,False
-55.24082946777344,6.472718238830566,0,0,False
-55.24082946777344,6.400860071182251,0,0,False
-55.24082946777344,6.389529705047607,0,0,False
-55.24082946777344,6.232805967330933,0,0,False
-55.24082946777344,6.320459365844727,0,0,False
-55.24082946777344,6.412630081176758,0,0,False
-55.24082946777344,6.509489297866821,0,0,False
-55.24082946777344,6.235584020614624,0,0,False
-55.24082946777344,6.17538046836853,0,0,False
-55.24082946777344,6.310881853103638,0,0,False
-55.24082946777344,6.202841281890869,0,0,False
-55.24082946777344,6.204552173614502,0,0,False
-55.24082946777344,6.353463649749756,0,0,False
-55.24082946777344,6.426259756088257,0,0,False
-55.24082946777344,6.352217197418213,0,0,False
-55.24082946777344,6.277009010314941,0,0,False
-55.24082946777344,6.459418773651123,0,0,False
-55.24082946777344,6.426923751831055,0,0,False
-55.24082946777344,6.253149509429932,0,0,False
-55.24082946777344,6.239882946014404,0,0,False
-55.24082946777344,6.336580276489258,0,0,False
-55.24082946777344,6.267416715621948,0,0,False
-55.24082946777344,6.361062526702881,0,0,False
-55.24082946777344,6.594109773635864,0,0,False
-55.24082946777344,6.362303972244263,0,0,False
-55.24082946777344,6.545403957366943,0,0,False
-55.24082946777344,6.22249436378479,0,0,False
-55.24082946777344,6.152374505996704,0,0,False
-55.24082946777344,6.109342098236084,0,0,False
-55.24082946777344,6.131198406219482,0,0,False
-55.24082946777344,6.155890941619873,0,0,False
--------------
-97.82195281982422,0.7378509044647217,0,0,False
-97.77059173583984,0.7001543045043945,0,0,False
-97.68737030029297,0.8453629016876221,0,0,False
-97.79421997070312,0.9427402019500732,0,0,False
-97.56775665283203,0.958806037902832,0,0,False
-97.56544494628906,0.9854683876037598,0,0,False
-19.162803649902344,1.0616223812103271,0,0,False
-97.8404312133789,1.1132311820983887,0,0,False
-18.77923583984375,1.1993160247802734,0,0,False
-18.56390953063965,1.2378191947937012,0,0,False
-97.884765625,1.3384249210357666,0,0,False
-20.120664596557617,1.4372279644012451,0,0,False
-18.97056770324707,1.5475993156433105,0,0,False
-91.48853302001953,1.5070555210113525,0,0,False
-92.29488372802734,1.6273071765899658,0,0,False
-18.781494140625,1.6166596412658691,0,0,False
-97.78912353515625,1.6561856269836426,0,0,False
-97.52511596679688,1.7554218769073486,0,0,False
-18.97383689880371,2.047484874725342,0,0,False
-97.51026916503906,2.021968126296997,0,0,False
-97.60907745361328,2.0918354988098145,0,0,False
-91.85047912597656,2.311457395553589,0,0,False
-18.982803344726562,2.41163969039917,0,0,False
-97.87980651855469,2.430123805999756,0,0,False
-97.89323425292969,2.58605694770813,0,0,False
-90.5824966430664,2.619413137435913,0,0,False
-19.635478973388672,2.704824924468994,0,0,False
-88.51615905761719,2.7599613666534424,0,0,False
-97.61019897460938,2.831998348236084,0,0,False
-91.54663848876953,2.8400399684906006,0,0,False
-19.24335479736328,2.9314374923706055,0,0,False
-90.99014282226562,3.0392985343933105,0,0,False
-19.23676300048828,3.1554317474365234,0,0,False
-18.06772804260254,3.3053817749023438,0,0,False
-88.41912841796875,3.303624153137207,0,0,False
-18.404762268066406,3.3519585132598877,0,0,False
-97.80296325683594,3.3990261554718018,0,0,False
-97.78912353515625,3.4174537658691406,0,0,False
-92.23616027832031,3.6969614028930664,0,0,False
-91.62989807128906,3.6713311672210693,0,0,False
-92.97342681884766,3.7362494468688965,0,0,False
-51.57878494262695,3.773808479309082,0,0,False
-52.3031005859375,3.874699354171753,0,0,False
-19.494325637817383,3.898480176925659,0,0,False
-97.55838775634766,3.9748852252960205,0,0,False
-18.9538516998291,4.3676393032073975,0,0,False
-97.59365844726562,4.503129720687866,0,0,False
-90.6677474975586,4.468343734741211,0,0,False
-97.90332794189453,4.767112731933594,0,0,False
-19.84918975830078,4.635472536087036,0,0,False
-19.351221084594727,4.743171453475952,0,0,False
-97.45439910888672,4.805218458175659,0,0,False
-91.59939575195312,4.972836494445801,0,0,False
-18.83893394470215,4.8901262283325195,0,0,False
-97.83293914794922,5.0305235385894775,0,0,False
-19.237451553344727,5.103762149810791,0,0,False
-97.79566192626953,5.17491340637207,0,0,False
-19.45751953125,5.286505222320557,0,0,False
-18.269428253173828,5.380432605743408,0,0,False
-97.57976531982422,5.449382305145264,0,0,False
-97.6966323852539,5.527714967727661,0,0,False
-19.589641571044922,5.489682674407959,0,0,False
-19.40367317199707,5.672989368438721,0,0,False
-97.4579849243164,5.794750452041626,0,0,False
-97.5463638305664,5.817036867141724,0,0,False
-18.37787437438965,5.798003435134888,0,0,False
-19.24745750427246,5.964430570602417,0,0,False
-97.89390563964844,5.960881233215332,0,0,False
-18.568323135375977,6.004610061645508,0,0,False
-18.24468994140625,6.0707292556762695,0,0,False
-19.411666870117188,6.287383556365967,0,0,False
-97.51152038574219,6.266093015670776,0,0,False
-19.426647186279297,6.305762052536011,0,0,False
-90.54171752929688,6.614958763122559,0,0,False
-91.87716674804688,6.652892589569092,0,0,False
-97.31240844726562,6.609670162200928,0,0,False
-53.357208251953125,6.761185169219971,0,0,False
-97.87005615234375,6.699606895446777,0,0,False
-92.26724243164062,6.767523527145386,0,0,False
-19.723419189453125,7.213628053665161,0,0,False
-97.56809997558594,6.965339183807373,0,0,False
-97.52967834472656,7.0831403732299805,0,0,False
-97.62406158447266,7.240382432937622,0,0,False
-97.83293914794922,7.222360372543335,0,0,False
-97.79166412353516,7.224184036254883,0,0,False
-18.804052352905273,7.509439945220947,0,0,False
-18.954099655151367,7.43143892288208,0,0,False
-18.519123077392578,7.533711910247803,0,0,False
-92.25444793701172,7.520247936248779,0,0,False
-91.83148193359375,7.65622615814209,0,0,False
-19.545560836791992,7.727738857269287,0,0,False
-91.548828125,7.780131816864014,0,0,False
-91.86475372314453,7.833575248718262,0,0,False
-50.90425109863281,8.79570460319519,0,0,False
-97.45045471191406,9.185662031173706,0,0,False
-97.43122100830078,9.19381332397461,0,0,False
-91.85272216796875,9.246686935424805,0,0,False
-52.93938064575195,9.48701786994934,0,0,False
-97.51152038574219,9.483965396881104,0,0,False
-90.60599517822266,9.381759405136108,0,0,False
-97.86682891845703,10.520666360855103,0,0,False
-97.51067352294922,9.643079042434692,0,0,False
-97.5387191772461,9.927396059036255,0,0,False
-97.82316589355469,9.871925830841064,0,0,False
-19.476966857910156,10.062633752822876,0,0,False
-88.50608825683594,9.787920236587524,0,0,False
-92.2437515258789,10.075202703475952,0,0,False
-18.849193572998047,10.06652545928955,0,0,False
-18.341533660888672,10.163211345672607,0,0,False
-97.6446304321289,10.240494728088379,0,0,False
-97.53004455566406,10.336218357086182,0,0,False
-51.441307067871094,10.879806756973267,0,0,False
-19.757823944091797,10.916545391082764,0,0,False
-97.51153564453125,11.051011562347412,0,0,False
-97.69664764404297,10.779743194580078,0,0,False
-97.60045623779297,10.86869478225708,0,0,False
-97.51152038574219,10.731990814208984,0,0,False
-19.017539978027344,10.641616106033325,0,0,False
-19.56524658203125,10.990356683731079,0,0,False
-97.79714965820312,10.93217396736145,0,0,False
-97.79166412353516,11.103433609008789,0,0,False
-18.678791046142578,11.101732730865479,0,0,False
-19.354829788208008,11.583271503448486,0,0,False
-18.86878204345703,11.481848955154419,0,0,False
-97.87005615234375,11.787608623504639,0,0,False
-97.4912109375,11.482223510742188,0,0,False
-19.717201232910156,11.914690017700195,0,0,False
-97.5348129272461,12.01909589767456,0,0,False
-97.58978271484375,12.028136014938354,0,0,False
-97.5770492553711,11.945667266845703,0,0,False
-51.617156982421875,12.192304611206055,0,0,False
-50.733741760253906,11.935276985168457,0,0,False
-18.51913833618164,12.134268760681152,0,0,False
-18.66358757019043,12.065797567367554,0,0,False
-19.23671531677246,12.33774447441101,0,0,False
-97.51224517822266,12.315718412399292,0,0,False
-97.64566040039062,12.200899839401245,0,0,False
-18.766613006591797,12.165002346038818,0,0,False
-97.79714965820312,12.350343942642212,0,0,False
-19.7724609375,12.512858867645264,0,0,False
-97.66758728027344,12.79658055305481,0,0,False
-19.446796417236328,12.740904569625854,0,0,False
-91.86114501953125,12.914443731307983,0,0,False
-51.946659088134766,13.173813581466675,0,0,False
-19.013084411621094,13.163402318954468,0,0,False
-97.87980651855469,13.32190203666687,0,0,False
-93.01947021484375,13.12801456451416,0,0,False
-18.474742889404297,13.335610151290894,0,0,False
-97.45091247558594,13.437124729156494,0,0,False
-18.81387710571289,13.541325092315674,0,0,False
-19.482500076293945,13.778657674789429,0,0,False
-18.537519454956055,13.696745872497559,0,0,False
-18.313032150268555,13.882774353027344,0,0,False
-19.590511322021484,13.906534671783447,0,0,False
-18.90574073791504,13.889831066131592,0,0,False
-97.62486267089844,14.045017957687378,0,0,False
-19.414173126220703,14.074169158935547,0,0,False
-18.990249633789062,13.870575666427612,0,0,False
--------------
